#
# A fatal error has been detected by the Java Runtime Environment:
#
#  SIGBUS (0x7) at pc=0x00007fec35505f5d, pid=13629, tid=140651428443904
#
# JRE version: OpenJDK Runtime Environment (7.0_75-b13) (build 1.7.0_75-b13)
# Java VM: OpenJDK 64-Bit Server VM (24.75-b04 mixed mode linux-amd64 compressed oops)
# Derivative: IcedTea 2.5.4
# Distribution: Ubuntu 14.04 LTS, package 7u75-2.5.4-1~trusty1
# Problematic frame:
# C  [libzip.so+0x4f5d]
#
# Failed to write core dump. Core dumps have been disabled. To enable core dumping, try "ulimit -c unlimited" before starting Java again
#
# If you would like to submit a bug report, please include
# instructions on how to reproduce the bug and visit:
#   http://icedtea.classpath.org/bugzilla
# The crash happened outside the Java Virtual Machine in native code.
# See problematic frame for where to report the bug.
#

---------------  T H R E A D  ---------------

Current thread (0x00007febcc00c000):  JavaThread "Thread-11" [_thread_in_native, id=16501, stack(0x00007febf65df000,0x00007febf66e0000)]

siginfo:si_signo=SIGBUS: si_errno=0, si_code=2 (BUS_ADRERR), si_addr=0x00007fec258b7fcb

Registers:
RAX=0x00007febc0003630, RBX=0x00007fec301c1fe0, RCX=0x00007febc0000020, RDX=0x00007febc0003630
RSP=0x00007febf66dc8d0, RBP=0x00007febf66dc930, RSI=0x0000000000000000, RDI=0x0000000000000000
R8 =0x0000000000000003, R9 =0x0000000000000005, R10=0x00007fec2d07b5f8, R11=0x00000000ed99cf01
R12=0x00007fec301e5e48, R13=0x00007fec258b7fae, R14=0x00007febc0003630, R15=0x000000009ac6435b
RIP=0x00007fec35505f5d, EFLAGS=0x0000000000010202, CSGSFS=0x0000000000000033, ERR=0x0000000000000004
  TRAPNO=0x000000000000000e

Top of Stack: (sp=0x00007febf66dc8d0)
0x00007febf66dc8d0:   00007fec37733e3d 00007fec35504958
0x00007febf66dc8e0:   0000000100000000 00000000301cccc0
0x00007febf66dc8f0:   696c63652f67726f 00007fec3753d7cc
0x00007febf66dc900:   00007febf66dc9a0 00007fec301e5e40
0x00007febf66dc910:   00007fec301c1fe0 00007febf66dc9a0
0x00007febf66dc920:   00007febcc007e80 000000009ac6435b
0x00007febf66dc930:   00007febf66dc980 00007fec35506d0d
0x00007febf66dc940:   0000003000000010 0000002bf66dd030
0x00007febf66dc950:   00007febf66dcf50 00007febf66dc9a0
0x00007febf66dc960:   00007febf66dcdf8 00007febf66dc9a0
0x00007febf66dc970:   000000000000002b 00007febcc00c1d8
0x00007febf66dc980:   00007febf66dcde0 00007fec35504958
0x00007febf66dc990:   0000000100000000 00007fec301c1fe0
0x00007febf66dc9a0:   696c63652f67726f 7474656a2f657370
0x00007febf66dc9b0:   462f6c6974752f79 6c61436572757475
0x00007febf66dc9c0:   6c632e6b6361626c 00007feb00737361
0x00007febf66dc9d0:   00007febf66dcb00 0000000000000000
0x00007febf66dc9e0:   0000000000000000 00007feb00000000
0x00007febf66dc9f0:   0000000000000000 0000000000000000
0x00007febf66dca00:   0000000000000000 0000000000000000
0x00007febf66dca10:   0000003000000000 00007feb00000000
0x00007febf66dca20:   00007feb00000025 0000000000000000
0x00007febf66dca30:   0000000000000000 0000000000000000
0x00007febf66dca40:   0000000000000000 0000000000000004
0x00007febf66dca50:   ffffffffffffffff 0000000000000025
0x00007febf66dca60:   0020000000000000 0000000000000000
0x00007febf66dca70:   ffffffffffffffff 00007fec3773a409
0x00007febf66dca80:   0000000000000000 0000000000000025
0x00007febf66dca90:   00007fec3773a40b 00007fec377270c0
0x00007febf66dcaa0:   0000000000000000 0000000000000020
0x00007febf66dcab0:   00007fec37727000 00007febcc00c000
0x00007febf66dcac0:   0000000000000000 0000000000000000 

Instructions: (pc=0x00007fec35505f5d)
0x00007fec35505f3d:   73 48 48 8b 7b 10 b9 a0 00 00 00 49 8b 14 24 e8
0x00007fec35505f4d:   8f fe ff ff 49 89 c5 4d 85 ed 0f 84 d3 04 00 00
0x00007fec35505f5d:   41 0f b6 55 1d 41 0f b6 45 1c 45 31 e4 41 0f b6
0x00007fec35505f6d:   75 0d 41 0f b6 7d 0e 45 0f b6 7d 1f c1 e2 08 09 

Register to memory mapping:

RAX=0x00007febc0003630 is an unknown value
RBX=0x00007fec301c1fe0 is an unknown value
RCX=0x00007febc0000020 is an unknown value
RDX=0x00007febc0003630 is an unknown value
RSP=0x00007febf66dc8d0 is pointing into the stack for thread: 0x00007febcc00c000
RBP=0x00007febf66dc930 is pointing into the stack for thread: 0x00007febcc00c000
RSI=0x0000000000000000 is an unknown value
RDI=0x0000000000000000 is an unknown value
R8 =0x0000000000000003 is an unknown value
R9 =0x0000000000000005 is an unknown value
R10=0x00007fec2d07b5f8 is at entry_point+88 in (nmethod*)0x00007fec2d07b410
R11=0x00000000ed99cf01 is an unknown value
R12=0x00007fec301e5e48 is an unknown value
R13=0x00007fec258b7fae is an unknown value
R14=0x00007febc0003630 is an unknown value
R15=0x000000009ac6435b is an unknown value


Stack: [0x00007febf65df000,0x00007febf66e0000],  sp=0x00007febf66dc8d0,  free space=1014k
Native frames: (J=compiled Java code, j=interpreted, Vv=VM code, C=native code)
C  [libzip.so+0x4f5d]
C  [libzip.so+0x5d0d]  ZIP_GetEntry+0xcd
C  [libzip.so+0x3958]  Java_java_util_zip_ZipFile_getEntry+0xa8
J 42  java.util.zip.ZipFile.getEntry(J[BZ)J (0 bytes) @ 0x00007fec2d07b66e [0x00007fec2d07b5a0+0xce]

Java frames: (J=compiled Java code, j=interpreted, Vv=VM code)
J 42  java.util.zip.ZipFile.getEntry(J[BZ)J (0 bytes) @ 0x00007fec2d07b5f8 [0x00007fec2d07b5a0+0x58]
J 45 C2 sun.misc.URLClassPath.getResource(Ljava/lang/String;Z)Lsun/misc/Resource; (74 bytes) @ 0x00007fec2d086d88 [0x00007fec2d086c40+0x148]
j  java.net.URLClassLoader$1.run()Ljava/lang/Class;+26
j  java.net.URLClassLoader$1.run()Ljava/lang/Object;+1
v  ~StubRoutines::call_stub
j  java.security.AccessController.doPrivileged(Ljava/security/PrivilegedExceptionAction;Ljava/security/AccessControlContext;)Ljava/lang/Object;+0
j  java.net.URLClassLoader.findClass(Ljava/lang/String;)Ljava/lang/Class;+13
j  java.lang.ClassLoader.loadClass(Ljava/lang/String;Z)Ljava/lang/Class;+70
j  sun.misc.Launcher$AppClassLoader.loadClass(Ljava/lang/String;Z)Ljava/lang/Class;+36
j  java.lang.ClassLoader.loadClass(Ljava/lang/String;)Ljava/lang/Class;+3
v  ~StubRoutines::call_stub
j  org.eclipse.jetty.server.AbstractConnector.shutdown()Ljava/util/concurrent/Future;+0
j  org.eclipse.jetty.server.AbstractNetworkConnector.shutdown()Ljava/util/concurrent/Future;+5
j  org.eclipse.jetty.server.ServerConnector.shutdown()Ljava/util/concurrent/Future;+1
j  org.eclipse.jetty.server.Server.doStop()V+60
j  org.eclipse.jetty.util.component.AbstractLifeCycle.stop()V+30
j  org.eclipse.jetty.util.thread.ShutdownThread.run()V+41
v  ~StubRoutines::call_stub

---------------  P R O C E S S  ---------------

Java Threads: ( => current thread )
=>0x00007febcc00c000 JavaThread "Thread-11" [_thread_in_native, id=16501, stack(0x00007febf65df000,0x00007febf66e0000)]
  0x00007fec0c001000 JavaThread "SIGINT handler" daemon [_thread_blocked, id=16497, stack(0x00007febf73ed000,0x00007febf74ee000)]
  0x00007febac001000 JavaThread "dw-84" [_thread_blocked, id=10438, stack(0x00007febf69e3000,0x00007febf6ae4000)]
  0x00007febcc00a800 JavaThread "dw-admin-83" [_thread_blocked, id=9578, stack(0x00007febf6ae4000,0x00007febf6be5000)]
  0x00007febac003000 JavaThread "dw-82" [_thread_blocked, id=3541, stack(0x00007febf74ee000,0x00007febf75ef000)]
  0x00007febb4002800 JavaThread "dw-80" [_thread_blocked, id=25257, stack(0x00007febf67e1000,0x00007febf68e2000)]
  0x00007febb0005800 JavaThread "dw-76" [_thread_blocked, id=1106, stack(0x00007febf66e0000,0x00007febf67e1000)]
  0x00007febd0021800 JavaThread "dw-71" [_thread_blocked, id=14446, stack(0x00007febf68e2000,0x00007febf69e3000)]
  0x00007febec003800 JavaThread "Scheduler-176987760" [_thread_blocked, id=14022, stack(0x00007febf6ce6000,0x00007febf6de7000)]
  0x00007febb4001000 JavaThread "dw-admin-27-acceptor-1@4f4ef0ab-admin@793903f1{HTTP/1.1}{0.0.0.0:8081}" [_thread_blocked, id=14019, stack(0x00007febf6de7000,0x00007febf6ee8000)]
  0x00007febc0001000 JavaThread "dw-admin-26-acceptor-0@4cbf7db8-admin@793903f1{HTTP/1.1}{0.0.0.0:8081}" [_thread_in_native, id=14018, stack(0x00007febf6ee8000,0x00007febf6fe9000)]
  0x00007febbc001000 JavaThread "dw-admin-25-selector-ServerConnectorManager@6a1a9aee/3" [_thread_in_native, id=14017, stack(0x00007febf6fe9000,0x00007febf70ea000)]
  0x00007fec3000a000 JavaThread "DestroyJavaVM" [_thread_blocked, id=13640, stack(0x00007fec388c0000,0x00007fec389c1000)]
  0x00007febc8001000 JavaThread "dw-admin-23-selector-ServerConnectorManager@6a1a9aee/2" [_thread_in_native, id=14016, stack(0x00007febf70ea000,0x00007febf71eb000)]
  0x00007febc4001000 JavaThread "dw-admin-22-selector-ServerConnectorManager@6a1a9aee/1" [_thread_in_native, id=14015, stack(0x00007febf71eb000,0x00007febf72ec000)]
  0x00007fec30686000 JavaThread "dw-admin-21-selector-ServerConnectorManager@6a1a9aee/0" [_thread_in_native, id=14006, stack(0x00007febf72ec000,0x00007febf73ed000)]
  0x00007fec30674800 JavaThread "dw-16" [_thread_blocked, id=13998, stack(0x00007febf75ef000,0x00007febf76f0000)]
  0x00007fec30672800 JavaThread "dw-15" [_thread_blocked, id=13997, stack(0x00007febf76f0000,0x00007febf77f1000)]
  0x00007fec30671000 JavaThread "dw-14-selector-ServerConnectorManager@3da1a366/2" [_thread_in_native, id=13996, stack(0x00007febf77f1000,0x00007febf78f2000)]
  0x00007fec3066f800 JavaThread "dw-13-selector-ServerConnectorManager@3da1a366/3" [_thread_in_native, id=13995, stack(0x00007febf78f2000,0x00007febf79f3000)]
  0x00007fec3066e000 JavaThread "dw-12-selector-ServerConnectorManager@3da1a366/1" [_thread_in_native, id=13994, stack(0x00007febf79f3000,0x00007febf7af4000)]
  0x00007fec3066d000 JavaThread "dw-11-selector-ServerConnectorManager@3da1a366/0" [_thread_in_native, id=13993, stack(0x00007febf7af4000,0x00007febf7bf5000)]
  0x00007fec30666800 JavaThread "AsyncAppender-Worker-Thread-2" daemon [_thread_blocked, id=13990, stack(0x00007febf7bf5000,0x00007febf7cf6000)]
  0x00007fec305cb800 JavaThread "AsyncAppender-Worker-Thread-1" daemon [_thread_blocked, id=13956, stack(0x00007febf7cf6000,0x00007febf7df7000)]
  0x00007fec30176800 JavaThread "Service Thread" daemon [_thread_blocked, id=13666, stack(0x00007fec25a2c000,0x00007fec25b2d000)]
  0x00007fec30174000 JavaThread "C2 CompilerThread1" daemon [_thread_blocked, id=13665, stack(0x00007fec25b2d000,0x00007fec25c2e000)]
  0x00007fec30171000 JavaThread "C2 CompilerThread0" daemon [_thread_blocked, id=13664, stack(0x00007fec25c2e000,0x00007fec25d2f000)]
  0x00007fec3016f000 JavaThread "Signal Dispatcher" daemon [_thread_blocked, id=13663, stack(0x00007fec25d2f000,0x00007fec25e30000)]
  0x00007fec30143000 JavaThread "Finalizer" daemon [_thread_blocked, id=13650, stack(0x00007fec2c5f6000,0x00007fec2c6f7000)]
  0x00007fec30141000 JavaThread "Reference Handler" daemon [_thread_blocked, id=13649, stack(0x00007fec2c6f7000,0x00007fec2c7f8000)]

Other Threads:
  0x00007fec3013c800 VMThread [stack: 0x00007fec2c7f8000,0x00007fec2c8f9000] [id=13648]
  0x00007fec30181000 WatcherThread [stack: 0x00007fec2592b000,0x00007fec25a2c000] [id=13667]

VM state:not at safepoint (normal execution)

VM Mutex/Monitor currently owned by a thread: None

Heap
 PSYoungGen      total 18944K, used 11595K [0x00000000ece80000, 0x00000000ef080000, 0x0000000100000000)
  eden space 18432K, 61% used [0x00000000ece80000,0x00000000ed9a2db0,0x00000000ee080000)
  from space 512K, 37% used [0x00000000ef000000,0x00000000ef030000,0x00000000ef080000)
  to   space 512K, 0% used [0x00000000eef80000,0x00000000eef80000,0x00000000ef000000)
 ParOldGen       total 38912K, used 36503K [0x00000000c6c00000, 0x00000000c9200000, 0x00000000ece80000)
  object space 38912K, 93% used [0x00000000c6c00000,0x00000000c8fa5cc8,0x00000000c9200000)
 PSPermGen       total 26112K, used 26111K [0x00000000bc600000, 0x00000000bdf80000, 0x00000000c6c00000)
  object space 26112K, 99% used [0x00000000bc600000,0x00000000bdf7fc50,0x00000000bdf80000)

Card table byte_map: [0x00007fec352e3000,0x00007fec35501000] byte_map_base: 0x00007fec34d00000

Polling page: 0x00007fec389de000

Code Cache  [0x00007fec2d000000, 0x00007fec2d480000, 0x00007fec30000000)
 total_blobs=2065 nmethods=1700 adapters=317 free_code_cache=44631Kb largest_free_block=45629952

Compilation events (10 events):
Event: 459,271 Thread 0x00007fec30174000 1742 % !         java.util.concurrent.ScheduledThreadPoolExecutor$DelayedWorkQueue::take @ 9 (201 bytes)
Event: 459,283 Thread 0x00007fec30174000 nmethod 1742% 0x00007fec2d473550 code [0x00007fec2d473720, 0x00007fec2d473c00]
Event: 470,900 Thread 0x00007fec30171000 1743             java.lang.ThreadLocal::setInitialValue (36 bytes)
Event: 470,915 Thread 0x00007fec30171000 nmethod 1743 0x00007fec2d4728d0 code [0x00007fec2d472a80, 0x00007fec2d472f18]
Event: 515,672 Thread 0x00007fec30174000 1744             java.util.ArrayList::grow (45 bytes)
Event: 515,676 Thread 0x00007fec30174000 nmethod 1744 0x00007fec2d472390 code [0x00007fec2d4724e0, 0x00007fec2d472728]
Event: 626,358 Thread 0x00007fec30171000 1745   !         org.eclipse.jetty.util.IteratingCallback::processing (391 bytes)
Event: 626,387 Thread 0x00007fec30171000 nmethod 1745 0x00007fec2d4743d0 code [0x00007fec2d474660, 0x00007fec2d475050]
Event: 1247,617 Thread 0x00007fec30174000 1746             com.codahale.metrics.LongAdder::sumThenReset (66 bytes)
Event: 1247,619 Thread 0x00007fec30174000 nmethod 1746 0x00007fec2d472090 code [0x00007fec2d4721e0, 0x00007fec2d4722b8]

GC Heap History (10 events):
Event: 1521,263 GC heap before
{Heap before GC invocations=196 (full 0):
 PSYoungGen      total 18944K, used 18592K [0x00000000ece80000, 0x00000000ef080000, 0x0000000100000000)
  eden space 18432K, 100% used [0x00000000ece80000,0x00000000ee080000,0x00000000ee080000)
  from space 512K, 31% used [0x00000000eef80000,0x00000000eefa8000,0x00000000ef000000)
  to   space 512K, 0% used [0x00000000ef000000,0x00000000ef000000,0x00000000ef080000)
 ParOldGen       total 38912K, used 36231K [0x00000000c6c00000, 0x00000000c9200000, 0x00000000ece80000)
  object space 38912K, 93% used [0x00000000c6c00000,0x00000000c8f61cc8,0x00000000c9200000)
 PSPermGen       total 26112K, used 26107K [0x00000000bc600000, 0x00000000bdf80000, 0x00000000c6c00000)
  object space 26112K, 99% used [0x00000000bc600000,0x00000000bdf7efd0,0x00000000bdf80000)
Event: 1521,265 GC heap after
Heap after GC invocations=196 (full 0):
 PSYoungGen      total 18944K, used 160K [0x00000000ece80000, 0x00000000ef080000, 0x0000000100000000)
  eden space 18432K, 0% used [0x00000000ece80000,0x00000000ece80000,0x00000000ee080000)
  from space 512K, 31% used [0x00000000ef000000,0x00000000ef028000,0x00000000ef080000)
  to   space 512K, 0% used [0x00000000eef80000,0x00000000eef80000,0x00000000ef000000)
 ParOldGen       total 38912K, used 36279K [0x00000000c6c00000, 0x00000000c9200000, 0x00000000ece80000)
  object space 38912K, 93% used [0x00000000c6c00000,0x00000000c8f6dcc8,0x00000000c9200000)
 PSPermGen       total 26112K, used 26107K [0x00000000bc600000, 0x00000000bdf80000, 0x00000000c6c00000)
  object space 26112K, 99% used [0x00000000bc600000,0x00000000bdf7efd0,0x00000000bdf80000)
}
Event: 1526,268 GC heap before
{Heap before GC invocations=197 (full 0):
 PSYoungGen      total 18944K, used 18592K [0x00000000ece80000, 0x00000000ef080000, 0x0000000100000000)
  eden space 18432K, 100% used [0x00000000ece80000,0x00000000ee080000,0x00000000ee080000)
  from space 512K, 31% used [0x00000000ef000000,0x00000000ef028000,0x00000000ef080000)
  to   space 512K, 0% used [0x00000000eef80000,0x00000000eef80000,0x00000000ef000000)
 ParOldGen       total 38912K, used 36279K [0x00000000c6c00000, 0x00000000c9200000, 0x00000000ece80000)
  object space 38912K, 93% used [0x00000000c6c00000,0x00000000c8f6dcc8,0x00000000c9200000)
 PSPermGen       total 26112K, used 26107K [0x00000000bc600000, 0x00000000bdf80000, 0x00000000c6c00000)
  object space 26112K, 99% used [0x00000000bc600000,0x00000000bdf7efd0,0x00000000bdf80000)
Event: 1526,279 GC heap after
Heap after GC invocations=197 (full 0):
 PSYoungGen      total 18944K, used 192K [0x00000000ece80000, 0x00000000ef080000, 0x0000000100000000)
  eden space 18432K, 0% used [0x00000000ece80000,0x00000000ece80000,0x00000000ee080000)
  from space 512K, 37% used [0x00000000eef80000,0x00000000eefb0000,0x00000000ef000000)
  to   space 512K, 0% used [0x00000000ef000000,0x00000000ef000000,0x00000000ef080000)
 ParOldGen       total 38912K, used 36327K [0x00000000c6c00000, 0x00000000c9200000, 0x00000000ece80000)
  object space 38912K, 93% used [0x00000000c6c00000,0x00000000c8f79cc8,0x00000000c9200000)
 PSPermGen       total 26112K, used 26107K [0x00000000bc600000, 0x00000000bdf80000, 0x00000000c6c00000)
  object space 26112K, 99% used [0x00000000bc600000,0x00000000bdf7efd0,0x00000000bdf80000)
}
Event: 1531,222 GC heap before
{Heap before GC invocations=198 (full 0):
 PSYoungGen      total 18944K, used 18624K [0x00000000ece80000, 0x00000000ef080000, 0x0000000100000000)
  eden space 18432K, 100% used [0x00000000ece80000,0x00000000ee080000,0x00000000ee080000)
  from space 512K, 37% used [0x00000000eef80000,0x00000000eefb0000,0x00000000ef000000)
  to   space 512K, 0% used [0x00000000ef000000,0x00000000ef000000,0x00000000ef080000)
 ParOldGen       total 38912K, used 36327K [0x00000000c6c00000, 0x00000000c9200000, 0x00000000ece80000)
  object space 38912K, 93% used [0x00000000c6c00000,0x00000000c8f79cc8,0x00000000c9200000)
 PSPermGen       total 26112K, used 26107K [0x00000000bc600000, 0x00000000bdf80000, 0x00000000c6c00000)
  object space 26112K, 99% used [0x00000000bc600000,0x00000000bdf7efd0,0x00000000bdf80000)
Event: 1531,227 GC heap after
Heap after GC invocations=198 (full 0):
 PSYoungGen      total 18944K, used 160K [0x00000000ece80000, 0x00000000ef080000, 0x0000000100000000)
  eden space 18432K, 0% used [0x00000000ece80000,0x00000000ece80000,0x00000000ee080000)
  from space 512K, 31% used [0x00000000ef000000,0x00000000ef028000,0x00000000ef080000)
  to   space 512K, 0% used [0x00000000eef80000,0x00000000eef80000,0x00000000ef000000)
 ParOldGen       total 38912K, used 36375K [0x00000000c6c00000, 0x00000000c9200000, 0x00000000ece80000)
  object space 38912K, 93% used [0x00000000c6c00000,0x00000000c8f85cc8,0x00000000c9200000)
 PSPermGen       total 26112K, used 26107K [0x00000000bc600000, 0x00000000bdf80000, 0x00000000c6c00000)
  object space 26112K, 99% used [0x00000000bc600000,0x00000000bdf7efd0,0x00000000bdf80000)
}
Event: 1536,038 GC heap before
{Heap before GC invocations=199 (full 0):
 PSYoungGen      total 18944K, used 18592K [0x00000000ece80000, 0x00000000ef080000, 0x0000000100000000)
  eden space 18432K, 100% used [0x00000000ece80000,0x00000000ee080000,0x00000000ee080000)
  from space 512K, 31% used [0x00000000ef000000,0x00000000ef028000,0x00000000ef080000)
  to   space 512K, 0% used [0x00000000eef80000,0x00000000eef80000,0x00000000ef000000)
 ParOldGen       total 38912K, used 36375K [0x00000000c6c00000, 0x00000000c9200000, 0x00000000ece80000)
  object space 38912K, 93% used [0x00000000c6c00000,0x00000000c8f85cc8,0x00000000c9200000)
 PSPermGen       total 26112K, used 26107K [0x00000000bc600000, 0x00000000bdf80000, 0x00000000c6c00000)
  object space 26112K, 99% used [0x00000000bc600000,0x00000000bdf7efd0,0x00000000bdf80000)
Event: 1536,041 GC heap after
Heap after GC invocations=199 (full 0):
 PSYoungGen      total 18944K, used 192K [0x00000000ece80000, 0x00000000ef080000, 0x0000000100000000)
  eden space 18432K, 0% used [0x00000000ece80000,0x00000000ece80000,0x00000000ee080000)
  from space 512K, 37% used [0x00000000eef80000,0x00000000eefb0000,0x00000000ef000000)
  to   space 512K, 0% used [0x00000000ef000000,0x00000000ef000000,0x00000000ef080000)
 ParOldGen       total 38912K, used 36447K [0x00000000c6c00000, 0x00000000c9200000, 0x00000000ece80000)
  object space 38912K, 93% used [0x00000000c6c00000,0x00000000c8f97cc8,0x00000000c9200000)
 PSPermGen       total 26112K, used 26107K [0x00000000bc600000, 0x00000000bdf80000, 0x00000000c6c00000)
  object space 26112K, 99% used [0x00000000bc600000,0x00000000bdf7efd0,0x00000000bdf80000)
}
Event: 1541,009 GC heap before
{Heap before GC invocations=200 (full 0):
 PSYoungGen      total 18944K, used 18624K [0x00000000ece80000, 0x00000000ef080000, 0x0000000100000000)
  eden space 18432K, 100% used [0x00000000ece80000,0x00000000ee080000,0x00000000ee080000)
  from space 512K, 37% used [0x00000000eef80000,0x00000000eefb0000,0x00000000ef000000)
  to   space 512K, 0% used [0x00000000ef000000,0x00000000ef000000,0x00000000ef080000)
 ParOldGen       total 38912K, used 36447K [0x00000000c6c00000, 0x00000000c9200000, 0x00000000ece80000)
  object space 38912K, 93% used [0x00000000c6c00000,0x00000000c8f97cc8,0x00000000c9200000)
 PSPermGen       total 26112K, used 26107K [0x00000000bc600000, 0x00000000bdf80000, 0x00000000c6c00000)
  object space 26112K, 99% used [0x00000000bc600000,0x00000000bdf7efd0,0x00000000bdf80000)
Event: 1541,013 GC heap after
Heap after GC invocations=200 (full 0):
 PSYoungGen      total 18944K, used 192K [0x00000000ece80000, 0x00000000ef080000, 0x0000000100000000)
  eden space 18432K, 0% used [0x00000000ece80000,0x00000000ece80000,0x00000000ee080000)
  from space 512K, 37% used [0x00000000ef000000,0x00000000ef030000,0x00000000ef080000)
  to   space 512K, 0% used [0x00000000eef80000,0x00000000eef80000,0x00000000ef000000)
 ParOldGen       total 38912K, used 36503K [0x00000000c6c00000, 0x00000000c9200000, 0x00000000ece80000)
  object space 38912K, 93% used [0x00000000c6c00000,0x00000000c8fa5cc8,0x00000000c9200000)
 PSPermGen       total 26112K, used 26107K [0x00000000bc600000, 0x00000000bdf80000, 0x00000000c6c00000)
  object space 26112K, 99% used [0x00000000bc600000,0x00000000bdf7efd0,0x00000000bdf80000)
}

Deoptimization events (10 events):
Event: 1543,996 Thread 0x00007febcc00b000 Uncommon trap: reason=class_check action=maybe_recompile pc=0x00007fec2d168e90 method=java.util.Arrays.copyOf([Ljava/lang/Object;ILjava/lang/Class;)[Ljava/lang/Object; @ 25
Event: 1543,996 Thread 0x00007febcc00c000 Uncommon trap: reason=class_check action=maybe_recompile pc=0x00007fec2d1d4390 method=java.nio.channels.spi.AbstractSelectableChannel.implCloseChannel()V @ 1
Event: 1543,996 Thread 0x00007fec30672800 Uncommon trap: reason=unloaded action=reinterpret pc=0x00007fec2d33b2b0 method=java.nio.channels.spi.AbstractInterruptibleChannel.end(Z)V @ 41
Event: 1543,997 Thread 0x00007fec30674800 Uncommon trap: reason=unloaded action=reinterpret pc=0x00007fec2d33c12c method=sun.nio.ch.ServerSocketChannelImpl.accept()Ljava/nio/channels/SocketChannel; @ 14
Event: 1543,997 Thread 0x00007fec30672800 Uncommon trap: reason=unreached action=reinterpret pc=0x00007fec2d3a815c method=org.eclipse.jetty.server.ServerConnector.isOpen()Z @ 6
Event: 1543,997 Thread 0x00007fec30674800 Uncommon trap: reason=unreached action=reinterpret pc=0x00007fec2d37e744 method=org.eclipse.jetty.server.ServerConnector.isOpen()Z @ 6
Event: 1543,997 Thread 0x00007fec30674800 Uncommon trap: reason=unreached action=reinterpret pc=0x00007fec2d4495e8 method=org.eclipse.jetty.server.ServerConnector.isOpen()Z @ 6
Event: 1543,997 Thread 0x00007fec30672800 Uncommon trap: reason=unreached action=reinterpret pc=0x00007fec2d4495e8 method=org.eclipse.jetty.server.ServerConnector.isOpen()Z @ 6
Event: 1543,997 Thread 0x00007fec30674800 Uncommon trap: reason=bimorphic action=maybe_recompile pc=0x00007fec2d114078 method=java.util.concurrent.locks.AbstractQueuedSynchronizer.releaseShared(I)Z @ 2
Event: 1543,997 Thread 0x00007fec30672800 Uncommon trap: reason=bimorphic action=maybe_recompile pc=0x00007fec2d114078 method=java.util.concurrent.locks.AbstractQueuedSynchronizer.releaseShared(I)Z @ 2

Internal exceptions (10 events):
Event: 284,188 Thread 0x00007febac003000 Threw 0x00000000f0336fd0 at /build/buildd/openjdk-7-7u75-2.5.4/build/openjdk/hotspot/src/share/vm/prims/jvm.cpp:1284
Event: 290,593 Thread 0x00007febac003000 Threw 0x00000000f1ac5660 at /build/buildd/openjdk-7-7u75-2.5.4/build/openjdk/hotspot/src/share/vm/prims/jvm.cpp:1284
Event: 301,666 Thread 0x00007febb0001000 Threw 0x00000000eeae2d70 at /build/buildd/openjdk-7-7u75-2.5.4/build/openjdk/hotspot/src/share/vm/prims/jvm.cpp:1284
Event: 302,614 Thread 0x00007febac017800 Implicit null exception at 0x00007fec2d306ef7 to 0x00007fec2d306f9d
Event: 304,203 Thread 0x00007febd0021800 Threw 0x00000000ef4e3fc0 at /build/buildd/openjdk-7-7u75-2.5.4/build/openjdk/hotspot/src/share/vm/prims/jvm.cpp:1284
Event: 1543,997 Thread 0x00007fec30672800 Implicit null exception at 0x00007fec2d3a812c to 0x00007fec2d3a8151
Event: 1543,997 Thread 0x00007fec30674800 Implicit null exception at 0x00007fec2d37e723 to 0x00007fec2d37e734
Event: 1543,997 Thread 0x00007fec30674800 Implicit null exception at 0x00007fec2d449228 to 0x00007fec2d4495c9
Event: 1543,997 Thread 0x00007fec30672800 Implicit null exception at 0x00007fec2d449228 to 0x00007fec2d4495c9
Event: 1543,998 Thread 0x00007febcc00c000 Threw 0x00000000ed99cbc0 at /build/buildd/openjdk-7-7u75-2.5.4/build/openjdk/hotspot/src/share/vm/prims/jvm.cpp:1284

Events (10 events):
Event: 1543,997 Thread 0x00007fec30672800 DEOPT UNPACKING pc=0x00007fec2d039445 sp=0x00007febf77ef778 mode 2
Event: 1543,997 Thread 0x00007fec30674800 Uncommon trap: trap_request=0xffffffc6 fr.pc=0x00007fec2d114078
Event: 1543,997 Thread 0x00007fec30672800 Uncommon trap: trap_request=0xffffffc6 fr.pc=0x00007fec2d114078
Event: 1543,997 Thread 0x00007fec30674800 DEOPT PACKING pc=0x00007fec2d114078 sp=0x00007febf76ee750
Event: 1543,997 Thread 0x00007fec30672800 DEOPT PACKING pc=0x00007fec2d114078 sp=0x00007febf77ef750
Event: 1543,997 Thread 0x00007fec30672800 DEOPT UNPACKING pc=0x00007fec2d039445 sp=0x00007febf77ef750 mode 2
Event: 1543,997 Thread 0x00007fec30674800 DEOPT UNPACKING pc=0x00007fec2d039445 sp=0x00007febf76ee750 mode 2
Event: 1543,997 Thread 0x00007febcc00b000 Thread exited: 0x00007febcc00b000
Event: 1543,997 loading class 0x00007fec305d3f20
Event: 1543,997 loading class 0x00007fec305d3f20 done


Dynamic libraries:
00400000-00401000 r-xp 00000000 08:06 527011                             /usr/lib/jvm/java-7-openjdk-amd64/jre/bin/java
00600000-00601000 r--p 00000000 08:06 527011                             /usr/lib/jvm/java-7-openjdk-amd64/jre/bin/java
00601000-00602000 rw-p 00001000 08:06 527011                             /usr/lib/jvm/java-7-openjdk-amd64/jre/bin/java
00b3c000-00b7e000 rw-p 00000000 00:00 0                                  [heap]
bc600000-bdf80000 rw-p 00000000 00:00 0 
bdf80000-c6c00000 rw-p 00000000 00:00 0 
c6c00000-c9200000 rw-p 00000000 00:00 0 
c9200000-ece80000 rw-p 00000000 00:00 0 
ece80000-ef080000 rw-p 00000000 00:00 0 
ef080000-f5d80000 ---p 00000000 00:00 0 
f5d80000-100000000 rw-p 00000000 00:00 0 
7febac000000-7febac026000 rw-p 00000000 00:00 0 
7febac026000-7febb0000000 ---p 00000000 00:00 0 
7febb0000000-7febb0244000 rw-p 00000000 00:00 0 
7febb0244000-7febb4000000 ---p 00000000 00:00 0 
7febb4000000-7febb4021000 rw-p 00000000 00:00 0 
7febb4021000-7febb8000000 ---p 00000000 00:00 0 
7febb8000000-7febb8021000 rw-p 00000000 00:00 0 
7febb8021000-7febbc000000 ---p 00000000 00:00 0 
7febbc000000-7febbc021000 rw-p 00000000 00:00 0 
7febbc021000-7febc0000000 ---p 00000000 00:00 0 
7febc0000000-7febc0021000 rw-p 00000000 00:00 0 
7febc0021000-7febc4000000 ---p 00000000 00:00 0 
7febc4000000-7febc4021000 rw-p 00000000 00:00 0 
7febc4021000-7febc8000000 ---p 00000000 00:00 0 
7febc8000000-7febc8021000 rw-p 00000000 00:00 0 
7febc8021000-7febcc000000 ---p 00000000 00:00 0 
7febcc000000-7febcc021000 rw-p 00000000 00:00 0 
7febcc021000-7febd0000000 ---p 00000000 00:00 0 
7febd0000000-7febd002d000 rw-p 00000000 00:00 0 
7febd002d000-7febd4000000 ---p 00000000 00:00 0 
7febd4000000-7febd4021000 rw-p 00000000 00:00 0 
7febd4021000-7febd8000000 ---p 00000000 00:00 0 
7febd8000000-7febd8021000 rw-p 00000000 00:00 0 
7febd8021000-7febdc000000 ---p 00000000 00:00 0 
7febdc000000-7febdc021000 rw-p 00000000 00:00 0 
7febdc021000-7febe0000000 ---p 00000000 00:00 0 
7febe0000000-7febe0021000 rw-p 00000000 00:00 0 
7febe0021000-7febe4000000 ---p 00000000 00:00 0 
7febe4000000-7febe4021000 rw-p 00000000 00:00 0 
7febe4021000-7febe8000000 ---p 00000000 00:00 0 
7febe8000000-7febe8021000 rw-p 00000000 00:00 0 
7febe8021000-7febec000000 ---p 00000000 00:00 0 
7febec000000-7febec021000 rw-p 00000000 00:00 0 
7febec021000-7febf0000000 ---p 00000000 00:00 0 
7febf0000000-7febf0021000 rw-p 00000000 00:00 0 
7febf0021000-7febf4000000 ---p 00000000 00:00 0 
7febf65df000-7febf65e2000 ---p 00000000 00:00 0 
7febf65e2000-7febf66e0000 rw-p 00000000 00:00 0                          [stack:16501]
7febf66e0000-7febf66e3000 ---p 00000000 00:00 0 
7febf66e3000-7febf67e1000 rw-p 00000000 00:00 0                          [stack:1106]
7febf67e1000-7febf67e4000 ---p 00000000 00:00 0 
7febf67e4000-7febf68e2000 rw-p 00000000 00:00 0                          [stack:25257]
7febf68e2000-7febf68e5000 ---p 00000000 00:00 0 
7febf68e5000-7febf69e3000 rw-p 00000000 00:00 0                          [stack:14446]
7febf69e3000-7febf69e6000 ---p 00000000 00:00 0 
7febf69e6000-7febf6ae4000 rw-p 00000000 00:00 0                          [stack:10438]
7febf6ae4000-7febf6ae7000 ---p 00000000 00:00 0 
7febf6ae7000-7febf6be5000 rw-p 00000000 00:00 0                          [stack:9578]
7febf6be5000-7febf6be8000 ---p 00000000 00:00 0 
7febf6be8000-7febf6ce6000 rw-p 00000000 00:00 0 
7febf6ce6000-7febf6ce9000 ---p 00000000 00:00 0 
7febf6ce9000-7febf6de7000 rw-p 00000000 00:00 0                          [stack:14022]
7febf6de7000-7febf6dea000 ---p 00000000 00:00 0 
7febf6dea000-7febf6ee8000 rw-p 00000000 00:00 0                          [stack:14019]
7febf6ee8000-7febf6eeb000 ---p 00000000 00:00 0 
7febf6eeb000-7febf6fe9000 rw-p 00000000 00:00 0                          [stack:14018]
7febf6fe9000-7febf6fec000 ---p 00000000 00:00 0 
7febf6fec000-7febf70ea000 rw-p 00000000 00:00 0                          [stack:14017]
7febf70ea000-7febf70ed000 ---p 00000000 00:00 0 
7febf70ed000-7febf71eb000 rw-p 00000000 00:00 0                          [stack:14016]
7febf71eb000-7febf71ee000 ---p 00000000 00:00 0 
7febf71ee000-7febf72ec000 rw-p 00000000 00:00 0                          [stack:14015]
7febf72ec000-7febf72ef000 ---p 00000000 00:00 0 
7febf72ef000-7febf73ed000 rw-p 00000000 00:00 0                          [stack:14006]
7febf73ed000-7febf73f0000 ---p 00000000 00:00 0 
7febf73f0000-7febf74ee000 rw-p 00000000 00:00 0                          [stack:16497]
7febf74ee000-7febf74f1000 ---p 00000000 00:00 0 
7febf74f1000-7febf75ef000 rw-p 00000000 00:00 0                          [stack:3541]
7febf75ef000-7febf75f2000 ---p 00000000 00:00 0 
7febf75f2000-7febf76f0000 rw-p 00000000 00:00 0                          [stack:13998]
7febf76f0000-7febf76f3000 ---p 00000000 00:00 0 
7febf76f3000-7febf77f1000 rw-p 00000000 00:00 0                          [stack:13997]
7febf77f1000-7febf77f4000 ---p 00000000 00:00 0 
7febf77f4000-7febf78f2000 rw-p 00000000 00:00 0                          [stack:13996]
7febf78f2000-7febf78f5000 ---p 00000000 00:00 0 
7febf78f5000-7febf79f3000 rw-p 00000000 00:00 0                          [stack:13995]
7febf79f3000-7febf79f6000 ---p 00000000 00:00 0 
7febf79f6000-7febf7af4000 rw-p 00000000 00:00 0                          [stack:13994]
7febf7af4000-7febf7af7000 ---p 00000000 00:00 0 
7febf7af7000-7febf7bf5000 rw-p 00000000 00:00 0                          [stack:13993]
7febf7bf5000-7febf7bf8000 ---p 00000000 00:00 0 
7febf7bf8000-7febf7cf6000 rw-p 00000000 00:00 0                          [stack:13990]
7febf7cf6000-7febf7cf9000 ---p 00000000 00:00 0 
7febf7cf9000-7febf7df7000 rw-p 00000000 00:00 0                          [stack:13956]
7febf7df7000-7febf7dff000 r-xp 00000000 08:06 133027                     /usr/lib/jvm/java-7-openjdk-amd64/jre/lib/amd64/libmanagement.so
7febf7dff000-7febf7ffe000 ---p 00008000 08:06 133027                     /usr/lib/jvm/java-7-openjdk-amd64/jre/lib/amd64/libmanagement.so
7febf7ffe000-7febf7fff000 r--p 00007000 08:06 133027                     /usr/lib/jvm/java-7-openjdk-amd64/jre/lib/amd64/libmanagement.so
7febf7fff000-7febf8000000 rw-p 00008000 08:06 133027                     /usr/lib/jvm/java-7-openjdk-amd64/jre/lib/amd64/libmanagement.so
7febf8000000-7febf8021000 rw-p 00000000 00:00 0 
7febf8021000-7febfc000000 ---p 00000000 00:00 0 
7febfc000000-7febfc021000 rw-p 00000000 00:00 0 
7febfc021000-7fec00000000 ---p 00000000 00:00 0 
7fec00000000-7fec00d15000 rw-p 00000000 00:00 0 
7fec00d15000-7fec04000000 ---p 00000000 00:00 0 
7fec04000000-7fec04f4b000 rw-p 00000000 00:00 0 
7fec04f4b000-7fec08000000 ---p 00000000 00:00 0 
7fec08000000-7fec08021000 rw-p 00000000 00:00 0 
7fec08021000-7fec0c000000 ---p 00000000 00:00 0 
7fec0c000000-7fec0c021000 rw-p 00000000 00:00 0 
7fec0c021000-7fec10000000 ---p 00000000 00:00 0 
7fec10000000-7fec10031000 rw-p 00000000 00:00 0 
7fec10031000-7fec14000000 ---p 00000000 00:00 0 
7fec14000000-7fec14021000 rw-p 00000000 00:00 0 
7fec14021000-7fec18000000 ---p 00000000 00:00 0 
7fec18000000-7fec18021000 rw-p 00000000 00:00 0 
7fec18021000-7fec1c000000 ---p 00000000 00:00 0 
7fec1c000000-7fec1c021000 rw-p 00000000 00:00 0 
7fec1c021000-7fec20000000 ---p 00000000 00:00 0 
7fec20000000-7fec20022000 rw-p 00000000 00:00 0 
7fec20022000-7fec24000000 ---p 00000000 00:00 0 
7fec240a5000-7fec240b5000 r-xp 00000000 08:06 133019                     /usr/lib/jvm/java-7-openjdk-amd64/jre/lib/amd64/libnio.so
7fec240b5000-7fec242b5000 ---p 00010000 08:06 133019                     /usr/lib/jvm/java-7-openjdk-amd64/jre/lib/amd64/libnio.so
7fec242b5000-7fec242b6000 r--p 00010000 08:06 133019                     /usr/lib/jvm/java-7-openjdk-amd64/jre/lib/amd64/libnio.so
7fec242b6000-7fec242b7000 rw-p 00011000 08:06 133019                     /usr/lib/jvm/java-7-openjdk-amd64/jre/lib/amd64/libnio.so
7fec242b7000-7fec242f4000 r-xp 00000000 08:06 2359864                    /lib/x86_64-linux-gnu/libpcre.so.3.13.1
7fec242f4000-7fec244f3000 ---p 0003d000 08:06 2359864                    /lib/x86_64-linux-gnu/libpcre.so.3.13.1
7fec244f3000-7fec244f4000 r--p 0003c000 08:06 2359864                    /lib/x86_64-linux-gnu/libpcre.so.3.13.1
7fec244f4000-7fec244f5000 rw-p 0003d000 08:06 2359864                    /lib/x86_64-linux-gnu/libpcre.so.3.13.1
7fec244f5000-7fec244fc000 r-xp 00000000 08:06 2890503                    /usr/lib/x86_64-linux-gnu/libffi.so.6.0.1
7fec244fc000-7fec246fb000 ---p 00007000 08:06 2890503                    /usr/lib/x86_64-linux-gnu/libffi.so.6.0.1
7fec246fb000-7fec246fc000 r--p 00006000 08:06 2890503                    /usr/lib/x86_64-linux-gnu/libffi.so.6.0.1
7fec246fc000-7fec246fd000 rw-p 00007000 08:06 2890503                    /usr/lib/x86_64-linux-gnu/libffi.so.6.0.1
7fec246fd000-7fec24714000 r-xp 00000000 08:06 2360105                    /lib/x86_64-linux-gnu/libresolv-2.19.so
7fec24714000-7fec24914000 ---p 00017000 08:06 2360105                    /lib/x86_64-linux-gnu/libresolv-2.19.so
7fec24914000-7fec24915000 r--p 00017000 08:06 2360105                    /lib/x86_64-linux-gnu/libresolv-2.19.so
7fec24915000-7fec24916000 rw-p 00018000 08:06 2360105                    /lib/x86_64-linux-gnu/libresolv-2.19.so
7fec24916000-7fec24918000 rw-p 00000000 00:00 0 
7fec24918000-7fec24938000 r-xp 00000000 08:06 2359872                    /lib/x86_64-linux-gnu/libselinux.so.1
7fec24938000-7fec24b37000 ---p 00020000 08:06 2359872                    /lib/x86_64-linux-gnu/libselinux.so.1
7fec24b37000-7fec24b38000 r--p 0001f000 08:06 2359872                    /lib/x86_64-linux-gnu/libselinux.so.1
7fec24b38000-7fec24b39000 rw-p 00020000 08:06 2359872                    /lib/x86_64-linux-gnu/libselinux.so.1
7fec24b39000-7fec24b3b000 rw-p 00000000 00:00 0 
7fec24b3b000-7fec24b3e000 r-xp 00000000 08:06 2883852                    /usr/lib/x86_64-linux-gnu/libgmodule-2.0.so.0.4200.2
7fec24b3e000-7fec24d3d000 ---p 00003000 08:06 2883852                    /usr/lib/x86_64-linux-gnu/libgmodule-2.0.so.0.4200.2
7fec24d3d000-7fec24d3e000 r--p 00002000 08:06 2883852                    /usr/lib/x86_64-linux-gnu/libgmodule-2.0.so.0.4200.2
7fec24d3e000-7fec24d3f000 rw-p 00003000 08:06 2883852                    /usr/lib/x86_64-linux-gnu/libgmodule-2.0.so.0.4200.2
7fec24d3f000-7fec24e49000 r-xp 00000000 08:06 2359678                    /lib/x86_64-linux-gnu/libglib-2.0.so.0.4200.2
7fec24e49000-7fec25048000 ---p 0010a000 08:06 2359678                    /lib/x86_64-linux-gnu/libglib-2.0.so.0.4200.2
7fec25048000-7fec25049000 r--p 00109000 08:06 2359678                    /lib/x86_64-linux-gnu/libglib-2.0.so.0.4200.2
7fec25049000-7fec2504a000 rw-p 0010a000 08:06 2359678                    /lib/x86_64-linux-gnu/libglib-2.0.so.0.4200.2
7fec2504a000-7fec2504b000 rw-p 00000000 00:00 0 
7fec2504b000-7fec2509a000 r-xp 00000000 08:06 2883851                    /usr/lib/x86_64-linux-gnu/libgobject-2.0.so.0.4200.2
7fec2509a000-7fec2529a000 ---p 0004f000 08:06 2883851                    /usr/lib/x86_64-linux-gnu/libgobject-2.0.so.0.4200.2
7fec2529a000-7fec2529b000 r--p 0004f000 08:06 2883851                    /usr/lib/x86_64-linux-gnu/libgobject-2.0.so.0.4200.2
7fec2529b000-7fec2529c000 rw-p 00050000 08:06 2883851                    /usr/lib/x86_64-linux-gnu/libgobject-2.0.so.0.4200.2
7fec2529c000-7fec25408000 r-xp 00000000 08:06 2883844                    /usr/lib/x86_64-linux-gnu/libgio-2.0.so.0.4200.2
7fec25408000-7fec25608000 ---p 0016c000 08:06 2883844                    /usr/lib/x86_64-linux-gnu/libgio-2.0.so.0.4200.2
7fec25608000-7fec2560c000 r--p 0016c000 08:06 2883844                    /usr/lib/x86_64-linux-gnu/libgio-2.0.so.0.4200.2
7fec2560c000-7fec2560e000 rw-p 00170000 08:06 2883844                    /usr/lib/x86_64-linux-gnu/libgio-2.0.so.0.4200.2
7fec2560e000-7fec25610000 rw-p 00000000 00:00 0 
7fec25610000-7fec25627000 r-xp 00000000 08:06 133023                     /usr/lib/jvm/java-7-openjdk-amd64/jre/lib/amd64/libnet.so
7fec25627000-7fec25826000 ---p 00017000 08:06 133023                     /usr/lib/jvm/java-7-openjdk-amd64/jre/lib/amd64/libnet.so
7fec25826000-7fec25827000 r--p 00016000 08:06 133023                     /usr/lib/jvm/java-7-openjdk-amd64/jre/lib/amd64/libnet.so
7fec25827000-7fec25828000 rw-p 00017000 08:06 133023                     /usr/lib/jvm/java-7-openjdk-amd64/jre/lib/amd64/libnet.so
7fec25828000-7fec2592b000 r--s 00c1e000 08:06 2249987                    /home/metskem/workspace/dropwizardtest/target/original-dropwizardtest-1.0-SNAPSHOT.jar
7fec2592b000-7fec2592c000 ---p 00000000 00:00 0 
7fec2592c000-7fec25a2c000 rw-p 00000000 00:00 0                          [stack:13667]
7fec25a2c000-7fec25a2f000 ---p 00000000 00:00 0 
7fec25a2f000-7fec25b2d000 rw-p 00000000 00:00 0                          [stack:13666]
7fec25b2d000-7fec25b30000 ---p 00000000 00:00 0 
7fec25b30000-7fec25c2e000 rw-p 00000000 00:00 0                          [stack:13665]
7fec25c2e000-7fec25c31000 ---p 00000000 00:00 0 
7fec25c31000-7fec25d2f000 rw-p 00000000 00:00 0                          [stack:13664]
7fec25d2f000-7fec25d32000 ---p 00000000 00:00 0 
7fec25d32000-7fec28000000 rw-p 00000000 00:00 0                          [stack:13663]
7fec28000000-7fec28021000 rw-p 00000000 00:00 0 
7fec28021000-7fec2c000000 ---p 00000000 00:00 0 
7fec2c0b7000-7fec2c5f6000 r--p 00000000 08:06 2777167                    /usr/lib/locale/locale-archive
7fec2c5f6000-7fec2c5f9000 ---p 00000000 00:00 0 
7fec2c5f9000-7fec2c6f7000 rw-p 00000000 00:00 0                          [stack:13650]
7fec2c6f7000-7fec2c6fa000 ---p 00000000 00:00 0 
7fec2c6fa000-7fec2c7f8000 rw-p 00000000 00:00 0                          [stack:13649]
7fec2c7f8000-7fec2c7f9000 ---p 00000000 00:00 0 
7fec2c7f9000-7fec2d000000 rw-p 00000000 00:00 0                          [stack:13648]
7fec2d000000-7fec2d480000 rwxp 00000000 00:00 0 
7fec2d480000-7fec3083f000 rw-p 00000000 00:00 0 
7fec3083f000-7fec34000000 ---p 00000000 00:00 0 
7fec34060000-7fec34069000 r--s 000b9000 08:06 3160838                    /usr/lib/jvm/java-7-openjdk-amd64/jre/lib/resources.jar
7fec34069000-7fec348ba000 rw-p 00000000 00:00 0 
7fec348ba000-7fec34a6c000 r--s 01d23000 08:06 3160836                    /usr/lib/jvm/java-7-openjdk-amd64/jre/lib/rt.jar
7fec34a6c000-7fec34d5a000 rw-p 00000000 00:00 0 
7fec34d5a000-7fec34d5b000 ---p 00000000 00:00 0 
7fec34d5b000-7fec34e5b000 rw-p 00000000 00:00 0                          [stack:13645]
7fec34e5b000-7fec34e5c000 ---p 00000000 00:00 0 
7fec34e5c000-7fec34f5c000 rw-p 00000000 00:00 0                          [stack:13644]
7fec34f5c000-7fec34f5d000 ---p 00000000 00:00 0 
7fec34f5d000-7fec3505d000 rw-p 00000000 00:00 0                          [stack:13643]
7fec3505d000-7fec3505e000 ---p 00000000 00:00 0 
7fec3505e000-7fec3516b000 rw-p 00000000 00:00 0                          [stack:13642]
7fec3516b000-7fec351b1000 rw-p 00000000 00:00 0 
7fec351b1000-7fec351c4000 rw-p 00000000 00:00 0 
7fec351c4000-7fec352e3000 rw-p 00000000 00:00 0 
7fec352e3000-7fec352f0000 rw-p 00000000 00:00 0 
7fec352f0000-7fec35336000 rw-p 00000000 00:00 0 
7fec35336000-7fec35349000 rw-p 00000000 00:00 0 
7fec35349000-7fec35467000 rw-p 00000000 00:00 0 
7fec35467000-7fec35479000 rw-p 00000000 00:00 0 
7fec35479000-7fec354af000 ---p 00000000 00:00 0 
7fec354af000-7fec35500000 rw-p 00000000 00:00 0 
7fec35500000-7fec35501000 rw-p 00000000 00:00 0 
7fec35501000-7fec35509000 r-xp 00000000 08:06 133044                     /usr/lib/jvm/java-7-openjdk-amd64/jre/lib/amd64/libzip.so
7fec35509000-7fec35708000 ---p 00008000 08:06 133044                     /usr/lib/jvm/java-7-openjdk-amd64/jre/lib/amd64/libzip.so
7fec35708000-7fec35709000 r--p 00007000 08:06 133044                     /usr/lib/jvm/java-7-openjdk-amd64/jre/lib/amd64/libzip.so
7fec35709000-7fec3570a000 rw-p 00008000 08:06 133044                     /usr/lib/jvm/java-7-openjdk-amd64/jre/lib/amd64/libzip.so
7fec3570a000-7fec35715000 r-xp 00000000 08:06 2360107                    /lib/x86_64-linux-gnu/libnss_files-2.19.so
7fec35715000-7fec35914000 ---p 0000b000 08:06 2360107                    /lib/x86_64-linux-gnu/libnss_files-2.19.so
7fec35914000-7fec35915000 r--p 0000a000 08:06 2360107                    /lib/x86_64-linux-gnu/libnss_files-2.19.so
7fec35915000-7fec35916000 rw-p 0000b000 08:06 2360107                    /lib/x86_64-linux-gnu/libnss_files-2.19.so
7fec35916000-7fec35921000 r-xp 00000000 08:06 2360135                    /lib/x86_64-linux-gnu/libnss_nis-2.19.so
7fec35921000-7fec35b20000 ---p 0000b000 08:06 2360135                    /lib/x86_64-linux-gnu/libnss_nis-2.19.so
7fec35b20000-7fec35b21000 r--p 0000a000 08:06 2360135                    /lib/x86_64-linux-gnu/libnss_nis-2.19.so
7fec35b21000-7fec35b22000 rw-p 0000b000 08:06 2360135                    /lib/x86_64-linux-gnu/libnss_nis-2.19.so
7fec35b22000-7fec35b39000 r-xp 00000000 08:06 2360117                    /lib/x86_64-linux-gnu/libnsl-2.19.so
7fec35b39000-7fec35d38000 ---p 00017000 08:06 2360117                    /lib/x86_64-linux-gnu/libnsl-2.19.so
7fec35d38000-7fec35d39000 r--p 00016000 08:06 2360117                    /lib/x86_64-linux-gnu/libnsl-2.19.so
7fec35d39000-7fec35d3a000 rw-p 00017000 08:06 2360117                    /lib/x86_64-linux-gnu/libnsl-2.19.so
7fec35d3a000-7fec35d3c000 rw-p 00000000 00:00 0 
7fec35d3c000-7fec35d45000 r-xp 00000000 08:06 2360116                    /lib/x86_64-linux-gnu/libnss_compat-2.19.so
7fec35d45000-7fec35f44000 ---p 00009000 08:06 2360116                    /lib/x86_64-linux-gnu/libnss_compat-2.19.so
7fec35f44000-7fec35f45000 r--p 00008000 08:06 2360116                    /lib/x86_64-linux-gnu/libnss_compat-2.19.so
7fec35f45000-7fec35f46000 rw-p 00009000 08:06 2360116                    /lib/x86_64-linux-gnu/libnss_compat-2.19.so
7fec35f46000-7fec35f71000 r-xp 00000000 08:06 133031                     /usr/lib/jvm/java-7-openjdk-amd64/jre/lib/amd64/libjava.so
7fec35f71000-7fec36171000 ---p 0002b000 08:06 133031                     /usr/lib/jvm/java-7-openjdk-amd64/jre/lib/amd64/libjava.so
7fec36171000-7fec36172000 r--p 0002b000 08:06 133031                     /usr/lib/jvm/java-7-openjdk-amd64/jre/lib/amd64/libjava.so
7fec36172000-7fec36174000 rw-p 0002c000 08:06 133031                     /usr/lib/jvm/java-7-openjdk-amd64/jre/lib/amd64/libjava.so
7fec36174000-7fec36184000 r-xp 00000000 08:06 133030                     /usr/lib/jvm/java-7-openjdk-amd64/jre/lib/amd64/libverify.so
7fec36184000-7fec36383000 ---p 00010000 08:06 133030                     /usr/lib/jvm/java-7-openjdk-amd64/jre/lib/amd64/libverify.so
7fec36383000-7fec36385000 r--p 0000f000 08:06 133030                     /usr/lib/jvm/java-7-openjdk-amd64/jre/lib/amd64/libverify.so
7fec36385000-7fec36386000 rw-p 00011000 08:06 133030                     /usr/lib/jvm/java-7-openjdk-amd64/jre/lib/amd64/libverify.so
7fec36386000-7fec3638d000 r-xp 00000000 08:06 2360132                    /lib/x86_64-linux-gnu/librt-2.19.so
7fec3638d000-7fec3658c000 ---p 00007000 08:06 2360132                    /lib/x86_64-linux-gnu/librt-2.19.so
7fec3658c000-7fec3658d000 r--p 00006000 08:06 2360132                    /lib/x86_64-linux-gnu/librt-2.19.so
7fec3658d000-7fec3658e000 rw-p 00007000 08:06 2360132                    /lib/x86_64-linux-gnu/librt-2.19.so
7fec3658e000-7fec365a4000 r-xp 00000000 08:06 2359687                    /lib/x86_64-linux-gnu/libgcc_s.so.1
7fec365a4000-7fec367a3000 ---p 00016000 08:06 2359687                    /lib/x86_64-linux-gnu/libgcc_s.so.1
7fec367a3000-7fec367a4000 rw-p 00015000 08:06 2359687                    /lib/x86_64-linux-gnu/libgcc_s.so.1
7fec367a4000-7fec368a9000 r-xp 00000000 08:06 2360106                    /lib/x86_64-linux-gnu/libm-2.19.so
7fec368a9000-7fec36aa8000 ---p 00105000 08:06 2360106                    /lib/x86_64-linux-gnu/libm-2.19.so
7fec36aa8000-7fec36aa9000 r--p 00104000 08:06 2360106                    /lib/x86_64-linux-gnu/libm-2.19.so
7fec36aa9000-7fec36aaa000 rw-p 00105000 08:06 2360106                    /lib/x86_64-linux-gnu/libm-2.19.so
7fec36aaa000-7fec36b90000 r-xp 00000000 08:06 2891503                    /usr/lib/x86_64-linux-gnu/libstdc++.so.6.0.19
7fec36b90000-7fec36d8f000 ---p 000e6000 08:06 2891503                    /usr/lib/x86_64-linux-gnu/libstdc++.so.6.0.19
7fec36d8f000-7fec36d97000 r--p 000e5000 08:06 2891503                    /usr/lib/x86_64-linux-gnu/libstdc++.so.6.0.19
7fec36d97000-7fec36d99000 rw-p 000ed000 08:06 2891503                    /usr/lib/x86_64-linux-gnu/libstdc++.so.6.0.19
7fec36d99000-7fec36dae000 rw-p 00000000 00:00 0 
7fec36dae000-7fec378c6000 r-xp 00000000 08:06 527010                     /usr/lib/jvm/java-7-openjdk-amd64/jre/lib/amd64/server/libjvm.so
7fec378c6000-7fec37ac6000 ---p 00b18000 08:06 527010                     /usr/lib/jvm/java-7-openjdk-amd64/jre/lib/amd64/server/libjvm.so
7fec37ac6000-7fec37b60000 r--p 00b18000 08:06 527010                     /usr/lib/jvm/java-7-openjdk-amd64/jre/lib/amd64/server/libjvm.so
7fec37b60000-7fec37b83000 rw-p 00bb2000 08:06 527010                     /usr/lib/jvm/java-7-openjdk-amd64/jre/lib/amd64/server/libjvm.so
7fec37b83000-7fec37bb1000 rw-p 00000000 00:00 0 
7fec37bb1000-7fec37bc9000 r-xp 00000000 08:06 2359685                    /lib/x86_64-linux-gnu/libz.so.1.2.8
7fec37bc9000-7fec37dc8000 ---p 00018000 08:06 2359685                    /lib/x86_64-linux-gnu/libz.so.1.2.8
7fec37dc8000-7fec37dc9000 r--p 00017000 08:06 2359685                    /lib/x86_64-linux-gnu/libz.so.1.2.8
7fec37dc9000-7fec37dca000 rw-p 00018000 08:06 2359685                    /lib/x86_64-linux-gnu/libz.so.1.2.8
7fec37dca000-7fec37de3000 r-xp 00000000 08:06 2360130                    /lib/x86_64-linux-gnu/libpthread-2.19.so
7fec37de3000-7fec37fe2000 ---p 00019000 08:06 2360130                    /lib/x86_64-linux-gnu/libpthread-2.19.so
7fec37fe2000-7fec37fe3000 r--p 00018000 08:06 2360130                    /lib/x86_64-linux-gnu/libpthread-2.19.so
7fec37fe3000-7fec37fe4000 rw-p 00019000 08:06 2360130                    /lib/x86_64-linux-gnu/libpthread-2.19.so
7fec37fe4000-7fec37fe8000 rw-p 00000000 00:00 0 
7fec37fe8000-7fec37feb000 r-xp 00000000 08:06 2360110                    /lib/x86_64-linux-gnu/libdl-2.19.so
7fec37feb000-7fec381ea000 ---p 00003000 08:06 2360110                    /lib/x86_64-linux-gnu/libdl-2.19.so
7fec381ea000-7fec381eb000 r--p 00002000 08:06 2360110                    /lib/x86_64-linux-gnu/libdl-2.19.so
7fec381eb000-7fec381ec000 rw-p 00003000 08:06 2360110                    /lib/x86_64-linux-gnu/libdl-2.19.so
7fec381ec000-7fec383a7000 r-xp 00000000 08:06 2360126                    /lib/x86_64-linux-gnu/libc-2.19.so
7fec383a7000-7fec385a6000 ---p 001bb000 08:06 2360126                    /lib/x86_64-linux-gnu/libc-2.19.so
7fec385a6000-7fec385aa000 r--p 001ba000 08:06 2360126                    /lib/x86_64-linux-gnu/libc-2.19.so
7fec385aa000-7fec385ac000 rw-p 001be000 08:06 2360126                    /lib/x86_64-linux-gnu/libc-2.19.so
7fec385ac000-7fec385b1000 rw-p 00000000 00:00 0 
7fec385b1000-7fec385be000 r-xp 00000000 08:06 527002                     /usr/lib/jvm/java-7-openjdk-amd64/jre/lib/amd64/jli/libjli.so
7fec385be000-7fec387bd000 ---p 0000d000 08:06 527002                     /usr/lib/jvm/java-7-openjdk-amd64/jre/lib/amd64/jli/libjli.so
7fec387bd000-7fec387be000 r--p 0000c000 08:06 527002                     /usr/lib/jvm/java-7-openjdk-amd64/jre/lib/amd64/jli/libjli.so
7fec387be000-7fec387bf000 rw-p 0000d000 08:06 527002                     /usr/lib/jvm/java-7-openjdk-amd64/jre/lib/amd64/jli/libjli.so
7fec387bf000-7fec387e2000 r-xp 00000000 08:06 2360122                    /lib/x86_64-linux-gnu/ld-2.19.so
7fec387e5000-7fec387e6000 rw-p 00000000 00:00 0 
7fec387e6000-7fec387ea000 r--s 00034000 08:06 3292189                    /usr/lib/jvm/java-7-openjdk-amd64/jre/lib/ext/sunjce_provider.jar
7fec387ea000-7fec38812000 rw-p 00000000 00:00 0 
7fec38812000-7fec388c0000 rw-p 00000000 00:00 0 
7fec388c0000-7fec388c3000 ---p 00000000 00:00 0 
7fec388c3000-7fec389c6000 rw-p 00000000 00:00 0                          [stack:13640]
7fec389c6000-7fec389c7000 r--s 00002000 08:06 3292191                    /usr/lib/jvm/java-7-openjdk-amd64/jre/lib/ext/dnsns.jar
7fec389c7000-7fec389c9000 r--s 00006000 08:06 3285828                    /usr/share/java/java-atk-wrapper.jar
7fec389c9000-7fec389cb000 r--s 00012000 08:06 3292190                    /usr/lib/jvm/java-7-openjdk-amd64/jre/lib/ext/zipfs.jar
7fec389cb000-7fec389cf000 r--s 0003c000 08:06 3292188                    /usr/lib/jvm/java-7-openjdk-amd64/jre/lib/ext/sunpkcs11.jar
7fec389cf000-7fec389d2000 r--s 00086000 08:06 3292192                    /usr/lib/jvm/java-7-openjdk-amd64/jre/lib/ext/localedata.jar
7fec389d2000-7fec389d5000 r--s 0000f000 08:06 3292186                    /usr/lib/jvm/java-7-openjdk-amd64/jre/lib/ext/icedtea-sound.jar
7fec389d5000-7fec389dd000 rw-s 00000000 08:06 1835088                    /tmp/hsperfdata_metskem/13629
7fec389dd000-7fec389de000 rw-p 00000000 00:00 0 
7fec389de000-7fec389df000 r--p 00000000 00:00 0 
7fec389df000-7fec389e1000 rw-p 00000000 00:00 0 
7fec389e1000-7fec389e2000 r--p 00022000 08:06 2360122                    /lib/x86_64-linux-gnu/ld-2.19.so
7fec389e2000-7fec389e3000 rw-p 00023000 08:06 2360122                    /lib/x86_64-linux-gnu/ld-2.19.so
7fec389e3000-7fec389e4000 rw-p 00000000 00:00 0 
7fff483dc000-7fff483fe000 rw-p 00000000 00:00 0                          [stack]
7fff483fe000-7fff48400000 r-xp 00000000 00:00 0                          [vdso]
ffffffffff600000-ffffffffff601000 r-xp 00000000 00:00 0                  [vsyscall]

VM Arguments:
java_command: dropwizardtest-1.0-SNAPSHOT.jar server ../src/main/resources/hello-world.yaml
Launcher Type: SUN_STANDARD

Environment Variables:
PATH=/home/metskem/bin:/home/metskem/bin:/bin:/usr/local/go/bin:/usr/local/etcd:/home/metskem/androidstuff/adt-bundle-linux-x86_64-20140702/sdk/tools:/home/metskem/androidstuff/adt-bundle-linux-x86_64-20140702/sdk/platform-tools:/usr/local/apache-maven-3.0.5/bin:/usr/local/node-v0.10.31-linux-x86/bin:/usr/local/sbin:/usr/local/bin:/usr/sbin:/usr/bin:/sbin:/bin:/usr/games:/usr/local/games
SHELL=/bin/bash
DISPLAY=:0

Signal Handlers:
SIGSEGV: [libjvm.so+0x94b4b0], sa_mask[0]=0x7ffbfeff, sa_flags=0x10000004
SIGBUS: [libjvm.so+0x94b4b0], sa_mask[0]=0x7ffbfeff, sa_flags=0x10000004
SIGFPE: [libjvm.so+0x7c3390], sa_mask[0]=0x7ffbfeff, sa_flags=0x10000004
SIGPIPE: [libjvm.so+0x7c3390], sa_mask[0]=0x7ffbfeff, sa_flags=0x10000004
SIGXFSZ: [libjvm.so+0x7c3390], sa_mask[0]=0x7ffbfeff, sa_flags=0x10000004
SIGILL: [libjvm.so+0x7c3390], sa_mask[0]=0x7ffbfeff, sa_flags=0x10000004
SIGUSR1: SIG_DFL, sa_mask[0]=0x00000000, sa_flags=0x00000000
SIGUSR2: [libjvm.so+0x7c3230], sa_mask[0]=0x00000000, sa_flags=0x10000004
SIGHUP: [libjvm.so+0x7c3410], sa_mask[0]=0x7ffbfeff, sa_flags=0x10000004
SIGINT: [libjvm.so+0x7c3410], sa_mask[0]=0x7ffbfeff, sa_flags=0x10000004
SIGTERM: [libjvm.so+0x7c3410], sa_mask[0]=0x7ffbfeff, sa_flags=0x10000004
SIGQUIT: [libjvm.so+0x7c3410], sa_mask[0]=0x7ffbfeff, sa_flags=0x10000004
SIGTRAP: SIG_DFL, sa_mask[0]=0x00000000, sa_flags=0x00000000


---------------  S Y S T E M  ---------------

OS:"elementary OS" 0.3 (freya)
uname:Linux 3.13.0-40-generic #69-Ubuntu SMP Thu Nov 13 17:53:56 UTC 2014 x86_64
libc:glibc 2.19 NPTL 2.19 
rlimit: STACK 8192k, CORE 0k, NPROC 29019, NOFILE 4096, AS infinity
load average:2,06 1,93 1,84

/proc/meminfo:
MemTotal:        3744408 kB
MemFree:          376604 kB
Buffers:           50612 kB
Cached:          1345128 kB
SwapCached:       190372 kB
Active:          1830332 kB
Inactive:        1309660 kB
Active(anon):    1281404 kB
Inactive(anon):   767008 kB
Active(file):     548928 kB
Inactive(file):   542652 kB
Unevictable:          32 kB
Mlocked:              32 kB
SwapTotal:       4095996 kB
SwapFree:        3181080 kB
Dirty:             19076 kB
Writeback:             0 kB
AnonPages:       1659924 kB
Mapped:           241080 kB
Shmem:            304160 kB
Slab:             107244 kB
SReclaimable:      62592 kB
SUnreclaim:        44652 kB
KernelStack:        6544 kB
PageTables:        43296 kB
NFS_Unstable:          0 kB
Bounce:                0 kB
WritebackTmp:          0 kB
CommitLimit:     5968200 kB
Committed_AS:    7234280 kB
VmallocTotal:   34359738367 kB
VmallocUsed:      350380 kB
VmallocChunk:   34359370620 kB
HardwareCorrupted:     0 kB
AnonHugePages:    477184 kB
HugePages_Total:       0
HugePages_Free:        0
HugePages_Rsvd:        0
HugePages_Surp:        0
Hugepagesize:       2048 kB
DirectMap4k:      137140 kB
DirectMap2M:     3751936 kB


CPU:total 4 (2 cores per cpu, 2 threads per core) family 6 model 58 stepping 9, cmov, cx8, fxsr, mmx, sse, sse2, sse3, ssse3, sse4.1, sse4.2, popcnt, avx, aes, erms, ht, tsc, tscinvbit, tscinv

/proc/cpuinfo:
processor	: 0
vendor_id	: GenuineIntel
cpu family	: 6
model		: 58
model name	: Intel(R) Core(TM) i5-3317U CPU @ 1.70GHz
stepping	: 9
microcode	: 0x12
cpu MHz		: 1200.000
cache size	: 3072 KB
physical id	: 0
siblings	: 4
core id		: 0
cpu cores	: 2
apicid		: 0
initial apicid	: 0
fpu		: yes
fpu_exception	: yes
cpuid level	: 13
wp		: yes
flags		: fpu vme de pse tsc msr pae mce cx8 apic sep mtrr pge mca cmov pat pse36 clflush dts acpi mmx fxsr sse sse2 ss ht tm pbe syscall nx rdtscp lm constant_tsc arch_perfmon pebs bts rep_good nopl xtopology nonstop_tsc aperfmperf eagerfpu pni pclmulqdq dtes64 monitor ds_cpl vmx est tm2 ssse3 cx16 xtpr pdcm pcid sse4_1 sse4_2 x2apic popcnt tsc_deadline_timer aes xsave avx f16c rdrand lahf_lm ida arat epb xsaveopt pln pts dtherm tpr_shadow vnmi flexpriority ept vpid fsgsbase smep erms
bogomips	: 3392.25
clflush size	: 64
cache_alignment	: 64
address sizes	: 36 bits physical, 48 bits virtual
power management:

processor	: 1
vendor_id	: GenuineIntel
cpu family	: 6
model		: 58
model name	: Intel(R) Core(TM) i5-3317U CPU @ 1.70GHz
stepping	: 9
microcode	: 0x12
cpu MHz		: 900.000
cache size	: 3072 KB
physical id	: 0
siblings	: 4
core id		: 0
cpu cores	: 2
apicid		: 1
initial apicid	: 1
fpu		: yes
fpu_exception	: yes
cpuid level	: 13
wp		: yes
flags		: fpu vme de pse tsc msr pae mce cx8 apic sep mtrr pge mca cmov pat pse36 clflush dts acpi mmx fxsr sse sse2 ss ht tm pbe syscall nx rdtscp lm constant_tsc arch_perfmon pebs bts rep_good nopl xtopology nonstop_tsc aperfmperf eagerfpu pni pclmulqdq dtes64 monitor ds_cpl vmx est tm2 ssse3 cx16 xtpr pdcm pcid sse4_1 sse4_2 x2apic popcnt tsc_deadline_timer aes xsave avx f16c rdrand lahf_lm ida arat epb xsaveopt pln pts dtherm tpr_shadow vnmi flexpriority ept vpid fsgsbase smep erms
bogomips	: 3392.25
clflush size	: 64
cache_alignment	: 64
address sizes	: 36 bits physical, 48 bits virtual
power management:

processor	: 2
vendor_id	: GenuineIntel
cpu family	: 6
model		: 58
model name	: Intel(R) Core(TM) i5-3317U CPU @ 1.70GHz
stepping	: 9
microcode	: 0x12
cpu MHz		: 800.000
cache size	: 3072 KB
physical id	: 0
siblings	: 4
core id		: 1
cpu cores	: 2
apicid		: 2
initial apicid	: 2
fpu		: yes
fpu_exception	: yes
cpuid level	: 13
wp		: yes
flags		: fpu vme de pse tsc msr pae mce cx8 apic sep mtrr pge mca cmov pat pse36 clflush dts acpi mmx fxsr sse sse2 ss ht tm pbe syscall nx rdtscp lm constant_tsc arch_perfmon pebs bts rep_good nopl xtopology nonstop_tsc aperfmperf eagerfpu pni pclmulqdq dtes64 monitor ds_cpl vmx est tm2 ssse3 cx16 xtpr pdcm pcid sse4_1 sse4_2 x2apic popcnt tsc_deadline_timer aes xsave avx f16c rdrand lahf_lm ida arat epb xsaveopt pln pts dtherm tpr_shadow vnmi flexpriority ept vpid fsgsbase smep erms
bogomips	: 3392.25
clflush size	: 64
cache_alignment	: 64
address sizes	: 36 bits physical, 48 bits virtual
power management:

processor	: 3
vendor_id	: GenuineIntel
cpu family	: 6
model		: 58
model name	: Intel(R) Core(TM) i5-3317U CPU @ 1.70GHz
stepping	: 9
microcode	: 0x12
cpu MHz		: 1400.000
cache size	: 3072 KB
physical id	: 0
siblings	: 4
core id		: 1
cpu cores	: 2
apicid		: 3
initial apicid	: 3
fpu		: yes
fpu_exception	: yes
cpuid level	: 13
wp		: yes
flags		: fpu vme de pse tsc msr pae mce cx8 apic sep mtrr pge mca cmov pat pse36 clflush dts acpi mmx fxsr sse sse2 ss ht tm pbe syscall nx rdtscp lm constant_tsc arch_perfmon pebs bts rep_good nopl xtopology nonstop_tsc aperfmperf eagerfpu pni pclmulqdq dtes64 monitor ds_cpl vmx est tm2 ssse3 cx16 xtpr pdcm pcid sse4_1 sse4_2 x2apic popcnt tsc_deadline_timer aes xsave avx f16c rdrand lahf_lm ida arat epb xsaveopt pln pts dtherm tpr_shadow vnmi flexpriority ept vpid fsgsbase smep erms
bogomips	: 3392.25
clflush size	: 64
cache_alignment	: 64
address sizes	: 36 bits physical, 48 bits virtual
power management:



Memory: 4k page, physical 3744408k(376752k free), swap 4095996k(3181080k free)

vm_info: OpenJDK 64-Bit Server VM (24.75-b04) for linux-amd64 JRE (1.7.0_75-b13), built on Jan 27 2015 00:38:59 by "buildd" with gcc 4.8.2

time: Sat Mar 21 18:12:21 2015
elapsed time: 1544 seconds

