#
# A fatal error has been detected by the Java Runtime Environment:
#
#  SIGBUS (0x7) at pc=0x00007f6184371f5d, pid=6901, tid=140055751329536
#
# JRE version: OpenJDK Runtime Environment (7.0_75-b13) (build 1.7.0_75-b13)
# Java VM: OpenJDK 64-Bit Server VM (24.75-b04 mixed mode linux-amd64 compressed oops)
# Derivative: IcedTea 2.5.4
# Distribution: Ubuntu 14.04 LTS, package 7u75-2.5.4-1~trusty1
# Problematic frame:
# C  [libzip.so+0x4f5d]
#
# Failed to write core dump. Core dumps have been disabled. To enable core dumping, try "ulimit -c unlimited" before starting Java again
#
# If you would like to submit a bug report, please include
# instructions on how to reproduce the bug and visit:
#   http://icedtea.classpath.org/bugzilla
# The crash happened outside the Java Virtual Machine in native code.
# See problematic frame for where to report the bug.
#

---------------  T H R E A D  ---------------

Current thread (0x00007f612402a800):  JavaThread "Thread-11" [_thread_in_native, id=12762, stack(0x00007f61453e8000,0x00007f61454e9000)]

siginfo:si_signo=SIGBUS: si_errno=0, si_code=2 (BUS_ADRERR), si_addr=0x00007f617476cf6f

Registers:
RAX=0x00007f60f8000ea0, RBX=0x00007f61801c1fe0, RCX=0x00007f60f8000020, RDX=0x00007f60f8000ea0
RSP=0x00007f61454e58d0, RBP=0x00007f61454e5930, RSI=0x0000000014840194, RDI=0x0000000000000000
R8 =0x0000000000000003, R9 =0x00007f60f8000078, R10=0x00007f617d07a4f8, R11=0x00000000ed747100
R12=0x00007f61801e5e48, R13=0x00007f617476cf52, R14=0x00007f60f8000ea0, R15=0x000000009ac6435b
RIP=0x00007f6184371f5d, EFLAGS=0x0000000000010202, CSGSFS=0x0000000000000033, ERR=0x0000000000000004
  TRAPNO=0x000000000000000e

Top of Stack: (sp=0x00007f61454e58d0)
0x00007f61454e58d0:   00007f618659fe3d 00007f6184370958
0x00007f61454e58e0:   0000000100000000 00000000801cccc0
0x00007f61454e58f0:   696c63652f67726f 00007f61863a97cc
0x00007f61454e5900:   00007f61454e59a0 00007f61801e5e40
0x00007f61454e5910:   00007f61801c1fe0 00007f61454e59a0
0x00007f61454e5920:   00007f6118003990 000000009ac6435b
0x00007f61454e5930:   00007f61454e5980 00007f6184372d0d
0x00007f61454e5940:   0000003000000010 0000002b454e6030
0x00007f61454e5950:   00007f61454e5f50 00007f61454e59a0
0x00007f61454e5960:   00007f61454e5df8 00007f61454e59a0
0x00007f61454e5970:   000000000000002b 00007f612402a9d8
0x00007f61454e5980:   00007f61454e5de0 00007f6184370958
0x00007f61454e5990:   0000000100000000 00007f61801c1fe0
0x00007f61454e59a0:   696c63652f67726f 7474656a2f657370
0x00007f61454e59b0:   462f6c6974752f79 6c61436572757475
0x00007f61454e59c0:   6c632e6b6361626c 00007f6100737361
0x00007f61454e59d0:   00007f61454e5b00 0000000000000000
0x00007f61454e59e0:   0000000000000000 00007f6100000000
0x00007f61454e59f0:   0000000000000000 0000000000000000
0x00007f61454e5a00:   0000000000000000 0000000000000000
0x00007f61454e5a10:   0000003000000000 00007f6100000000
0x00007f61454e5a20:   00007f6100000025 0000000000000000
0x00007f61454e5a30:   0000000000000000 0000000000000000
0x00007f61454e5a40:   0000000000000000 0000000000000004
0x00007f61454e5a50:   ffffffffffffffff 0000000000000025
0x00007f61454e5a60:   0020000000000000 0000000000000000
0x00007f61454e5a70:   ffffffffffffffff 00007f61865a6409
0x00007f61454e5a80:   0000000000000000 0000000000000025
0x00007f61454e5a90:   00007f61865a640b 00007f61865930c0
0x00007f61454e5aa0:   0000000000000000 00007f612402a800
0x00007f61454e5ab0:   00007f6186593000 0000000000000000
0x00007f61454e5ac0:   0000000000000000 00007f612402a800 

Instructions: (pc=0x00007f6184371f5d)
0x00007f6184371f3d:   73 48 48 8b 7b 10 b9 a0 00 00 00 49 8b 14 24 e8
0x00007f6184371f4d:   8f fe ff ff 49 89 c5 4d 85 ed 0f 84 d3 04 00 00
0x00007f6184371f5d:   41 0f b6 55 1d 41 0f b6 45 1c 45 31 e4 41 0f b6
0x00007f6184371f6d:   75 0d 41 0f b6 7d 0e 45 0f b6 7d 1f c1 e2 08 09 

Register to memory mapping:

RAX=0x00007f60f8000ea0 is an unknown value
RBX=0x00007f61801c1fe0 is an unknown value
RCX=0x00007f60f8000020 is an unknown value
RDX=0x00007f60f8000ea0 is an unknown value
RSP=0x00007f61454e58d0 is pointing into the stack for thread: 0x00007f612402a800
RBP=0x00007f61454e5930 is pointing into the stack for thread: 0x00007f612402a800
RSI=0x0000000014840194 is an unknown value
RDI=0x0000000000000000 is an unknown value
R8 =0x0000000000000003 is an unknown value
R9 =0x00007f60f8000078 is an unknown value
R10=0x00007f617d07a4f8 is at entry_point+88 in (nmethod*)0x00007f617d07a310
R11=0x00000000ed747100 is an unknown value
R12=0x00007f61801e5e48 is an unknown value
R13=0x00007f617476cf52 is an unknown value
R14=0x00007f60f8000ea0 is an unknown value
R15=0x000000009ac6435b is an unknown value


Stack: [0x00007f61453e8000,0x00007f61454e9000],  sp=0x00007f61454e58d0,  free space=1014k
Native frames: (J=compiled Java code, j=interpreted, Vv=VM code, C=native code)
C  [libzip.so+0x4f5d]
C  [libzip.so+0x5d0d]  ZIP_GetEntry+0xcd
C  [libzip.so+0x3958]  Java_java_util_zip_ZipFile_getEntry+0xa8
J 42  java.util.zip.ZipFile.getEntry(J[BZ)J (0 bytes) @ 0x00007f617d07a56e [0x00007f617d07a4a0+0xce]

Java frames: (J=compiled Java code, j=interpreted, Vv=VM code)
J 42  java.util.zip.ZipFile.getEntry(J[BZ)J (0 bytes) @ 0x00007f617d07a4f8 [0x00007f617d07a4a0+0x58]
J 45 C2 sun.misc.URLClassPath.getResource(Ljava/lang/String;Z)Lsun/misc/Resource; (74 bytes) @ 0x00007f617d085288 [0x00007f617d085140+0x148]
j  java.net.URLClassLoader$1.run()Ljava/lang/Class;+26
j  java.net.URLClassLoader$1.run()Ljava/lang/Object;+1
v  ~StubRoutines::call_stub
j  java.security.AccessController.doPrivileged(Ljava/security/PrivilegedExceptionAction;Ljava/security/AccessControlContext;)Ljava/lang/Object;+0
j  java.net.URLClassLoader.findClass(Ljava/lang/String;)Ljava/lang/Class;+13
j  java.lang.ClassLoader.loadClass(Ljava/lang/String;Z)Ljava/lang/Class;+70
j  sun.misc.Launcher$AppClassLoader.loadClass(Ljava/lang/String;Z)Ljava/lang/Class;+36
j  java.lang.ClassLoader.loadClass(Ljava/lang/String;)Ljava/lang/Class;+3
v  ~StubRoutines::call_stub
j  org.eclipse.jetty.server.AbstractConnector.shutdown()Ljava/util/concurrent/Future;+0
j  org.eclipse.jetty.server.AbstractNetworkConnector.shutdown()Ljava/util/concurrent/Future;+5
j  org.eclipse.jetty.server.ServerConnector.shutdown()Ljava/util/concurrent/Future;+1
j  org.eclipse.jetty.server.Server.doStop()V+60
j  org.eclipse.jetty.util.component.AbstractLifeCycle.stop()V+30
j  org.eclipse.jetty.util.thread.ShutdownThread.run()V+41
v  ~StubRoutines::call_stub

---------------  P R O C E S S  ---------------

Java Threads: ( => current thread )
=>0x00007f612402a800 JavaThread "Thread-11" [_thread_in_native, id=12762, stack(0x00007f61453e8000,0x00007f61454e9000)]
  0x00007f6150001000 JavaThread "SIGINT handler" daemon [_thread_blocked, id=12760, stack(0x00007f61462f7000,0x00007f61463f8000)]
  0x00007f612401c000 JavaThread "dw-admin-264" [_thread_blocked, id=12173, stack(0x00007f61458ed000,0x00007f61459ee000)]
  0x00007f60f8025000 JavaThread "dw-263" [_thread_blocked, id=9592, stack(0x00007f61454e9000,0x00007f61455ea000)]
  0x00007f610c005000 JavaThread "dw-261" [_thread_blocked, id=28805, stack(0x00007f6145aef000,0x00007f6145bf0000)]
  0x00007f60f8024800 JavaThread "dw-248" [_thread_blocked, id=18556, stack(0x00007f61456eb000,0x00007f61457ec000)]
  0x00007f60f8002800 JavaThread "dw-215" [_thread_blocked, id=14645, stack(0x00007f61457ec000,0x00007f61458ed000)]
  0x00007f6130003800 JavaThread "Scheduler-2042188287" [_thread_blocked, id=7215, stack(0x00007f61459ee000,0x00007f6145aef000)]
  0x00007f611c008000 JavaThread "Scheduler-484047220" [_thread_blocked, id=7214, stack(0x00007f6145bf0000,0x00007f6145cf1000)]
  0x00007f610c001000 JavaThread "dw-admin-27-acceptor-1@12346299-admin@567ba718{HTTP/1.1}{0.0.0.0:8081}" [_thread_blocked, id=7211, stack(0x00007f6145cf1000,0x00007f6145df2000)]
  0x00007f6108001000 JavaThread "dw-admin-26-acceptor-0@697010de-admin@567ba718{HTTP/1.1}{0.0.0.0:8081}" [_thread_in_native, id=7210, stack(0x00007f6145df2000,0x00007f6145ef3000)]
  0x00007f6114001000 JavaThread "dw-admin-25-selector-ServerConnectorManager@25002571/3" [_thread_in_native, id=7209, stack(0x00007f6145ef3000,0x00007f6145ff4000)]
  0x00007f6110001000 JavaThread "dw-admin-24-selector-ServerConnectorManager@25002571/2" [_thread_in_native, id=7208, stack(0x00007f6145ff4000,0x00007f61460f5000)]
  0x00007f611c001000 JavaThread "dw-admin-23-selector-ServerConnectorManager@25002571/1" [_thread_in_native, id=7207, stack(0x00007f61460f5000,0x00007f61461f6000)]
  0x00007f618000a000 JavaThread "DestroyJavaVM" [_thread_blocked, id=6907, stack(0x00007f618772c000,0x00007f618782d000)]
  0x00007f618066a000 JavaThread "dw-admin-21-selector-ServerConnectorManager@25002571/0" [_thread_in_native, id=7202, stack(0x00007f61461f6000,0x00007f61462f7000)]
  0x00007f6180652800 JavaThread "dw-16-acceptor-1@1a3cdacb-application@2a883d78{HTTP/1.1}{0.0.0.0:8080}" [_thread_in_Java, id=7186, stack(0x00007f61464f9000,0x00007f61465fa000)]
  0x00007f6180650800 JavaThread "dw-15-acceptor-0@49ebd637-application@2a883d78{HTTP/1.1}{0.0.0.0:8080}" [_thread_in_Java, id=7185, stack(0x00007f61465fa000,0x00007f61466fb000)]
  0x00007f618064f000 JavaThread "dw-14-selector-ServerConnectorManager@1c6dc3fa/3" [_thread_in_native, id=7184, stack(0x00007f61466fb000,0x00007f61467fc000)]
  0x00007f618064d800 JavaThread "dw-13-selector-ServerConnectorManager@1c6dc3fa/2" [_thread_in_native, id=7183, stack(0x00007f61467fc000,0x00007f61468fd000)]
  0x00007f618064c000 JavaThread "dw-12-selector-ServerConnectorManager@1c6dc3fa/1" [_thread_in_native, id=7182, stack(0x00007f61468fd000,0x00007f61469fe000)]
  0x00007f618064b000 JavaThread "dw-11-selector-ServerConnectorManager@1c6dc3fa/0" [_thread_in_native, id=7181, stack(0x00007f61469fe000,0x00007f6146aff000)]
  0x00007f6180644800 JavaThread "AsyncAppender-Worker-Thread-2" daemon [_thread_blocked, id=7178, stack(0x00007f6146aff000,0x00007f6146c00000)]
  0x00007f61805ab000 JavaThread "AsyncAppender-Worker-Thread-1" daemon [_thread_blocked, id=7149, stack(0x00007f6174050000,0x00007f6174151000)]
  0x00007f6180176800 JavaThread "Service Thread" daemon [_thread_blocked, id=6931, stack(0x00007f61748e1000,0x00007f61749e2000)]
  0x00007f6180174000 JavaThread "C2 CompilerThread1" daemon [_thread_blocked, id=6930, stack(0x00007f61749e2000,0x00007f6174ae3000)]
  0x00007f6180171000 JavaThread "C2 CompilerThread0" daemon [_thread_blocked, id=6929, stack(0x00007f6174ae3000,0x00007f6174be4000)]
  0x00007f618016f000 JavaThread "Signal Dispatcher" daemon [_thread_blocked, id=6928, stack(0x00007f6174be4000,0x00007f6174ce5000)]
  0x00007f6180143000 JavaThread "Finalizer" daemon [_thread_blocked, id=6919, stack(0x00007f6175224000,0x00007f6175325000)]
  0x00007f6180141000 JavaThread "Reference Handler" daemon [_thread_blocked, id=6918, stack(0x00007f6175325000,0x00007f6175426000)]

Other Threads:
  0x00007f618013c800 VMThread [stack: 0x00007f6175426000,0x00007f6175527000] [id=6917]
  0x00007f6180181000 WatcherThread [stack: 0x00007f61747e0000,0x00007f61748e1000] [id=6932]

VM state:not at safepoint (normal execution)

VM Mutex/Monitor currently owned by a thread: None

Heap
 PSYoungGen      total 18944K, used 9168K [0x00000000ece80000, 0x00000000ee200000, 0x0000000100000000)
  eden space 18432K, 49% used [0x00000000ece80000,0x00000000ed754240,0x00000000ee080000)
  from space 512K, 25% used [0x00000000ee180000,0x00000000ee1a0000,0x00000000ee200000)
  to   space 512K, 0% used [0x00000000ee100000,0x00000000ee100000,0x00000000ee180000)
 ParOldGen       total 22528K, used 19436K [0x00000000c6c00000, 0x00000000c8200000, 0x00000000ece80000)
  object space 22528K, 86% used [0x00000000c6c00000,0x00000000c7efb020,0x00000000c8200000)
 PSPermGen       total 54784K, used 26254K [0x00000000bc600000, 0x00000000bfb80000, 0x00000000c6c00000)
  object space 54784K, 47% used [0x00000000bc600000,0x00000000bdfa3a70,0x00000000bfb80000)

Card table byte_map: [0x00007f618414f000,0x00007f618436d000] byte_map_base: 0x00007f6183b6c000

Polling page: 0x00007f618784a000

Code Cache  [0x00007f617d000000, 0x00007f617d4c0000, 0x00007f6180000000)
 total_blobs=2062 nmethods=1695 adapters=319 free_code_cache=44554Kb largest_free_block=45404416

Compilation events (10 events):
Event: 6704,151 Thread 0x00007f6180174000 nmethod 1776 0x00007f617d3bf650 code [0x00007f617d3bf7c0, 0x00007f617d3bfa48]
Event: 6704,151 Thread 0x00007f6180174000 1777 %           java.util.TimSort::mergeHi @ 180 (719 bytes)
Event: 6704,187 Thread 0x00007f6180171000 nmethod 1775% 0x00007f617d2edfd0 code [0x00007f617d2ee1c0, 0x00007f617d2ef5b8]
Event: 6704,187 Thread 0x00007f6180171000 1778             sun.misc.FloatingDecimal::countBits (80 bytes)
Event: 6704,189 Thread 0x00007f6180171000 nmethod 1778 0x00007f617d2edcd0 code [0x00007f617d2ede00, 0x00007f617d2edef8]
Event: 6704,202 Thread 0x00007f6180174000 nmethod 1777% 0x00007f617d2e9f10 code [0x00007f617d2ea100, 0x00007f617d2eb418]
Event: 6867,823 Thread 0x00007f6180171000 1779 % !         org.eclipse.jetty.util.thread.QueuedThreadPool$3::run @ 46 (743 bytes)
Event: 6867,856 Thread 0x00007f6180171000 nmethod 1779% 0x00007f617d264950 code [0x00007f617d264d40, 0x00007f617d2663a0]
Event: 6914,155 Thread 0x00007f6180174000 1780   !         org.eclipse.jetty.util.thread.QueuedThreadPool$3::run (743 bytes)
Event: 6914,242 Thread 0x00007f6180174000 nmethod 1780 0x00007f617d368310 code [0x00007f617d3688a0, 0x00007f617d36ace0]

GC Heap History (10 events):
Event: 7015,397 GC heap before
{Heap before GC invocations=1154 (full 4):
 PSYoungGen      total 18944K, used 18592K [0x00000000ece80000, 0x00000000ee200000, 0x0000000100000000)
  eden space 18432K, 100% used [0x00000000ece80000,0x00000000ee080000,0x00000000ee080000)
  from space 512K, 31% used [0x00000000ee100000,0x00000000ee128000,0x00000000ee180000)
  to   space 512K, 0% used [0x00000000ee180000,0x00000000ee180000,0x00000000ee200000)
 ParOldGen       total 22528K, used 19132K [0x00000000c6c00000, 0x00000000c8200000, 0x00000000ece80000)
  object space 22528K, 84% used [0x00000000c6c00000,0x00000000c7eaf180,0x00000000c8200000)
 PSPermGen       total 54784K, used 26251K [0x00000000bc600000, 0x00000000bfb80000, 0x00000000c6c00000)
  object space 54784K, 47% used [0x00000000bc600000,0x00000000bdfa2e10,0x00000000bfb80000)
Event: 7015,401 GC heap after
Heap after GC invocations=1154 (full 4):
 PSYoungGen      total 18944K, used 192K [0x00000000ece80000, 0x00000000ee200000, 0x0000000100000000)
  eden space 18432K, 0% used [0x00000000ece80000,0x00000000ece80000,0x00000000ee080000)
  from space 512K, 37% used [0x00000000ee180000,0x00000000ee1b0000,0x00000000ee200000)
  to   space 512K, 0% used [0x00000000ee100000,0x00000000ee100000,0x00000000ee180000)
 ParOldGen       total 22528K, used 19188K [0x00000000c6c00000, 0x00000000c8200000, 0x00000000ece80000)
  object space 22528K, 85% used [0x00000000c6c00000,0x00000000c7ebd180,0x00000000c8200000)
 PSPermGen       total 54784K, used 26251K [0x00000000bc600000, 0x00000000bfb80000, 0x00000000c6c00000)
  object space 54784K, 47% used [0x00000000bc600000,0x00000000bdfa2e10,0x00000000bfb80000)
}
Event: 7020,408 GC heap before
{Heap before GC invocations=1155 (full 4):
 PSYoungGen      total 18944K, used 18624K [0x00000000ece80000, 0x00000000ee200000, 0x0000000100000000)
  eden space 18432K, 100% used [0x00000000ece80000,0x00000000ee080000,0x00000000ee080000)
  from space 512K, 37% used [0x00000000ee180000,0x00000000ee1b0000,0x00000000ee200000)
  to   space 512K, 0% used [0x00000000ee100000,0x00000000ee100000,0x00000000ee180000)
 ParOldGen       total 22528K, used 19188K [0x00000000c6c00000, 0x00000000c8200000, 0x00000000ece80000)
  object space 22528K, 85% used [0x00000000c6c00000,0x00000000c7ebd180,0x00000000c8200000)
 PSPermGen       total 54784K, used 26251K [0x00000000bc600000, 0x00000000bfb80000, 0x00000000c6c00000)
  object space 54784K, 47% used [0x00000000bc600000,0x00000000bdfa2e10,0x00000000bfb80000)
Event: 7020,410 GC heap after
Heap after GC invocations=1155 (full 4):
 PSYoungGen      total 18944K, used 224K [0x00000000ece80000, 0x00000000ee200000, 0x0000000100000000)
  eden space 18432K, 0% used [0x00000000ece80000,0x00000000ece80000,0x00000000ee080000)
  from space 512K, 43% used [0x00000000ee100000,0x00000000ee138000,0x00000000ee180000)
  to   space 512K, 0% used [0x00000000ee180000,0x00000000ee180000,0x00000000ee200000)
 ParOldGen       total 22528K, used 19244K [0x00000000c6c00000, 0x00000000c8200000, 0x00000000ece80000)
  object space 22528K, 85% used [0x00000000c6c00000,0x00000000c7ecb180,0x00000000c8200000)
 PSPermGen       total 54784K, used 26251K [0x00000000bc600000, 0x00000000bfb80000, 0x00000000c6c00000)
  object space 54784K, 47% used [0x00000000bc600000,0x00000000bdfa2e10,0x00000000bfb80000)
}
Event: 7025,350 GC heap before
{Heap before GC invocations=1156 (full 4):
 PSYoungGen      total 18944K, used 18656K [0x00000000ece80000, 0x00000000ee200000, 0x0000000100000000)
  eden space 18432K, 100% used [0x00000000ece80000,0x00000000ee080000,0x00000000ee080000)
  from space 512K, 43% used [0x00000000ee100000,0x00000000ee138000,0x00000000ee180000)
  to   space 512K, 0% used [0x00000000ee180000,0x00000000ee180000,0x00000000ee200000)
 ParOldGen       total 22528K, used 19244K [0x00000000c6c00000, 0x00000000c8200000, 0x00000000ece80000)
  object space 22528K, 85% used [0x00000000c6c00000,0x00000000c7ecb180,0x00000000c8200000)
 PSPermGen       total 54784K, used 26251K [0x00000000bc600000, 0x00000000bfb80000, 0x00000000c6c00000)
  object space 54784K, 47% used [0x00000000bc600000,0x00000000bdfa2e10,0x00000000bfb80000)
Event: 7025,355 GC heap after
Heap after GC invocations=1156 (full 4):
 PSYoungGen      total 18944K, used 160K [0x00000000ece80000, 0x00000000ee200000, 0x0000000100000000)
  eden space 18432K, 0% used [0x00000000ece80000,0x00000000ece80000,0x00000000ee080000)
  from space 512K, 31% used [0x00000000ee180000,0x00000000ee1a8000,0x00000000ee200000)
  to   space 512K, 0% used [0x00000000ee100000,0x00000000ee100000,0x00000000ee180000)
 ParOldGen       total 22528K, used 19324K [0x00000000c6c00000, 0x00000000c8200000, 0x00000000ece80000)
  object space 22528K, 85% used [0x00000000c6c00000,0x00000000c7edf020,0x00000000c8200000)
 PSPermGen       total 54784K, used 26251K [0x00000000bc600000, 0x00000000bfb80000, 0x00000000c6c00000)
  object space 54784K, 47% used [0x00000000bc600000,0x00000000bdfa2e10,0x00000000bfb80000)
}
Event: 7030,368 GC heap before
{Heap before GC invocations=1157 (full 4):
 PSYoungGen      total 18944K, used 18592K [0x00000000ece80000, 0x00000000ee200000, 0x0000000100000000)
  eden space 18432K, 100% used [0x00000000ece80000,0x00000000ee080000,0x00000000ee080000)
  from space 512K, 31% used [0x00000000ee180000,0x00000000ee1a8000,0x00000000ee200000)
  to   space 512K, 0% used [0x00000000ee100000,0x00000000ee100000,0x00000000ee180000)
 ParOldGen       total 22528K, used 19324K [0x00000000c6c00000, 0x00000000c8200000, 0x00000000ece80000)
  object space 22528K, 85% used [0x00000000c6c00000,0x00000000c7edf020,0x00000000c8200000)
 PSPermGen       total 54784K, used 26251K [0x00000000bc600000, 0x00000000bfb80000, 0x00000000c6c00000)
  object space 54784K, 47% used [0x00000000bc600000,0x00000000bdfa2e10,0x00000000bfb80000)
Event: 7030,370 GC heap after
Heap after GC invocations=1157 (full 4):
 PSYoungGen      total 18944K, used 160K [0x00000000ece80000, 0x00000000ee200000, 0x0000000100000000)
  eden space 18432K, 0% used [0x00000000ece80000,0x00000000ece80000,0x00000000ee080000)
  from space 512K, 31% used [0x00000000ee100000,0x00000000ee128000,0x00000000ee180000)
  to   space 512K, 0% used [0x00000000ee180000,0x00000000ee180000,0x00000000ee200000)
 ParOldGen       total 22528K, used 19380K [0x00000000c6c00000, 0x00000000c8200000, 0x00000000ece80000)
  object space 22528K, 86% used [0x00000000c6c00000,0x00000000c7eed020,0x00000000c8200000)
 PSPermGen       total 54784K, used 26251K [0x00000000bc600000, 0x00000000bfb80000, 0x00000000c6c00000)
  object space 54784K, 47% used [0x00000000bc600000,0x00000000bdfa2e10,0x00000000bfb80000)
}
Event: 7035,403 GC heap before
{Heap before GC invocations=1158 (full 4):
 PSYoungGen      total 18944K, used 18592K [0x00000000ece80000, 0x00000000ee200000, 0x0000000100000000)
  eden space 18432K, 100% used [0x00000000ece80000,0x00000000ee080000,0x00000000ee080000)
  from space 512K, 31% used [0x00000000ee100000,0x00000000ee128000,0x00000000ee180000)
  to   space 512K, 0% used [0x00000000ee180000,0x00000000ee180000,0x00000000ee200000)
 ParOldGen       total 22528K, used 19380K [0x00000000c6c00000, 0x00000000c8200000, 0x00000000ece80000)
  object space 22528K, 86% used [0x00000000c6c00000,0x00000000c7eed020,0x00000000c8200000)
 PSPermGen       total 54784K, used 26251K [0x00000000bc600000, 0x00000000bfb80000, 0x00000000c6c00000)
  object space 54784K, 47% used [0x00000000bc600000,0x00000000bdfa2e10,0x00000000bfb80000)
Event: 7035,405 GC heap after
Heap after GC invocations=1158 (full 4):
 PSYoungGen      total 18944K, used 128K [0x00000000ece80000, 0x00000000ee200000, 0x0000000100000000)
  eden space 18432K, 0% used [0x00000000ece80000,0x00000000ece80000,0x00000000ee080000)
  from space 512K, 25% used [0x00000000ee180000,0x00000000ee1a0000,0x00000000ee200000)
  to   space 512K, 0% used [0x00000000ee100000,0x00000000ee100000,0x00000000ee180000)
 ParOldGen       total 22528K, used 19436K [0x00000000c6c00000, 0x00000000c8200000, 0x00000000ece80000)
  object space 22528K, 86% used [0x00000000c6c00000,0x00000000c7efb020,0x00000000c8200000)
 PSPermGen       total 54784K, used 26251K [0x00000000bc600000, 0x00000000bfb80000, 0x00000000c6c00000)
  object space 54784K, 47% used [0x00000000bc600000,0x00000000bdfa2e10,0x00000000bfb80000)
}

Deoptimization events (10 events):
Event: 3615,151 Thread 0x00007f60f8002800 Uncommon trap: reason=class_check action=maybe_recompile pc=0x00007f617d46042c method=java.lang.ThreadLocal$ThreadLocalMap.getEntryAfterMiss(Ljava/lang/ThreadLocal;ILjava/lang/ThreadLocal$ThreadLocalMap$Entry;)Ljava/lang/ThreadLocal$ThreadLocalMap$Entry; 
Event: 3615,151 Thread 0x00007f612401c000 Uncommon trap: reason=class_check action=maybe_recompile pc=0x00007f617d46042c method=java.lang.ThreadLocal$ThreadLocalMap.getEntryAfterMiss(Ljava/lang/ThreadLocal;ILjava/lang/ThreadLocal$ThreadLocalMap$Entry;)Ljava/lang/ThreadLocal$ThreadLocalMap$Entry; 
Event: 6302,946 Thread 0x00007f612401c000 Uncommon trap: reason=unreached action=reinterpret pc=0x00007f617d46346c method=java.util.concurrent.ConcurrentSkipListMap.doPut(Ljava/lang/Object;Ljava/lang/Object;Z)Ljava/lang/Object; @ 83
Event: 6704,137 Thread 0x00007f612401c000 Uncommon trap: reason=array_check action=maybe_recompile pc=0x00007f617d48c250 method=java.util.TimSort.mergeLo(IIII)V @ 371
Event: 6704,137 Thread 0x00007f612401c000 Uncommon trap: reason=array_check action=maybe_recompile pc=0x00007f617d48c250 method=java.util.TimSort.mergeLo(IIII)V @ 371
Event: 6704,137 Thread 0x00007f612401c000 Uncommon trap: reason=array_check action=maybe_recompile pc=0x00007f617d10f594 method=java.util.TimSort.mergeHi(IIII)V @ 239
Event: 6734,151 Thread 0x00007f610c005000 Uncommon trap: reason=class_check action=maybe_recompile pc=0x00007f617d3509ac method=org.eclipse.jetty.util.thread.QueuedThreadPool.idleJobPoll()Ljava/lang/Runnable; @ 17
Event: 7037,699 Thread 0x00007f612402a800 Uncommon trap: reason=class_check action=maybe_recompile pc=0x00007f617d1e1978 method=java.nio.channels.spi.AbstractInterruptibleChannel.close()V @ 23
Event: 7037,699 Thread 0x00007f612402a800 Uncommon trap: reason=class_check action=maybe_recompile pc=0x00007f617d1bff80 method=java.nio.channels.spi.AbstractSelectableChannel.implCloseChannel()V @ 1
Event: 7037,699 Thread 0x00007f6180650800 Uncommon trap: reason=unloaded action=reinterpret pc=0x00007f617d32af48 method=java.nio.channels.spi.AbstractInterruptibleChannel.end(Z)V @ 41

Internal exceptions (10 events):
Event: 2020,541 Thread 0x00007f6124009800 Implicit null exception at 0x00007f617d410386 to 0x00007f617d411095
Event: 2020,554 Thread 0x00007f6124009800 Threw 0x00000000eceebef8 at /build/buildd/openjdk-7-7u75-2.5.4/build/openjdk/hotspot/src/share/vm/prims/jvm.cpp:1284
Event: 2020,563 Thread 0x00007f6124009800 Implicit null exception at 0x00007f617d3bf9c3 to 0x00007f617d3c01bd
Event: 2020,564 Thread 0x00007f6124009800 Threw 0x00000000ecf633e0 at /build/buildd/openjdk-7-7u75-2.5.4/build/openjdk/hotspot/src/share/vm/prims/jvm.cpp:1284
Event: 2020,567 Thread 0x00007f6124009800 Threw 0x00000000ecf68678 at /build/buildd/openjdk-7-7u75-2.5.4/build/openjdk/hotspot/src/share/vm/prims/jvm.cpp:1284
Event: 2020,567 Thread 0x00007f6124009800 Threw 0x00000000ecf6bc60 at /build/buildd/openjdk-7-7u75-2.5.4/build/openjdk/hotspot/src/share/vm/prims/jvm.cpp:1284
Event: 2020,568 Thread 0x00007f6124009800 Threw 0x00000000ecf6f1a0 at /build/buildd/openjdk-7-7u75-2.5.4/build/openjdk/hotspot/src/share/vm/prims/jvm.cpp:1284
Event: 2020,569 Thread 0x00007f6124009800 Threw 0x00000000ecf73208 at /build/buildd/openjdk-7-7u75-2.5.4/build/openjdk/hotspot/src/share/vm/prims/jvm.cpp:1284
Event: 2020,570 Thread 0x00007f6124009800 Threw 0x00000000ecf78f80 at /build/buildd/openjdk-7-7u75-2.5.4/build/openjdk/hotspot/src/share/vm/prims/jvm.cpp:1284
Event: 7037,699 Thread 0x00007f612402a800 Threw 0x00000000ed746ea8 at /build/buildd/openjdk-7-7u75-2.5.4/build/openjdk/hotspot/src/share/vm/prims/jvm.cpp:1284

Events (10 events):
Event: 7037,699 Thread 0x00007f612402a800 DEOPT PACKING pc=0x00007f617d1e1978 sp=0x00007f61454e7740
Event: 7037,699 Thread 0x00007f612402a800 DEOPT UNPACKING pc=0x00007f617d039445 sp=0x00007f61454e76f8 mode 2
Event: 7037,699 Thread 0x00007f612402a800 Uncommon trap: trap_request=0xffffffde fr.pc=0x00007f617d1bff80
Event: 7037,699 Thread 0x00007f612402a800 DEOPT PACKING pc=0x00007f617d1bff80 sp=0x00007f61454e7690
Event: 7037,699 Thread 0x00007f612402a800 DEOPT UNPACKING pc=0x00007f617d039445 sp=0x00007f61454e7670 mode 2
Event: 7037,699 Thread 0x00007f6124009800 Thread exited: 0x00007f6124009800
Event: 7037,699 Thread 0x00007f6180650800 Uncommon trap: trap_request=0x00000010 fr.pc=0x00007f617d32af48
Event: 7037,699 loading class 0x00007f61540ea490
Event: 7037,699 loading class 0x00007f61805b3ca0
Event: 7037,699 loading class 0x00007f61805b3ca0 done


Dynamic libraries:
00400000-00401000 r-xp 00000000 08:06 527011                             /usr/lib/jvm/java-7-openjdk-amd64/jre/bin/java
00600000-00601000 r--p 00000000 08:06 527011                             /usr/lib/jvm/java-7-openjdk-amd64/jre/bin/java
00601000-00602000 rw-p 00001000 08:06 527011                             /usr/lib/jvm/java-7-openjdk-amd64/jre/bin/java
0224a000-0226b000 rw-p 00000000 00:00 0                                  [heap]
bc600000-bfb80000 rw-p 00000000 00:00 0 
bfb80000-c0000000 ---p 00000000 00:00 0 
c0000000-c6c00000 rw-p 00000000 00:00 0 
c6c00000-c8200000 rw-p 00000000 00:00 0 
c8200000-c9200000 ---p 00000000 00:00 0 
c9200000-ece80000 rw-p 00000000 00:00 0 
ece80000-ee200000 rw-p 00000000 00:00 0 
ee200000-f1b80000 ---p 00000000 00:00 0 
f1b80000-100000000 rw-p 00000000 00:00 0 
7f60f8000000-7f60f8053000 rw-p 00000000 00:00 0 
7f60f8053000-7f60fc000000 ---p 00000000 00:00 0 
7f6100000000-7f6100021000 rw-p 00000000 00:00 0 
7f6100021000-7f6104000000 ---p 00000000 00:00 0 
7f6104000000-7f6104021000 rw-p 00000000 00:00 0 
7f6104021000-7f6108000000 ---p 00000000 00:00 0 
7f6108000000-7f6108021000 rw-p 00000000 00:00 0 
7f6108021000-7f610c000000 ---p 00000000 00:00 0 
7f610c000000-7f610c021000 rw-p 00000000 00:00 0 
7f610c021000-7f6110000000 ---p 00000000 00:00 0 
7f6110000000-7f6110021000 rw-p 00000000 00:00 0 
7f6110021000-7f6114000000 ---p 00000000 00:00 0 
7f6114000000-7f6114021000 rw-p 00000000 00:00 0 
7f6114021000-7f6118000000 ---p 00000000 00:00 0 
7f6118000000-7f611803f000 rw-p 00000000 00:00 0 
7f611803f000-7f611c000000 ---p 00000000 00:00 0 
7f611c000000-7f611c029000 rw-p 00000000 00:00 0 
7f611c029000-7f6120000000 ---p 00000000 00:00 0 
7f6120000000-7f6120021000 rw-p 00000000 00:00 0 
7f6120021000-7f6124000000 ---p 00000000 00:00 0 
7f6124000000-7f6124034000 rw-p 00000000 00:00 0 
7f6124034000-7f6128000000 ---p 00000000 00:00 0 
7f6128000000-7f6128021000 rw-p 00000000 00:00 0 
7f6128021000-7f612c000000 ---p 00000000 00:00 0 
7f612c000000-7f612c021000 rw-p 00000000 00:00 0 
7f612c021000-7f6130000000 ---p 00000000 00:00 0 
7f6130000000-7f6130021000 rw-p 00000000 00:00 0 
7f6130021000-7f6134000000 ---p 00000000 00:00 0 
7f6134000000-7f6134241000 rw-p 00000000 00:00 0 
7f6134241000-7f6138000000 ---p 00000000 00:00 0 
7f6138000000-7f6138021000 rw-p 00000000 00:00 0 
7f6138021000-7f613c000000 ---p 00000000 00:00 0 
7f613c000000-7f613c021000 rw-p 00000000 00:00 0 
7f613c021000-7f6140000000 ---p 00000000 00:00 0 
7f6140000000-7f6140021000 rw-p 00000000 00:00 0 
7f6140021000-7f6144000000 ---p 00000000 00:00 0 
7f61453e8000-7f61453eb000 ---p 00000000 00:00 0 
7f61453eb000-7f61454e9000 rw-p 00000000 00:00 0                          [stack:12762]
7f61454e9000-7f61454ec000 ---p 00000000 00:00 0 
7f61454ec000-7f61455ea000 rw-p 00000000 00:00 0                          [stack:9592]
7f61455ea000-7f61455ed000 ---p 00000000 00:00 0 
7f61455ed000-7f61456eb000 rw-p 00000000 00:00 0 
7f61456eb000-7f61456ee000 ---p 00000000 00:00 0 
7f61456ee000-7f61457ec000 rw-p 00000000 00:00 0                          [stack:18556]
7f61457ec000-7f61457ef000 ---p 00000000 00:00 0 
7f61457ef000-7f61458ed000 rw-p 00000000 00:00 0                          [stack:14645]
7f61458ed000-7f61458f0000 ---p 00000000 00:00 0 
7f61458f0000-7f61459ee000 rw-p 00000000 00:00 0                          [stack:12173]
7f61459ee000-7f61459f1000 ---p 00000000 00:00 0 
7f61459f1000-7f6145aef000 rw-p 00000000 00:00 0                          [stack:7215]
7f6145aef000-7f6145af2000 ---p 00000000 00:00 0 
7f6145af2000-7f6145bf0000 rw-p 00000000 00:00 0                          [stack:28805]
7f6145bf0000-7f6145bf3000 ---p 00000000 00:00 0 
7f6145bf3000-7f6145cf1000 rw-p 00000000 00:00 0                          [stack:7214]
7f6145cf1000-7f6145cf4000 ---p 00000000 00:00 0 
7f6145cf4000-7f6145df2000 rw-p 00000000 00:00 0                          [stack:7211]
7f6145df2000-7f6145df5000 ---p 00000000 00:00 0 
7f6145df5000-7f6145ef3000 rw-p 00000000 00:00 0                          [stack:7210]
7f6145ef3000-7f6145ef6000 ---p 00000000 00:00 0 
7f6145ef6000-7f6145ff4000 rw-p 00000000 00:00 0                          [stack:7209]
7f6145ff4000-7f6145ff7000 ---p 00000000 00:00 0 
7f6145ff7000-7f61460f5000 rw-p 00000000 00:00 0                          [stack:7208]
7f61460f5000-7f61460f8000 ---p 00000000 00:00 0 
7f61460f8000-7f61461f6000 rw-p 00000000 00:00 0                          [stack:7207]
7f61461f6000-7f61461f9000 ---p 00000000 00:00 0 
7f61461f9000-7f61462f7000 rw-p 00000000 00:00 0                          [stack:7202]
7f61462f7000-7f61462fa000 ---p 00000000 00:00 0 
7f61462fa000-7f61463f8000 rw-p 00000000 00:00 0                          [stack:12760]
7f61463f8000-7f61463fb000 ---p 00000000 00:00 0 
7f61463fb000-7f61464f9000 rw-p 00000000 00:00 0 
7f61464f9000-7f61464fc000 ---p 00000000 00:00 0 
7f61464fc000-7f61465fa000 rw-p 00000000 00:00 0                          [stack:7186]
7f61465fa000-7f61465fd000 ---p 00000000 00:00 0 
7f61465fd000-7f61466fb000 rw-p 00000000 00:00 0                          [stack:7185]
7f61466fb000-7f61466fe000 ---p 00000000 00:00 0 
7f61466fe000-7f61467fc000 rw-p 00000000 00:00 0                          [stack:7184]
7f61467fc000-7f61467ff000 ---p 00000000 00:00 0 
7f61467ff000-7f61468fd000 rw-p 00000000 00:00 0                          [stack:7183]
7f61468fd000-7f6146900000 ---p 00000000 00:00 0 
7f6146900000-7f61469fe000 rw-p 00000000 00:00 0                          [stack:7182]
7f61469fe000-7f6146a01000 ---p 00000000 00:00 0 
7f6146a01000-7f6146aff000 rw-p 00000000 00:00 0                          [stack:7181]
7f6146aff000-7f6146b02000 ---p 00000000 00:00 0 
7f6146b02000-7f6146c00000 rw-p 00000000 00:00 0                          [stack:7178]
7f6146c00000-7f6146c08000 r-xp 00000000 08:06 133027                     /usr/lib/jvm/java-7-openjdk-amd64/jre/lib/amd64/libmanagement.so
7f6146c08000-7f6146e07000 ---p 00008000 08:06 133027                     /usr/lib/jvm/java-7-openjdk-amd64/jre/lib/amd64/libmanagement.so
7f6146e07000-7f6146e08000 r--p 00007000 08:06 133027                     /usr/lib/jvm/java-7-openjdk-amd64/jre/lib/amd64/libmanagement.so
7f6146e08000-7f6146e09000 rw-p 00008000 08:06 133027                     /usr/lib/jvm/java-7-openjdk-amd64/jre/lib/amd64/libmanagement.so
7f6146e09000-7f6146e19000 r-xp 00000000 08:06 133019                     /usr/lib/jvm/java-7-openjdk-amd64/jre/lib/amd64/libnio.so
7f6146e19000-7f6147019000 ---p 00010000 08:06 133019                     /usr/lib/jvm/java-7-openjdk-amd64/jre/lib/amd64/libnio.so
7f6147019000-7f614701a000 r--p 00010000 08:06 133019                     /usr/lib/jvm/java-7-openjdk-amd64/jre/lib/amd64/libnio.so
7f614701a000-7f614701b000 rw-p 00011000 08:06 133019                     /usr/lib/jvm/java-7-openjdk-amd64/jre/lib/amd64/libnio.so
7f614701b000-7f6147058000 r-xp 00000000 08:06 2359864                    /lib/x86_64-linux-gnu/libpcre.so.3.13.1
7f6147058000-7f6147257000 ---p 0003d000 08:06 2359864                    /lib/x86_64-linux-gnu/libpcre.so.3.13.1
7f6147257000-7f6147258000 r--p 0003c000 08:06 2359864                    /lib/x86_64-linux-gnu/libpcre.so.3.13.1
7f6147258000-7f6147259000 rw-p 0003d000 08:06 2359864                    /lib/x86_64-linux-gnu/libpcre.so.3.13.1
7f6147259000-7f6147260000 r-xp 00000000 08:06 2890503                    /usr/lib/x86_64-linux-gnu/libffi.so.6.0.1
7f6147260000-7f614745f000 ---p 00007000 08:06 2890503                    /usr/lib/x86_64-linux-gnu/libffi.so.6.0.1
7f614745f000-7f6147460000 r--p 00006000 08:06 2890503                    /usr/lib/x86_64-linux-gnu/libffi.so.6.0.1
7f6147460000-7f6147461000 rw-p 00007000 08:06 2890503                    /usr/lib/x86_64-linux-gnu/libffi.so.6.0.1
7f6147461000-7f6147478000 r-xp 00000000 08:06 2360105                    /lib/x86_64-linux-gnu/libresolv-2.19.so
7f6147478000-7f6147678000 ---p 00017000 08:06 2360105                    /lib/x86_64-linux-gnu/libresolv-2.19.so
7f6147678000-7f6147679000 r--p 00017000 08:06 2360105                    /lib/x86_64-linux-gnu/libresolv-2.19.so
7f6147679000-7f614767a000 rw-p 00018000 08:06 2360105                    /lib/x86_64-linux-gnu/libresolv-2.19.so
7f614767a000-7f614767c000 rw-p 00000000 00:00 0 
7f614767c000-7f614769c000 r-xp 00000000 08:06 2359872                    /lib/x86_64-linux-gnu/libselinux.so.1
7f614769c000-7f614789b000 ---p 00020000 08:06 2359872                    /lib/x86_64-linux-gnu/libselinux.so.1
7f614789b000-7f614789c000 r--p 0001f000 08:06 2359872                    /lib/x86_64-linux-gnu/libselinux.so.1
7f614789c000-7f614789d000 rw-p 00020000 08:06 2359872                    /lib/x86_64-linux-gnu/libselinux.so.1
7f614789d000-7f614789f000 rw-p 00000000 00:00 0 
7f614789f000-7f61478a2000 r-xp 00000000 08:06 2883852                    /usr/lib/x86_64-linux-gnu/libgmodule-2.0.so.0.4200.2
7f61478a2000-7f6147aa1000 ---p 00003000 08:06 2883852                    /usr/lib/x86_64-linux-gnu/libgmodule-2.0.so.0.4200.2
7f6147aa1000-7f6147aa2000 r--p 00002000 08:06 2883852                    /usr/lib/x86_64-linux-gnu/libgmodule-2.0.so.0.4200.2
7f6147aa2000-7f6147aa3000 rw-p 00003000 08:06 2883852                    /usr/lib/x86_64-linux-gnu/libgmodule-2.0.so.0.4200.2
7f6147aa3000-7f6147bad000 r-xp 00000000 08:06 2359678                    /lib/x86_64-linux-gnu/libglib-2.0.so.0.4200.2
7f6147bad000-7f6147dac000 ---p 0010a000 08:06 2359678                    /lib/x86_64-linux-gnu/libglib-2.0.so.0.4200.2
7f6147dac000-7f6147dad000 r--p 00109000 08:06 2359678                    /lib/x86_64-linux-gnu/libglib-2.0.so.0.4200.2
7f6147dad000-7f6147dae000 rw-p 0010a000 08:06 2359678                    /lib/x86_64-linux-gnu/libglib-2.0.so.0.4200.2
7f6147dae000-7f6147daf000 rw-p 00000000 00:00 0 
7f6147daf000-7f6147dfe000 r-xp 00000000 08:06 2883851                    /usr/lib/x86_64-linux-gnu/libgobject-2.0.so.0.4200.2
7f6147dfe000-7f6147ffe000 ---p 0004f000 08:06 2883851                    /usr/lib/x86_64-linux-gnu/libgobject-2.0.so.0.4200.2
7f6147ffe000-7f6147fff000 r--p 0004f000 08:06 2883851                    /usr/lib/x86_64-linux-gnu/libgobject-2.0.so.0.4200.2
7f6147fff000-7f6148000000 rw-p 00050000 08:06 2883851                    /usr/lib/x86_64-linux-gnu/libgobject-2.0.so.0.4200.2
7f6148000000-7f6148ffa000 rw-p 00000000 00:00 0 
7f6148ffa000-7f614c000000 ---p 00000000 00:00 0 
7f614c000000-7f614c021000 rw-p 00000000 00:00 0 
7f614c021000-7f6150000000 ---p 00000000 00:00 0 
7f6150000000-7f6150021000 rw-p 00000000 00:00 0 
7f6150021000-7f6154000000 ---p 00000000 00:00 0 
7f6154000000-7f61553d9000 rw-p 00000000 00:00 0 
7f61553d9000-7f6158000000 ---p 00000000 00:00 0 
7f6158000000-7f6158021000 rw-p 00000000 00:00 0 
7f6158021000-7f615c000000 ---p 00000000 00:00 0 
7f615c000000-7f615c021000 rw-p 00000000 00:00 0 
7f615c021000-7f6160000000 ---p 00000000 00:00 0 
7f6160000000-7f6160034000 rw-p 00000000 00:00 0 
7f6160034000-7f6164000000 ---p 00000000 00:00 0 
7f6164000000-7f6164062000 rw-p 00000000 00:00 0 
7f6164062000-7f6168000000 ---p 00000000 00:00 0 
7f6168000000-7f6168033000 rw-p 00000000 00:00 0 
7f6168033000-7f616c000000 ---p 00000000 00:00 0 
7f616c000000-7f616c021000 rw-p 00000000 00:00 0 
7f616c021000-7f6170000000 ---p 00000000 00:00 0 
7f6170000000-7f6170038000 rw-p 00000000 00:00 0 
7f6170038000-7f6174000000 ---p 00000000 00:00 0 
7f6174050000-7f6174053000 ---p 00000000 00:00 0 
7f6174053000-7f6174151000 rw-p 00000000 00:00 0                          [stack:7149]
7f6174151000-7f61742bd000 r-xp 00000000 08:06 2883844                    /usr/lib/x86_64-linux-gnu/libgio-2.0.so.0.4200.2
7f61742bd000-7f61744bd000 ---p 0016c000 08:06 2883844                    /usr/lib/x86_64-linux-gnu/libgio-2.0.so.0.4200.2
7f61744bd000-7f61744c1000 r--p 0016c000 08:06 2883844                    /usr/lib/x86_64-linux-gnu/libgio-2.0.so.0.4200.2
7f61744c1000-7f61744c3000 rw-p 00170000 08:06 2883844                    /usr/lib/x86_64-linux-gnu/libgio-2.0.so.0.4200.2
7f61744c3000-7f61744c5000 rw-p 00000000 00:00 0 
7f61744c5000-7f61744dc000 r-xp 00000000 08:06 133023                     /usr/lib/jvm/java-7-openjdk-amd64/jre/lib/amd64/libnet.so
7f61744dc000-7f61746db000 ---p 00017000 08:06 133023                     /usr/lib/jvm/java-7-openjdk-amd64/jre/lib/amd64/libnet.so
7f61746db000-7f61746dc000 r--p 00016000 08:06 133023                     /usr/lib/jvm/java-7-openjdk-amd64/jre/lib/amd64/libnet.so
7f61746dc000-7f61746dd000 rw-p 00017000 08:06 133023                     /usr/lib/jvm/java-7-openjdk-amd64/jre/lib/amd64/libnet.so
7f61746dd000-7f61747e0000 r--s 00c1e000 08:06 2248959                    /home/metskem/workspace/dropwizardtest/target/original-dropwizardtest-1.0-SNAPSHOT.jar
7f61747e0000-7f61747e1000 ---p 00000000 00:00 0 
7f61747e1000-7f61748e1000 rw-p 00000000 00:00 0                          [stack:6932]
7f61748e1000-7f61748e4000 ---p 00000000 00:00 0 
7f61748e4000-7f61749e2000 rw-p 00000000 00:00 0                          [stack:6931]
7f61749e2000-7f61749e5000 ---p 00000000 00:00 0 
7f61749e5000-7f6174ae3000 rw-p 00000000 00:00 0                          [stack:6930]
7f6174ae3000-7f6174ae6000 ---p 00000000 00:00 0 
7f6174ae6000-7f6174be4000 rw-p 00000000 00:00 0                          [stack:6929]
7f6174be4000-7f6174be7000 ---p 00000000 00:00 0 
7f6174be7000-7f6174ce5000 rw-p 00000000 00:00 0                          [stack:6928]
7f6174ce5000-7f6175224000 r--p 00000000 08:06 2777167                    /usr/lib/locale/locale-archive
7f6175224000-7f6175227000 ---p 00000000 00:00 0 
7f6175227000-7f6175325000 rw-p 00000000 00:00 0                          [stack:6919]
7f6175325000-7f6175328000 ---p 00000000 00:00 0 
7f6175328000-7f6175426000 rw-p 00000000 00:00 0                          [stack:6918]
7f6175426000-7f6175427000 ---p 00000000 00:00 0 
7f6175427000-7f6178000000 rw-p 00000000 00:00 0                          [stack:6917]
7f6178000000-7f617802b000 rw-p 00000000 00:00 0 
7f617802b000-7f617c000000 ---p 00000000 00:00 0 
7f617c0ba000-7f617c709000 rw-p 00000000 00:00 0 
7f617c709000-7f617c8bb000 r--s 01d23000 08:06 3160836                    /usr/lib/jvm/java-7-openjdk-amd64/jre/lib/rt.jar
7f617c8bb000-7f617cba9000 rw-p 00000000 00:00 0 
7f617cba9000-7f617cbaa000 ---p 00000000 00:00 0 
7f617cbaa000-7f617ccaa000 rw-p 00000000 00:00 0                          [stack:6913]
7f617ccaa000-7f617ccab000 ---p 00000000 00:00 0 
7f617ccab000-7f617cdab000 rw-p 00000000 00:00 0                          [stack:6912]
7f617cdab000-7f617cdac000 ---p 00000000 00:00 0 
7f617cdac000-7f617ceac000 rw-p 00000000 00:00 0                          [stack:6911]
7f617ceac000-7f617cead000 ---p 00000000 00:00 0 
7f617cead000-7f617cfc8000 rw-p 00000000 00:00 0                          [stack:6909]
7f617cfc8000-7f617cfca000 ---p 00000000 00:00 0 
7f617cfca000-7f617d000000 rw-p 00000000 00:00 0 
7f617d000000-7f617d4c0000 rwxp 00000000 00:00 0 
7f617d4c0000-7f618081c000 rw-p 00000000 00:00 0 
7f618081c000-7f6184000000 ---p 00000000 00:00 0 
7f6184014000-7f618401d000 r--s 000b9000 08:06 3160838                    /usr/lib/jvm/java-7-openjdk-amd64/jre/lib/resources.jar
7f618401d000-7f6184028000 rw-p 00000000 00:00 0 
7f6184028000-7f6184030000 ---p 00000000 00:00 0 
7f6184030000-7f618414f000 rw-p 00000000 00:00 0 
7f618414f000-7f618416a000 rw-p 00000000 00:00 0 
7f618416a000-7f618416c000 ---p 00000000 00:00 0 
7f618416c000-7f61841a2000 rw-p 00000000 00:00 0 
7f61841a2000-7f61841ad000 rw-p 00000000 00:00 0 
7f61841ad000-7f61841b5000 ---p 00000000 00:00 0 
7f61841b5000-7f61842d3000 rw-p 00000000 00:00 0 
7f61842d3000-7f61842dd000 rw-p 00000000 00:00 0 
7f61842dd000-7f61842fa000 ---p 00000000 00:00 0 
7f61842fa000-7f618436c000 rw-p 00000000 00:00 0 
7f618436c000-7f618436d000 rw-p 00000000 00:00 0 
7f618436d000-7f6184375000 r-xp 00000000 08:06 133044                     /usr/lib/jvm/java-7-openjdk-amd64/jre/lib/amd64/libzip.so
7f6184375000-7f6184574000 ---p 00008000 08:06 133044                     /usr/lib/jvm/java-7-openjdk-amd64/jre/lib/amd64/libzip.so
7f6184574000-7f6184575000 r--p 00007000 08:06 133044                     /usr/lib/jvm/java-7-openjdk-amd64/jre/lib/amd64/libzip.so
7f6184575000-7f6184576000 rw-p 00008000 08:06 133044                     /usr/lib/jvm/java-7-openjdk-amd64/jre/lib/amd64/libzip.so
7f6184576000-7f6184581000 r-xp 00000000 08:06 2360107                    /lib/x86_64-linux-gnu/libnss_files-2.19.so
7f6184581000-7f6184780000 ---p 0000b000 08:06 2360107                    /lib/x86_64-linux-gnu/libnss_files-2.19.so
7f6184780000-7f6184781000 r--p 0000a000 08:06 2360107                    /lib/x86_64-linux-gnu/libnss_files-2.19.so
7f6184781000-7f6184782000 rw-p 0000b000 08:06 2360107                    /lib/x86_64-linux-gnu/libnss_files-2.19.so
7f6184782000-7f618478d000 r-xp 00000000 08:06 2360135                    /lib/x86_64-linux-gnu/libnss_nis-2.19.so
7f618478d000-7f618498c000 ---p 0000b000 08:06 2360135                    /lib/x86_64-linux-gnu/libnss_nis-2.19.so
7f618498c000-7f618498d000 r--p 0000a000 08:06 2360135                    /lib/x86_64-linux-gnu/libnss_nis-2.19.so
7f618498d000-7f618498e000 rw-p 0000b000 08:06 2360135                    /lib/x86_64-linux-gnu/libnss_nis-2.19.so
7f618498e000-7f61849a5000 r-xp 00000000 08:06 2360117                    /lib/x86_64-linux-gnu/libnsl-2.19.so
7f61849a5000-7f6184ba4000 ---p 00017000 08:06 2360117                    /lib/x86_64-linux-gnu/libnsl-2.19.so
7f6184ba4000-7f6184ba5000 r--p 00016000 08:06 2360117                    /lib/x86_64-linux-gnu/libnsl-2.19.so
7f6184ba5000-7f6184ba6000 rw-p 00017000 08:06 2360117                    /lib/x86_64-linux-gnu/libnsl-2.19.so
7f6184ba6000-7f6184ba8000 rw-p 00000000 00:00 0 
7f6184ba8000-7f6184bb1000 r-xp 00000000 08:06 2360116                    /lib/x86_64-linux-gnu/libnss_compat-2.19.so
7f6184bb1000-7f6184db0000 ---p 00009000 08:06 2360116                    /lib/x86_64-linux-gnu/libnss_compat-2.19.so
7f6184db0000-7f6184db1000 r--p 00008000 08:06 2360116                    /lib/x86_64-linux-gnu/libnss_compat-2.19.so
7f6184db1000-7f6184db2000 rw-p 00009000 08:06 2360116                    /lib/x86_64-linux-gnu/libnss_compat-2.19.so
7f6184db2000-7f6184ddd000 r-xp 00000000 08:06 133031                     /usr/lib/jvm/java-7-openjdk-amd64/jre/lib/amd64/libjava.so
7f6184ddd000-7f6184fdd000 ---p 0002b000 08:06 133031                     /usr/lib/jvm/java-7-openjdk-amd64/jre/lib/amd64/libjava.so
7f6184fdd000-7f6184fde000 r--p 0002b000 08:06 133031                     /usr/lib/jvm/java-7-openjdk-amd64/jre/lib/amd64/libjava.so
7f6184fde000-7f6184fe0000 rw-p 0002c000 08:06 133031                     /usr/lib/jvm/java-7-openjdk-amd64/jre/lib/amd64/libjava.so
7f6184fe0000-7f6184ff0000 r-xp 00000000 08:06 133030                     /usr/lib/jvm/java-7-openjdk-amd64/jre/lib/amd64/libverify.so
7f6184ff0000-7f61851ef000 ---p 00010000 08:06 133030                     /usr/lib/jvm/java-7-openjdk-amd64/jre/lib/amd64/libverify.so
7f61851ef000-7f61851f1000 r--p 0000f000 08:06 133030                     /usr/lib/jvm/java-7-openjdk-amd64/jre/lib/amd64/libverify.so
7f61851f1000-7f61851f2000 rw-p 00011000 08:06 133030                     /usr/lib/jvm/java-7-openjdk-amd64/jre/lib/amd64/libverify.so
7f61851f2000-7f61851f9000 r-xp 00000000 08:06 2360132                    /lib/x86_64-linux-gnu/librt-2.19.so
7f61851f9000-7f61853f8000 ---p 00007000 08:06 2360132                    /lib/x86_64-linux-gnu/librt-2.19.so
7f61853f8000-7f61853f9000 r--p 00006000 08:06 2360132                    /lib/x86_64-linux-gnu/librt-2.19.so
7f61853f9000-7f61853fa000 rw-p 00007000 08:06 2360132                    /lib/x86_64-linux-gnu/librt-2.19.so
7f61853fa000-7f6185410000 r-xp 00000000 08:06 2359687                    /lib/x86_64-linux-gnu/libgcc_s.so.1
7f6185410000-7f618560f000 ---p 00016000 08:06 2359687                    /lib/x86_64-linux-gnu/libgcc_s.so.1
7f618560f000-7f6185610000 rw-p 00015000 08:06 2359687                    /lib/x86_64-linux-gnu/libgcc_s.so.1
7f6185610000-7f6185715000 r-xp 00000000 08:06 2360106                    /lib/x86_64-linux-gnu/libm-2.19.so
7f6185715000-7f6185914000 ---p 00105000 08:06 2360106                    /lib/x86_64-linux-gnu/libm-2.19.so
7f6185914000-7f6185915000 r--p 00104000 08:06 2360106                    /lib/x86_64-linux-gnu/libm-2.19.so
7f6185915000-7f6185916000 rw-p 00105000 08:06 2360106                    /lib/x86_64-linux-gnu/libm-2.19.so
7f6185916000-7f61859fc000 r-xp 00000000 08:06 2891503                    /usr/lib/x86_64-linux-gnu/libstdc++.so.6.0.19
7f61859fc000-7f6185bfb000 ---p 000e6000 08:06 2891503                    /usr/lib/x86_64-linux-gnu/libstdc++.so.6.0.19
7f6185bfb000-7f6185c03000 r--p 000e5000 08:06 2891503                    /usr/lib/x86_64-linux-gnu/libstdc++.so.6.0.19
7f6185c03000-7f6185c05000 rw-p 000ed000 08:06 2891503                    /usr/lib/x86_64-linux-gnu/libstdc++.so.6.0.19
7f6185c05000-7f6185c1a000 rw-p 00000000 00:00 0 
7f6185c1a000-7f6186732000 r-xp 00000000 08:06 527010                     /usr/lib/jvm/java-7-openjdk-amd64/jre/lib/amd64/server/libjvm.so
7f6186732000-7f6186932000 ---p 00b18000 08:06 527010                     /usr/lib/jvm/java-7-openjdk-amd64/jre/lib/amd64/server/libjvm.so
7f6186932000-7f61869cc000 r--p 00b18000 08:06 527010                     /usr/lib/jvm/java-7-openjdk-amd64/jre/lib/amd64/server/libjvm.so
7f61869cc000-7f61869ef000 rw-p 00bb2000 08:06 527010                     /usr/lib/jvm/java-7-openjdk-amd64/jre/lib/amd64/server/libjvm.so
7f61869ef000-7f6186a1d000 rw-p 00000000 00:00 0 
7f6186a1d000-7f6186a35000 r-xp 00000000 08:06 2359685                    /lib/x86_64-linux-gnu/libz.so.1.2.8
7f6186a35000-7f6186c34000 ---p 00018000 08:06 2359685                    /lib/x86_64-linux-gnu/libz.so.1.2.8
7f6186c34000-7f6186c35000 r--p 00017000 08:06 2359685                    /lib/x86_64-linux-gnu/libz.so.1.2.8
7f6186c35000-7f6186c36000 rw-p 00018000 08:06 2359685                    /lib/x86_64-linux-gnu/libz.so.1.2.8
7f6186c36000-7f6186c4f000 r-xp 00000000 08:06 2360130                    /lib/x86_64-linux-gnu/libpthread-2.19.so
7f6186c4f000-7f6186e4e000 ---p 00019000 08:06 2360130                    /lib/x86_64-linux-gnu/libpthread-2.19.so
7f6186e4e000-7f6186e4f000 r--p 00018000 08:06 2360130                    /lib/x86_64-linux-gnu/libpthread-2.19.so
7f6186e4f000-7f6186e50000 rw-p 00019000 08:06 2360130                    /lib/x86_64-linux-gnu/libpthread-2.19.so
7f6186e50000-7f6186e54000 rw-p 00000000 00:00 0 
7f6186e54000-7f6186e57000 r-xp 00000000 08:06 2360110                    /lib/x86_64-linux-gnu/libdl-2.19.so
7f6186e57000-7f6187056000 ---p 00003000 08:06 2360110                    /lib/x86_64-linux-gnu/libdl-2.19.so
7f6187056000-7f6187057000 r--p 00002000 08:06 2360110                    /lib/x86_64-linux-gnu/libdl-2.19.so
7f6187057000-7f6187058000 rw-p 00003000 08:06 2360110                    /lib/x86_64-linux-gnu/libdl-2.19.so
7f6187058000-7f6187213000 r-xp 00000000 08:06 2360126                    /lib/x86_64-linux-gnu/libc-2.19.so
7f6187213000-7f6187412000 ---p 001bb000 08:06 2360126                    /lib/x86_64-linux-gnu/libc-2.19.so
7f6187412000-7f6187416000 r--p 001ba000 08:06 2360126                    /lib/x86_64-linux-gnu/libc-2.19.so
7f6187416000-7f6187418000 rw-p 001be000 08:06 2360126                    /lib/x86_64-linux-gnu/libc-2.19.so
7f6187418000-7f618741d000 rw-p 00000000 00:00 0 
7f618741d000-7f618742a000 r-xp 00000000 08:06 527002                     /usr/lib/jvm/java-7-openjdk-amd64/jre/lib/amd64/jli/libjli.so
7f618742a000-7f6187629000 ---p 0000d000 08:06 527002                     /usr/lib/jvm/java-7-openjdk-amd64/jre/lib/amd64/jli/libjli.so
7f6187629000-7f618762a000 r--p 0000c000 08:06 527002                     /usr/lib/jvm/java-7-openjdk-amd64/jre/lib/amd64/jli/libjli.so
7f618762a000-7f618762b000 rw-p 0000d000 08:06 527002                     /usr/lib/jvm/java-7-openjdk-amd64/jre/lib/amd64/jli/libjli.so
7f618762b000-7f618764e000 r-xp 00000000 08:06 2360122                    /lib/x86_64-linux-gnu/ld-2.19.so
7f6187651000-7f6187652000 rw-p 00000000 00:00 0 
7f6187652000-7f6187656000 r--s 00034000 08:06 3292189                    /usr/lib/jvm/java-7-openjdk-amd64/jre/lib/ext/sunjce_provider.jar
7f6187656000-7f618767f000 rw-p 00000000 00:00 0 
7f618767f000-7f618772c000 rw-p 00000000 00:00 0 
7f618772c000-7f618772f000 ---p 00000000 00:00 0 
7f618772f000-7f6187832000 rw-p 00000000 00:00 0                          [stack:6907]
7f6187832000-7f6187833000 r--s 00002000 08:06 3292191                    /usr/lib/jvm/java-7-openjdk-amd64/jre/lib/ext/dnsns.jar
7f6187833000-7f6187835000 r--s 00006000 08:06 3285828                    /usr/share/java/java-atk-wrapper.jar
7f6187835000-7f6187837000 r--s 00012000 08:06 3292190                    /usr/lib/jvm/java-7-openjdk-amd64/jre/lib/ext/zipfs.jar
7f6187837000-7f618783b000 r--s 0003c000 08:06 3292188                    /usr/lib/jvm/java-7-openjdk-amd64/jre/lib/ext/sunpkcs11.jar
7f618783b000-7f618783e000 r--s 00086000 08:06 3292192                    /usr/lib/jvm/java-7-openjdk-amd64/jre/lib/ext/localedata.jar
7f618783e000-7f6187841000 r--s 0000f000 08:06 3292186                    /usr/lib/jvm/java-7-openjdk-amd64/jre/lib/ext/icedtea-sound.jar
7f6187841000-7f6187849000 rw-s 00000000 08:06 1835088                    /tmp/hsperfdata_metskem/6901
7f6187849000-7f618784a000 rw-p 00000000 00:00 0 
7f618784a000-7f618784b000 r--p 00000000 00:00 0 
7f618784b000-7f618784d000 rw-p 00000000 00:00 0 
7f618784d000-7f618784e000 r--p 00022000 08:06 2360122                    /lib/x86_64-linux-gnu/ld-2.19.so
7f618784e000-7f618784f000 rw-p 00023000 08:06 2360122                    /lib/x86_64-linux-gnu/ld-2.19.so
7f618784f000-7f6187850000 rw-p 00000000 00:00 0 
7fff59e48000-7fff59e6a000 rw-p 00000000 00:00 0                          [stack]
7fff59ffe000-7fff5a000000 r-xp 00000000 00:00 0                          [vdso]
ffffffffff600000-ffffffffff601000 r-xp 00000000 00:00 0                  [vsyscall]

VM Arguments:
java_command: dropwizardtest-1.0-SNAPSHOT.jar server ../src/main/resources/hello-world.yaml
Launcher Type: SUN_STANDARD

Environment Variables:
PATH=/home/metskem/bin:/home/metskem/bin:/bin:/usr/local/go/bin:/usr/local/etcd:/home/metskem/androidstuff/adt-bundle-linux-x86_64-20140702/sdk/tools:/home/metskem/androidstuff/adt-bundle-linux-x86_64-20140702/sdk/platform-tools:/usr/local/apache-maven-3.0.5/bin:/usr/local/node-v0.10.31-linux-x86/bin:/usr/local/sbin:/usr/local/bin:/usr/sbin:/usr/bin:/sbin:/bin:/usr/games:/usr/local/games
SHELL=/bin/bash
DISPLAY=:0

Signal Handlers:
SIGSEGV: [libjvm.so+0x94b4b0], sa_mask[0]=0x7ffbfeff, sa_flags=0x10000004
SIGBUS: [libjvm.so+0x94b4b0], sa_mask[0]=0x7ffbfeff, sa_flags=0x10000004
SIGFPE: [libjvm.so+0x7c3390], sa_mask[0]=0x7ffbfeff, sa_flags=0x10000004
SIGPIPE: [libjvm.so+0x7c3390], sa_mask[0]=0x7ffbfeff, sa_flags=0x10000004
SIGXFSZ: [libjvm.so+0x7c3390], sa_mask[0]=0x7ffbfeff, sa_flags=0x10000004
SIGILL: [libjvm.so+0x7c3390], sa_mask[0]=0x7ffbfeff, sa_flags=0x10000004
SIGUSR1: SIG_DFL, sa_mask[0]=0x00000000, sa_flags=0x00000000
SIGUSR2: [libjvm.so+0x7c3230], sa_mask[0]=0x00000000, sa_flags=0x10000004
SIGHUP: [libjvm.so+0x7c3410], sa_mask[0]=0x7ffbfeff, sa_flags=0x10000004
SIGINT: [libjvm.so+0x7c3410], sa_mask[0]=0x7ffbfeff, sa_flags=0x10000004
SIGTERM: [libjvm.so+0x7c3410], sa_mask[0]=0x7ffbfeff, sa_flags=0x10000004
SIGQUIT: [libjvm.so+0x7c3410], sa_mask[0]=0x7ffbfeff, sa_flags=0x10000004
SIGTRAP: SIG_DFL, sa_mask[0]=0x00000000, sa_flags=0x00000000


---------------  S Y S T E M  ---------------

OS:"elementary OS" 0.3 (freya)
uname:Linux 3.13.0-40-generic #69-Ubuntu SMP Thu Nov 13 17:53:56 UTC 2014 x86_64
libc:glibc 2.19 NPTL 2.19 
rlimit: STACK 8192k, CORE 0k, NPROC 29019, NOFILE 4096, AS infinity
load average:1,94 1,88 1,44

/proc/meminfo:
MemTotal:        3744408 kB
MemFree:         1020832 kB
Buffers:           56728 kB
Cached:           818784 kB
SwapCached:       198248 kB
Active:          1519332 kB
Inactive:         997580 kB
Active(anon):    1232368 kB
Inactive(anon):   671856 kB
Active(file):     286964 kB
Inactive(file):   325724 kB
Unevictable:          32 kB
Mlocked:              32 kB
SwapTotal:       4095996 kB
SwapFree:        3147588 kB
Dirty:                12 kB
Writeback:             0 kB
AnonPages:       1552432 kB
Mapped:           202552 kB
Shmem:            262880 kB
Slab:              88228 kB
SReclaimable:      44668 kB
SUnreclaim:        43560 kB
KernelStack:        6432 kB
PageTables:        42036 kB
NFS_Unstable:          0 kB
Bounce:                0 kB
WritebackTmp:          0 kB
CommitLimit:     5968200 kB
Committed_AS:    6878992 kB
VmallocTotal:   34359738367 kB
VmallocUsed:      350380 kB
VmallocChunk:   34359370620 kB
HardwareCorrupted:     0 kB
AnonHugePages:    483328 kB
HugePages_Total:       0
HugePages_Free:        0
HugePages_Rsvd:        0
HugePages_Surp:        0
Hugepagesize:       2048 kB
DirectMap4k:      122804 kB
DirectMap2M:     3766272 kB


CPU:total 4 (2 cores per cpu, 2 threads per core) family 6 model 58 stepping 9, cmov, cx8, fxsr, mmx, sse, sse2, sse3, ssse3, sse4.1, sse4.2, popcnt, avx, aes, erms, ht, tsc, tscinvbit, tscinv

/proc/cpuinfo:
processor	: 0
vendor_id	: GenuineIntel
cpu family	: 6
model		: 58
model name	: Intel(R) Core(TM) i5-3317U CPU @ 1.70GHz
stepping	: 9
microcode	: 0x12
cpu MHz		: 799.000
cache size	: 3072 KB
physical id	: 0
siblings	: 4
core id		: 0
cpu cores	: 2
apicid		: 0
initial apicid	: 0
fpu		: yes
fpu_exception	: yes
cpuid level	: 13
wp		: yes
flags		: fpu vme de pse tsc msr pae mce cx8 apic sep mtrr pge mca cmov pat pse36 clflush dts acpi mmx fxsr sse sse2 ss ht tm pbe syscall nx rdtscp lm constant_tsc arch_perfmon pebs bts rep_good nopl xtopology nonstop_tsc aperfmperf eagerfpu pni pclmulqdq dtes64 monitor ds_cpl vmx est tm2 ssse3 cx16 xtpr pdcm pcid sse4_1 sse4_2 x2apic popcnt tsc_deadline_timer aes xsave avx f16c rdrand lahf_lm ida arat epb xsaveopt pln pts dtherm tpr_shadow vnmi flexpriority ept vpid fsgsbase smep erms
bogomips	: 3392.25
clflush size	: 64
cache_alignment	: 64
address sizes	: 36 bits physical, 48 bits virtual
power management:

processor	: 1
vendor_id	: GenuineIntel
cpu family	: 6
model		: 58
model name	: Intel(R) Core(TM) i5-3317U CPU @ 1.70GHz
stepping	: 9
microcode	: 0x12
cpu MHz		: 799.000
cache size	: 3072 KB
physical id	: 0
siblings	: 4
core id		: 0
cpu cores	: 2
apicid		: 1
initial apicid	: 1
fpu		: yes
fpu_exception	: yes
cpuid level	: 13
wp		: yes
flags		: fpu vme de pse tsc msr pae mce cx8 apic sep mtrr pge mca cmov pat pse36 clflush dts acpi mmx fxsr sse sse2 ss ht tm pbe syscall nx rdtscp lm constant_tsc arch_perfmon pebs bts rep_good nopl xtopology nonstop_tsc aperfmperf eagerfpu pni pclmulqdq dtes64 monitor ds_cpl vmx est tm2 ssse3 cx16 xtpr pdcm pcid sse4_1 sse4_2 x2apic popcnt tsc_deadline_timer aes xsave avx f16c rdrand lahf_lm ida arat epb xsaveopt pln pts dtherm tpr_shadow vnmi flexpriority ept vpid fsgsbase smep erms
bogomips	: 3392.25
clflush size	: 64
cache_alignment	: 64
address sizes	: 36 bits physical, 48 bits virtual
power management:

processor	: 2
vendor_id	: GenuineIntel
cpu family	: 6
model		: 58
model name	: Intel(R) Core(TM) i5-3317U CPU @ 1.70GHz
stepping	: 9
microcode	: 0x12
cpu MHz		: 1701.000
cache size	: 3072 KB
physical id	: 0
siblings	: 4
core id		: 1
cpu cores	: 2
apicid		: 2
initial apicid	: 2
fpu		: yes
fpu_exception	: yes
cpuid level	: 13
wp		: yes
flags		: fpu vme de pse tsc msr pae mce cx8 apic sep mtrr pge mca cmov pat pse36 clflush dts acpi mmx fxsr sse sse2 ss ht tm pbe syscall nx rdtscp lm constant_tsc arch_perfmon pebs bts rep_good nopl xtopology nonstop_tsc aperfmperf eagerfpu pni pclmulqdq dtes64 monitor ds_cpl vmx est tm2 ssse3 cx16 xtpr pdcm pcid sse4_1 sse4_2 x2apic popcnt tsc_deadline_timer aes xsave avx f16c rdrand lahf_lm ida arat epb xsaveopt pln pts dtherm tpr_shadow vnmi flexpriority ept vpid fsgsbase smep erms
bogomips	: 3392.25
clflush size	: 64
cache_alignment	: 64
address sizes	: 36 bits physical, 48 bits virtual
power management:

processor	: 3
vendor_id	: GenuineIntel
cpu family	: 6
model		: 58
model name	: Intel(R) Core(TM) i5-3317U CPU @ 1.70GHz
stepping	: 9
microcode	: 0x12
cpu MHz		: 900.000
cache size	: 3072 KB
physical id	: 0
siblings	: 4
core id		: 1
cpu cores	: 2
apicid		: 3
initial apicid	: 3
fpu		: yes
fpu_exception	: yes
cpuid level	: 13
wp		: yes
flags		: fpu vme de pse tsc msr pae mce cx8 apic sep mtrr pge mca cmov pat pse36 clflush dts acpi mmx fxsr sse sse2 ss ht tm pbe syscall nx rdtscp lm constant_tsc arch_perfmon pebs bts rep_good nopl xtopology nonstop_tsc aperfmperf eagerfpu pni pclmulqdq dtes64 monitor ds_cpl vmx est tm2 ssse3 cx16 xtpr pdcm pcid sse4_1 sse4_2 x2apic popcnt tsc_deadline_timer aes xsave avx f16c rdrand lahf_lm ida arat epb xsaveopt pln pts dtherm tpr_shadow vnmi flexpriority ept vpid fsgsbase smep erms
bogomips	: 3392.25
clflush size	: 64
cache_alignment	: 64
address sizes	: 36 bits physical, 48 bits virtual
power management:



Memory: 4k page, physical 3744408k(1020584k free), swap 4095996k(3147588k free)

vm_info: OpenJDK 64-Bit Server VM (24.75-b04) for linux-amd64 JRE (1.7.0_75-b13), built on Jan 27 2015 00:38:59 by "buildd" with gcc 4.8.2

time: Sat Mar 21 17:46:32 2015
elapsed time: 7037 seconds

