#
# A fatal error has been detected by the Java Runtime Environment:
#
#  SIGBUS (0x7) at pc=0x00007fe04dbc7f5d, pid=17289, tid=140600032556800
#
# JRE version: OpenJDK Runtime Environment (7.0_75-b13) (build 1.7.0_75-b13)
# Java VM: OpenJDK 64-Bit Server VM (24.75-b04 mixed mode linux-amd64 compressed oops)
# Derivative: IcedTea 2.5.4
# Distribution: Ubuntu 14.04 LTS, package 7u75-2.5.4-1~trusty1
# Problematic frame:
# C  [libzip.so+0x4f5d]
#
# Failed to write core dump. Core dumps have been disabled. To enable core dumping, try "ulimit -c unlimited" before starting Java again
#
# If you would like to submit a bug report, please include
# instructions on how to reproduce the bug and visit:
#   http://icedtea.classpath.org/bugzilla
# The crash happened outside the Java Virtual Machine in native code.
# See problematic frame for where to report the bug.
#

---------------  T H R E A D  ---------------

Current thread (0x000000000178e000):  JavaThread "Thread-11" [_thread_in_native, id=20838, stack(0x00007fdffeeef000,0x00007fdffeff0000)]

siginfo:si_signo=SIGBUS: si_errno=0, si_code=2 (BUS_ADRERR), si_addr=0x00007fe0442462b1

Registers:
RAX=0x00007fdfcc008ad0, RBX=0x00007fe0481c1fe0, RCX=0x00007fdfcc000020, RDX=0x00007fdfcc008ad0
RSP=0x00007fdffefec8d0, RBP=0x00007fdffefec930, RSI=0x0000000002060284, RDI=0x0000000000000000
R8 =0x0000000000000003, R9 =0x00007fdfcc000078, R10=0x00007fe04507b178, R11=0x00000000ed2e9100
R12=0x00007fe0481e5e48, R13=0x00007fe044246294, R14=0x00007fdfcc008ad0, R15=0x000000009ac6435b
RIP=0x00007fe04dbc7f5d, EFLAGS=0x0000000000010202, CSGSFS=0x0000000000000033, ERR=0x0000000000000004
  TRAPNO=0x000000000000000e

Top of Stack: (sp=0x00007fdffefec8d0)
0x00007fdffefec8d0:   00007fe04fdf5e3d 00007fe04dbc6958
0x00007fdffefec8e0:   00000001bded31d0 00000000481cccc0
0x00007fdffefec8f0:   696c63652f67726f 00007fe04fbff7cc
0x00007fdffefec900:   00007fdffefec9a0 00007fe0481e5e40
0x00007fdffefec910:   00007fe0481c1fe0 00007fdffefec9a0
0x00007fdffefec920:   00007fdfc000f880 000000009ac6435b
0x00007fdffefec930:   00007fdffefec980 00007fe04dbc8d0d
0x00007fdffefec940:   0000003000000010 0000002bfefed030
0x00007fdffefec950:   00007fdffefecf50 00007fdffefec9a0
0x00007fdffefec960:   00007fdffefecdf8 00007fdffefec9a0
0x00007fdffefec970:   000000000000002b 000000000178e1d8
0x00007fdffefec980:   00007fdffefecde0 00007fe04dbc6958
0x00007fdffefec990:   0000000100000000 00007fe0481c1fe0
0x00007fdffefec9a0:   696c63652f67726f 7474656a2f657370
0x00007fdffefec9b0:   462f6c6974752f79 6c61436572757475
0x00007fdffefec9c0:   6c632e6b6361626c 00007fdf00737361
0x00007fdffefec9d0:   00007fdffefecb00 00000000bc622f80
0x00007fdffefec9e0:   0000000000000000 00007fdf00000000
0x00007fdffefec9f0:   0000000000000000 0000000000000000
0x00007fdffefeca00:   00000000fefeca60 0000000000000000
0x00007fdffefeca10:   0000003000000000 00007fdf00000000
0x00007fdffefeca20:   00007fdf00000025 0000000000000000
0x00007fdffefeca30:   0000000000000000 0000000000000000
0x00007fdffefeca40:   0000000000000000 0000000000000004
0x00007fdffefeca50:   ffffffffffffffff 0000000000000025
0x00007fdffefeca60:   0020000000000000 0000000000000000
0x00007fdffefeca70:   ffffffffffffffff 00007fe04fdfc409
0x00007fdffefeca80:   0000000000000000 0000000000000025
0x00007fdffefeca90:   00007fe04fdfc40b 00007fe04fde90c0
0x00007fdffefecaa0:   0000000000000000 000000000178e000
0x00007fdffefecab0:   00007fe04fde9000 00000000bd918b38
0x00007fdffefecac0:   00000000bdeec600 000000000178e000 

Instructions: (pc=0x00007fe04dbc7f5d)
0x00007fe04dbc7f3d:   73 48 48 8b 7b 10 b9 a0 00 00 00 49 8b 14 24 e8
0x00007fe04dbc7f4d:   8f fe ff ff 49 89 c5 4d 85 ed 0f 84 d3 04 00 00
0x00007fe04dbc7f5d:   41 0f b6 55 1d 41 0f b6 45 1c 45 31 e4 41 0f b6
0x00007fe04dbc7f6d:   75 0d 41 0f b6 7d 0e 45 0f b6 7d 1f c1 e2 08 09 

Register to memory mapping:

RAX=0x00007fdfcc008ad0 is an unknown value
RBX=0x00007fe0481c1fe0 is an unknown value
RCX=0x00007fdfcc000020 is an unknown value
RDX=0x00007fdfcc008ad0 is an unknown value
RSP=0x00007fdffefec8d0 is pointing into the stack for thread: 0x000000000178e000
RBP=0x00007fdffefec930 is pointing into the stack for thread: 0x000000000178e000
RSI=0x0000000002060284 is an unknown value
RDI=0x0000000000000000 is an unknown value
R8 =0x0000000000000003 is an unknown value
R9 =0x00007fdfcc000078 is an unknown value
R10=0x00007fe04507b178 is at entry_point+88 in (nmethod*)0x00007fe04507af90
R11=0x00000000ed2e9100 is an unknown value
R12=0x00007fe0481e5e48 is an unknown value
R13=0x00007fe044246294 is an unknown value
R14=0x00007fdfcc008ad0 is an unknown value
R15=0x000000009ac6435b is an unknown value


Stack: [0x00007fdffeeef000,0x00007fdffeff0000],  sp=0x00007fdffefec8d0,  free space=1014k
Native frames: (J=compiled Java code, j=interpreted, Vv=VM code, C=native code)
C  [libzip.so+0x4f5d]
C  [libzip.so+0x5d0d]  ZIP_GetEntry+0xcd
C  [libzip.so+0x3958]  Java_java_util_zip_ZipFile_getEntry+0xa8
J 42  java.util.zip.ZipFile.getEntry(J[BZ)J (0 bytes) @ 0x00007fe04507b1ee [0x00007fe04507b120+0xce]

Java frames: (J=compiled Java code, j=interpreted, Vv=VM code)
J 42  java.util.zip.ZipFile.getEntry(J[BZ)J (0 bytes) @ 0x00007fe04507b178 [0x00007fe04507b120+0x58]
J 45 C2 sun.misc.URLClassPath.getResource(Ljava/lang/String;Z)Lsun/misc/Resource; (74 bytes) @ 0x00007fe045085048 [0x00007fe045084f00+0x148]
j  java.net.URLClassLoader$1.run()Ljava/lang/Class;+26
j  java.net.URLClassLoader$1.run()Ljava/lang/Object;+1
v  ~StubRoutines::call_stub
j  java.security.AccessController.doPrivileged(Ljava/security/PrivilegedExceptionAction;Ljava/security/AccessControlContext;)Ljava/lang/Object;+0
j  java.net.URLClassLoader.findClass(Ljava/lang/String;)Ljava/lang/Class;+13
j  java.lang.ClassLoader.loadClass(Ljava/lang/String;Z)Ljava/lang/Class;+70
j  sun.misc.Launcher$AppClassLoader.loadClass(Ljava/lang/String;Z)Ljava/lang/Class;+36
j  java.lang.ClassLoader.loadClass(Ljava/lang/String;)Ljava/lang/Class;+3
v  ~StubRoutines::call_stub
j  org.eclipse.jetty.server.AbstractConnector.shutdown()Ljava/util/concurrent/Future;+0
j  org.eclipse.jetty.server.AbstractNetworkConnector.shutdown()Ljava/util/concurrent/Future;+5
j  org.eclipse.jetty.server.ServerConnector.shutdown()Ljava/util/concurrent/Future;+1
j  org.eclipse.jetty.server.Server.doStop()V+60
j  org.eclipse.jetty.util.component.AbstractLifeCycle.stop()V+30
j  org.eclipse.jetty.util.thread.ShutdownThread.run()V+41
v  ~StubRoutines::call_stub

---------------  P R O C E S S  ---------------

Java Threads: ( => current thread )
=>0x000000000178e000 JavaThread "Thread-11" [_thread_in_native, id=20838, stack(0x00007fdffeeef000,0x00007fdffeff0000)]
  0x00007fe024001000 JavaThread "SIGTERM handler" daemon [_thread_blocked, id=20832, stack(0x00007fdfff1f2000,0x00007fdfff2f3000)]
  0x000000000178c800 JavaThread "dw-admin-56" [_thread_blocked, id=16823, stack(0x00007fdffedee000,0x00007fdffeeef000)]
  0x00007fdfc0010800 JavaThread "dw-55" [_thread_blocked, id=16256, stack(0x00007fdfffafb000,0x00007fdfffbfc000)]
  0x00000000017c1000 JavaThread "dw-51" [_thread_blocked, id=6132, stack(0x00007fdfff0f1000,0x00007fdfff1f2000)]
  0x000000000177d000 JavaThread "dw-47" [_thread_blocked, id=27974, stack(0x00007fdfffbfc000,0x00007fdfffcfd000)]
  0x00007fdfe4002800 JavaThread "Scheduler-666104073" [_thread_blocked, id=27543, stack(0x00007fdfff2f3000,0x00007fdfff3f4000)]
  0x00007fdff0001800 JavaThread "Scheduler-526290077" [_thread_blocked, id=17664, stack(0x00007fdfff3f4000,0x00007fdfff4f5000)]
  0x00007fdfd4001000 JavaThread "dw-admin-27-acceptor-1@18501a07-admin@37c0e4b9{HTTP/1.1}{0.0.0.0:8081}" [_thread_blocked, id=17661, stack(0x00007fdfff4f5000,0x00007fdfff5f6000)]
  0x00007fe04800a000 JavaThread "DestroyJavaVM" [_thread_blocked, id=17294, stack(0x00007fe050f82000,0x00007fe051083000)]
  0x00007fdfd0001000 JavaThread "dw-admin-25-acceptor-0@5e83450d-admin@37c0e4b9{HTTP/1.1}{0.0.0.0:8081}" [_thread_in_native, id=17660, stack(0x00007fdfff5f6000,0x00007fdfff6f7000)]
  0x00007fdfdc001000 JavaThread "dw-admin-24-selector-ServerConnectorManager@1064450e/3" [_thread_in_native, id=17659, stack(0x00007fdfff6f7000,0x00007fdfff7f8000)]
  0x00007fdfd8001000 JavaThread "dw-admin-23-selector-ServerConnectorManager@1064450e/2" [_thread_in_native, id=17658, stack(0x00007fdfff7f8000,0x00007fdfff8f9000)]
  0x00007fdfe4001000 JavaThread "dw-admin-22-selector-ServerConnectorManager@1064450e/1" [_thread_in_native, id=17657, stack(0x00007fdfff8f9000,0x00007fdfff9fa000)]
  0x00007fe04866d800 JavaThread "dw-admin-21-selector-ServerConnectorManager@1064450e/0" [_thread_in_native, id=17653, stack(0x00007fdfff9fa000,0x00007fdfffafb000)]
  0x00007fe048655800 JavaThread "dw-16" [_thread_blocked, id=17642, stack(0x00007fdfffcfd000,0x00007fdfffdfe000)]
  0x00007fe048653800 JavaThread "dw-15" [_thread_blocked, id=17641, stack(0x00007fdfffdfe000,0x00007fdfffeff000)]
  0x00007fe048651800 JavaThread "dw-14-selector-ServerConnectorManager@1447b454/2" [_thread_in_native, id=17640, stack(0x00007fdfffeff000,0x00007fe000000000)]
  0x00007fe048650000 JavaThread "dw-13-selector-ServerConnectorManager@1447b454/3" [_thread_in_native, id=17639, stack(0x00007fe0340a0000,0x00007fe0341a1000)]
  0x00007fe04864e800 JavaThread "dw-12-selector-ServerConnectorManager@1447b454/1" [_thread_in_native, id=17638, stack(0x00007fe0341a1000,0x00007fe0342a2000)]
  0x00007fe04864d800 JavaThread "dw-11-selector-ServerConnectorManager@1447b454/0" [_thread_in_native, id=17637, stack(0x00007fe0342a2000,0x00007fe0343a3000)]
  0x00007fe048647000 JavaThread "AsyncAppender-Worker-Thread-2" daemon [_thread_blocked, id=17635, stack(0x00007fe0343a3000,0x00007fe0344a4000)]
  0x00007fe0485ab000 JavaThread "AsyncAppender-Worker-Thread-1" daemon [_thread_blocked, id=17598, stack(0x00007fe0440b5000,0x00007fe0441b6000)]
  0x00007fe048176800 JavaThread "Service Thread" daemon [_thread_blocked, id=17317, stack(0x00007fe0443ba000,0x00007fe0444bb000)]
  0x00007fe048174000 JavaThread "C2 CompilerThread1" daemon [_thread_blocked, id=17316, stack(0x00007fe0444bb000,0x00007fe0445bc000)]
  0x00007fe048171000 JavaThread "C2 CompilerThread0" daemon [_thread_blocked, id=17315, stack(0x00007fe0445bc000,0x00007fe0446bd000)]
  0x00007fe04816f000 JavaThread "Signal Dispatcher" daemon [_thread_blocked, id=17314, stack(0x00007fe0446bd000,0x00007fe0447be000)]
  0x00007fe048143000 JavaThread "Finalizer" daemon [_thread_blocked, id=17313, stack(0x00007fe044cfd000,0x00007fe044dfe000)]
  0x00007fe048141000 JavaThread "Reference Handler" daemon [_thread_blocked, id=17312, stack(0x00007fe044dfe000,0x00007fe044eff000)]

Other Threads:
  0x00007fe04813c800 VMThread [stack: 0x00007fe044eff000,0x00007fe045000000] [id=17311]
  0x00007fe048181000 WatcherThread [stack: 0x00007fe0442b9000,0x00007fe0443ba000] [id=17318]

VM state:not at safepoint (normal execution)

VM Mutex/Monitor currently owned by a thread: None

Heap
 PSYoungGen      total 23040K, used 4776K [0x00000000ece80000, 0x00000000eef80000, 0x0000000100000000)
  eden space 22528K, 20% used [0x00000000ece80000,0x00000000ed2f22a0,0x00000000ee480000)
  from space 512K, 43% used [0x00000000eef00000,0x00000000eef38000,0x00000000eef80000)
  to   space 2048K, 0% used [0x00000000eeb80000,0x00000000eeb80000,0x00000000eed80000)
 ParOldGen       total 38912K, used 27240K [0x00000000c6c00000, 0x00000000c9200000, 0x00000000ece80000)
  object space 38912K, 70% used [0x00000000c6c00000,0x00000000c869a148,0x00000000c9200000)
 PSPermGen       total 27136K, used 26713K [0x00000000bc600000, 0x00000000be080000, 0x00000000c6c00000)
  object space 27136K, 98% used [0x00000000bc600000,0x00000000be016530,0x00000000be080000)

Card table byte_map: [0x00007fe04d9a5000,0x00007fe04dbc3000] byte_map_base: 0x00007fe04d3c2000

Polling page: 0x00007fe0510a0000

Code Cache  [0x00007fe045000000, 0x00007fe045480000, 0x00007fe048000000)
 total_blobs=2073 nmethods=1701 adapters=324 free_code_cache=44676Kb largest_free_block=45658048

Compilation events (10 events):
Event: 722,336 Thread 0x00007fe048171000 1798             nl.computerhok.Saying$Access4JacksonSerializer::longGetter (38 bytes)
Event: 722,337 Thread 0x00007fe048171000 nmethod 1798 0x00007fe045454bd0 code [0x00007fe045454d20, 0x00007fe045454db8]
Event: 722,552 Thread 0x00007fe048174000 1799             org.glassfish.jersey.message.internal.CommittingOutputStream::write (69 bytes)
Event: 722,555 Thread 0x00007fe048174000 nmethod 1799 0x00007fe0454544d0 code [0x00007fe045454640, 0x00007fe0454549a8]
Event: 723,394 Thread 0x00007fe048171000 1800             org.glassfish.jersey.internal.util.collection.KeyComparatorHashMap$EntrySet::<init> (6 bytes)
Event: 723,394 Thread 0x00007fe048171000 nmethod 1800 0x00007fe0454542d0 code [0x00007fe045454400, 0x00007fe045454478]
Event: 728,984 Thread 0x00007fe048174000 1801             org.eclipse.jetty.server.HttpConnection::access$600 (4 bytes)
Event: 728,984 Thread 0x00007fe048174000 nmethod 1801 0x00007fe0454540d0 code [0x00007fe045454200, 0x00007fe045454258]
Event: 767,398 Thread 0x00007fe048171000 1802             org.eclipse.jetty.server.HttpConnection$SendCallback::process (560 bytes)
Event: 767,429 Thread 0x00007fe048171000 nmethod 1802 0x00007fe045472350 code [0x00007fe0454726c0, 0x00007fe0454738b8]

GC Heap History (10 events):
Event: 722,476 GC heap before
{Heap before GC invocations=40 (full 0):
 PSYoungGen      total 27648K, used 25312K [0x00000000ece80000, 0x00000000ef480000, 0x0000000100000000)
  eden space 25088K, 100% used [0x00000000ece80000,0x00000000ee700000,0x00000000ee700000)
  from space 2560K, 8% used [0x00000000eef80000,0x00000000eefb8000,0x00000000ef200000)
  to   space 2560K, 0% used [0x00000000ef200000,0x00000000ef200000,0x00000000ef480000)
 ParOldGen       total 38912K, used 26612K [0x00000000c6c00000, 0x00000000c9200000, 0x00000000ece80000)
  object space 38912K, 68% used [0x00000000c6c00000,0x00000000c85fd298,0x00000000c9200000)
 PSPermGen       total 27136K, used 26708K [0x00000000bc600000, 0x00000000be080000, 0x00000000c6c00000)
  object space 27136K, 98% used [0x00000000bc600000,0x00000000be015068,0x00000000be080000)
Event: 722,481 GC heap after
Heap after GC invocations=40 (full 0):
 PSYoungGen      total 25088K, used 256K [0x00000000ece80000, 0x00000000ef280000, 0x0000000100000000)
  eden space 24576K, 0% used [0x00000000ece80000,0x00000000ece80000,0x00000000ee680000)
  from space 512K, 50% used [0x00000000ef200000,0x00000000ef240000,0x00000000ef280000)
  to   space 2560K, 0% used [0x00000000eed80000,0x00000000eed80000,0x00000000ef000000)
 ParOldGen       total 38912K, used 26732K [0x00000000c6c00000, 0x00000000c9200000, 0x00000000ece80000)
  object space 38912K, 68% used [0x00000000c6c00000,0x00000000c861b298,0x00000000c9200000)
 PSPermGen       total 27136K, used 26708K [0x00000000bc600000, 0x00000000be080000, 0x00000000c6c00000)
  object space 27136K, 98% used [0x00000000bc600000,0x00000000be015068,0x00000000be080000)
}
Event: 735,606 GC heap before
{Heap before GC invocations=41 (full 0):
 PSYoungGen      total 25088K, used 24832K [0x00000000ece80000, 0x00000000ef280000, 0x0000000100000000)
  eden space 24576K, 100% used [0x00000000ece80000,0x00000000ee680000,0x00000000ee680000)
  from space 512K, 50% used [0x00000000ef200000,0x00000000ef240000,0x00000000ef280000)
  to   space 2560K, 0% used [0x00000000eed80000,0x00000000eed80000,0x00000000ef000000)
 ParOldGen       total 38912K, used 26732K [0x00000000c6c00000, 0x00000000c9200000, 0x00000000ece80000)
  object space 38912K, 68% used [0x00000000c6c00000,0x00000000c861b298,0x00000000c9200000)
 PSPermGen       total 27136K, used 26709K [0x00000000bc600000, 0x00000000be080000, 0x00000000c6c00000)
  object space 27136K, 98% used [0x00000000bc600000,0x00000000be0155d0,0x00000000be080000)
Event: 735,609 GC heap after
Heap after GC invocations=41 (full 0):
 PSYoungGen      total 26624K, used 320K [0x00000000ece80000, 0x00000000ef280000, 0x0000000100000000)
  eden space 24064K, 0% used [0x00000000ece80000,0x00000000ece80000,0x00000000ee600000)
  from space 2560K, 12% used [0x00000000eed80000,0x00000000eedd0000,0x00000000ef000000)
  to   space 2048K, 0% used [0x00000000ef080000,0x00000000ef080000,0x00000000ef280000)
 ParOldGen       total 38912K, used 26868K [0x00000000c6c00000, 0x00000000c9200000, 0x00000000ece80000)
  object space 38912K, 69% used [0x00000000c6c00000,0x00000000c863d298,0x00000000c9200000)
 PSPermGen       total 27136K, used 26709K [0x00000000bc600000, 0x00000000be080000, 0x00000000c6c00000)
  object space 27136K, 98% used [0x00000000bc600000,0x00000000be0155d0,0x00000000be080000)
}
Event: 748,031 GC heap before
{Heap before GC invocations=42 (full 0):
 PSYoungGen      total 26624K, used 24384K [0x00000000ece80000, 0x00000000ef280000, 0x0000000100000000)
  eden space 24064K, 100% used [0x00000000ece80000,0x00000000ee600000,0x00000000ee600000)
  from space 2560K, 12% used [0x00000000eed80000,0x00000000eedd0000,0x00000000ef000000)
  to   space 2048K, 0% used [0x00000000ef080000,0x00000000ef080000,0x00000000ef280000)
 ParOldGen       total 38912K, used 26868K [0x00000000c6c00000, 0x00000000c9200000, 0x00000000ece80000)
  object space 38912K, 69% used [0x00000000c6c00000,0x00000000c863d298,0x00000000c9200000)
 PSPermGen       total 27136K, used 26709K [0x00000000bc600000, 0x00000000be080000, 0x00000000c6c00000)
  object space 27136K, 98% used [0x00000000bc600000,0x00000000be015720,0x00000000be080000)
Event: 748,034 GC heap after
Heap after GC invocations=42 (full 0):
 PSYoungGen      total 24064K, used 256K [0x00000000ece80000, 0x00000000ef100000, 0x0000000100000000)
  eden space 23552K, 0% used [0x00000000ece80000,0x00000000ece80000,0x00000000ee580000)
  from space 512K, 50% used [0x00000000ef080000,0x00000000ef0c0000,0x00000000ef100000)
  to   space 2048K, 0% used [0x00000000eed00000,0x00000000eed00000,0x00000000eef00000)
 ParOldGen       total 38912K, used 27008K [0x00000000c6c00000, 0x00000000c9200000, 0x00000000ece80000)
  object space 38912K, 69% used [0x00000000c6c00000,0x00000000c8660148,0x00000000c9200000)
 PSPermGen       total 27136K, used 26709K [0x00000000bc600000, 0x00000000be080000, 0x00000000c6c00000)
  object space 27136K, 98% used [0x00000000bc600000,0x00000000be015720,0x00000000be080000)
}
Event: 760,507 GC heap before
{Heap before GC invocations=43 (full 0):
 PSYoungGen      total 24064K, used 23808K [0x00000000ece80000, 0x00000000ef100000, 0x0000000100000000)
  eden space 23552K, 100% used [0x00000000ece80000,0x00000000ee580000,0x00000000ee580000)
  from space 512K, 50% used [0x00000000ef080000,0x00000000ef0c0000,0x00000000ef100000)
  to   space 2048K, 0% used [0x00000000eed00000,0x00000000eed00000,0x00000000eef00000)
 ParOldGen       total 38912K, used 27008K [0x00000000c6c00000, 0x00000000c9200000, 0x00000000ece80000)
  object space 38912K, 69% used [0x00000000c6c00000,0x00000000c8660148,0x00000000c9200000)
 PSPermGen       total 27136K, used 26709K [0x00000000bc600000, 0x00000000be080000, 0x00000000c6c00000)
  object space 27136K, 98% used [0x00000000bc600000,0x00000000be015720,0x00000000be080000)
Event: 760,510 GC heap after
Heap after GC invocations=43 (full 0):
 PSYoungGen      total 25088K, used 256K [0x00000000ece80000, 0x00000000ef100000, 0x0000000100000000)
  eden space 23040K, 0% used [0x00000000ece80000,0x00000000ece80000,0x00000000ee500000)
  from space 2048K, 12% used [0x00000000eed00000,0x00000000eed40000,0x00000000eef00000)
  to   space 2048K, 0% used [0x00000000eef00000,0x00000000eef00000,0x00000000ef100000)
 ParOldGen       total 38912K, used 27128K [0x00000000c6c00000, 0x00000000c9200000, 0x00000000ece80000)
  object space 38912K, 69% used [0x00000000c6c00000,0x00000000c867e148,0x00000000c9200000)
 PSPermGen       total 27136K, used 26709K [0x00000000bc600000, 0x00000000be080000, 0x00000000c6c00000)
  object space 27136K, 98% used [0x00000000bc600000,0x00000000be015720,0x00000000be080000)
}
Event: 772,884 GC heap before
{Heap before GC invocations=44 (full 0):
 PSYoungGen      total 25088K, used 23296K [0x00000000ece80000, 0x00000000ef100000, 0x0000000100000000)
  eden space 23040K, 100% used [0x00000000ece80000,0x00000000ee500000,0x00000000ee500000)
  from space 2048K, 12% used [0x00000000eed00000,0x00000000eed40000,0x00000000eef00000)
  to   space 2048K, 0% used [0x00000000eef00000,0x00000000eef00000,0x00000000ef100000)
 ParOldGen       total 38912K, used 27128K [0x00000000c6c00000, 0x00000000c9200000, 0x00000000ece80000)
  object space 38912K, 69% used [0x00000000c6c00000,0x00000000c867e148,0x00000000c9200000)
 PSPermGen       total 27136K, used 26710K [0x00000000bc600000, 0x00000000be080000, 0x00000000c6c00000)
  object space 27136K, 98% used [0x00000000bc600000,0x00000000be0158b0,0x00000000be080000)
Event: 772,888 GC heap after
Heap after GC invocations=44 (full 0):
 PSYoungGen      total 23040K, used 224K [0x00000000ece80000, 0x00000000eef80000, 0x0000000100000000)
  eden space 22528K, 0% used [0x00000000ece80000,0x00000000ece80000,0x00000000ee480000)
  from space 512K, 43% used [0x00000000eef00000,0x00000000eef38000,0x00000000eef80000)
  to   space 2048K, 0% used [0x00000000eeb80000,0x00000000eeb80000,0x00000000eed80000)
 ParOldGen       total 38912K, used 27240K [0x00000000c6c00000, 0x00000000c9200000, 0x00000000ece80000)
  object space 38912K, 70% used [0x00000000c6c00000,0x00000000c869a148,0x00000000c9200000)
 PSPermGen       total 27136K, used 26710K [0x00000000bc600000, 0x00000000be080000, 0x00000000c6c00000)
  object space 27136K, 98% used [0x00000000bc600000,0x00000000be0158b0,0x00000000be080000)
}

Deoptimization events (10 events):
Event: 508,005 Thread 0x000000000177d000 Uncommon trap: reason=unreached action=reinterpret pc=0x00007fe045118ff8 method=java.util.concurrent.ConcurrentSkipListMap.findPredecessor(Ljava/lang/Comparable;)Ljava/util/concurrent/ConcurrentSkipListMap$Node; @ 44
Event: 588,014 Thread 0x00007fe048651800 Uncommon trap: reason=unloaded action=reinterpret pc=0x00007fe04532ed44 method=sun.nio.ch.SelectionKeyImpl.ensureValid()V @ 7
Event: 625,367 Thread 0x00007fdfec01c800 Uncommon trap: reason=unreached action=reinterpret pc=0x00007fe045239664 method=java.util.concurrent.ConcurrentLinkedQueue.poll()Ljava/lang/Object; @ 74
Event: 775,010 Thread 0x000000000178e000 Uncommon trap: reason=class_check action=maybe_recompile pc=0x00007fe0451e4940 method=java.nio.channels.spi.AbstractSelectableChannel.implCloseChannel()V @ 1
Event: 775,010 Thread 0x00007fe048653800 Uncommon trap: reason=unloaded action=reinterpret pc=0x00007fe045367730 method=java.nio.channels.spi.AbstractInterruptibleChannel.end(Z)V @ 41
Event: 775,011 Thread 0x00007fe048655800 Uncommon trap: reason=unloaded action=reinterpret pc=0x00007fe0453685ac method=sun.nio.ch.ServerSocketChannelImpl.accept()Ljava/nio/channels/SocketChannel; @ 14
Event: 775,011 Thread 0x00007fe048653800 Uncommon trap: reason=unreached action=reinterpret pc=0x00007fe04511839c method=org.eclipse.jetty.server.ServerConnector.isOpen()Z @ 6
Event: 775,012 Thread 0x00007fe048655800 Uncommon trap: reason=unreached action=reinterpret pc=0x00007fe0453a4244 method=org.eclipse.jetty.server.ServerConnector.isOpen()Z @ 6
Event: 775,012 Thread 0x00007fe048653800 Uncommon trap: reason=unreached action=reinterpret pc=0x00007fe0451a7ec0 method=org.eclipse.jetty.server.ServerConnector.isOpen()Z @ 6
Event: 775,012 Thread 0x00007fe048655800 Uncommon trap: reason=unreached action=reinterpret pc=0x00007fe0451a7ec0 method=org.eclipse.jetty.server.ServerConnector.isOpen()Z @ 6

Internal exceptions (10 events):
Event: 645,343 Thread 0x000000000177d000 Threw 0x00000000edbf4aa0 at /build/buildd/openjdk-7-7u75-2.5.4/build/openjdk/hotspot/src/share/vm/prims/jvm.cpp:1284
Event: 649,002 Thread 0x00000000017c1000 Threw 0x00000000ee2bbda0 at /build/buildd/openjdk-7-7u75-2.5.4/build/openjdk/hotspot/src/share/vm/prims/jvm.cpp:1284
Event: 657,044 Thread 0x00000000017c1000 Threw 0x00000000ed5d5fe8 at /build/buildd/openjdk-7-7u75-2.5.4/build/openjdk/hotspot/src/share/vm/prims/jvm.cpp:1284
Event: 666,861 Thread 0x00000000017c1000 Threw 0x00000000ee86a4b8 at /build/buildd/openjdk-7-7u75-2.5.4/build/openjdk/hotspot/src/share/vm/prims/jvm.cpp:1284
Event: 723,394 Thread 0x00000000017c1000 Threw 0x00000000ed06f538 at /build/buildd/openjdk-7-7u75-2.5.4/build/openjdk/hotspot/src/share/vm/prims/jvm.cpp:1284
Event: 775,011 Thread 0x00007fe048653800 Implicit null exception at 0x00007fe04511836c to 0x00007fe045118391
Event: 775,012 Thread 0x00007fe048655800 Implicit null exception at 0x00007fe0453a4223 to 0x00007fe0453a4234
Event: 775,012 Thread 0x00007fe048653800 Implicit null exception at 0x00007fe0451a78b6 to 0x00007fe0451a7ea1
Event: 775,012 Thread 0x00007fe048655800 Implicit null exception at 0x00007fe0451a78b6 to 0x00007fe0451a7ea1
Event: 775,012 Thread 0x000000000178e000 Threw 0x00000000ed2e8e48 at /build/buildd/openjdk-7-7u75-2.5.4/build/openjdk/hotspot/src/share/vm/prims/jvm.cpp:1284

Events (10 events):
Event: 775,012 Thread 0x00007fe048653800 Uncommon trap: trap_request=0xffffffad fr.pc=0x00007fe0451a7ec0
Event: 775,012 Thread 0x00007fe048655800 DEOPT PACKING pc=0x00007fe0453a4244 sp=0x00007fdfffdfc7e0
Event: 775,012 Thread 0x00007fe048653800 DEOPT PACKING pc=0x00007fe0451a7ec0 sp=0x00007fdfffefd880
Event: 775,012 Thread 0x00007fe048655800 DEOPT UNPACKING pc=0x00007fe045039445 sp=0x00007fdfffdfc7a0 mode 2
Event: 775,012 Thread 0x00007fe048653800 DEOPT UNPACKING pc=0x00007fe045039445 sp=0x00007fdfffefd778 mode 2
Event: 775,012 Thread 0x00007fe048655800 Uncommon trap: trap_request=0xffffffad fr.pc=0x00007fe0451a7ec0
Event: 775,012 Thread 0x00007fe048655800 DEOPT PACKING pc=0x00007fe0451a7ec0 sp=0x00007fdfffdfc880
Event: 775,012 Thread 0x00007fe048655800 DEOPT UNPACKING pc=0x00007fe045039445 sp=0x00007fdfffdfc778 mode 2
Event: 775,012 loading class 0x00007fe0485b3ea0
Event: 775,012 loading class 0x00007fe0485b3ea0 done


Dynamic libraries:
00400000-00401000 r-xp 00000000 08:06 527011                             /usr/lib/jvm/java-7-openjdk-amd64/jre/bin/java
00600000-00601000 r--p 00000000 08:06 527011                             /usr/lib/jvm/java-7-openjdk-amd64/jre/bin/java
00601000-00602000 rw-p 00001000 08:06 527011                             /usr/lib/jvm/java-7-openjdk-amd64/jre/bin/java
01779000-017e3000 rw-p 00000000 00:00 0                                  [heap]
bc600000-be080000 rw-p 00000000 00:00 0 
be080000-c6c00000 rw-p 00000000 00:00 0 
c6c00000-c9200000 rw-p 00000000 00:00 0 
c9200000-ece80000 rw-p 00000000 00:00 0 
ece80000-eef80000 rw-p 00000000 00:00 0 
eef80000-f5c80000 ---p 00000000 00:00 0 
f5c80000-100000000 rw-p 00000000 00:00 0 
7fdfc0000000-7fdfc002c000 rw-p 00000000 00:00 0 
7fdfc002c000-7fdfc4000000 ---p 00000000 00:00 0 
7fdfc8000000-7fdfc8064000 rw-p 00000000 00:00 0 
7fdfc8064000-7fdfcc000000 ---p 00000000 00:00 0 
7fdfcc000000-7fdfcc021000 rw-p 00000000 00:00 0 
7fdfcc021000-7fdfd0000000 ---p 00000000 00:00 0 
7fdfd0000000-7fdfd0021000 rw-p 00000000 00:00 0 
7fdfd0021000-7fdfd4000000 ---p 00000000 00:00 0 
7fdfd4000000-7fdfd4021000 rw-p 00000000 00:00 0 
7fdfd4021000-7fdfd8000000 ---p 00000000 00:00 0 
7fdfd8000000-7fdfd8021000 rw-p 00000000 00:00 0 
7fdfd8021000-7fdfdc000000 ---p 00000000 00:00 0 
7fdfdc000000-7fdfdc021000 rw-p 00000000 00:00 0 
7fdfdc021000-7fdfe0000000 ---p 00000000 00:00 0 
7fdfe0000000-7fdfe0262000 rw-p 00000000 00:00 0 
7fdfe0262000-7fdfe4000000 ---p 00000000 00:00 0 
7fdfe4000000-7fdfe4021000 rw-p 00000000 00:00 0 
7fdfe4021000-7fdfe8000000 ---p 00000000 00:00 0 
7fdfe8000000-7fdfe8021000 rw-p 00000000 00:00 0 
7fdfe8021000-7fdfec000000 ---p 00000000 00:00 0 
7fdfec000000-7fdfec031000 rw-p 00000000 00:00 0 
7fdfec031000-7fdff0000000 ---p 00000000 00:00 0 
7fdff0000000-7fdff0021000 rw-p 00000000 00:00 0 
7fdff0021000-7fdff4000000 ---p 00000000 00:00 0 
7fdff4000000-7fdff4021000 rw-p 00000000 00:00 0 
7fdff4021000-7fdff8000000 ---p 00000000 00:00 0 
7fdff8000000-7fdff8021000 rw-p 00000000 00:00 0 
7fdff8021000-7fdffc000000 ---p 00000000 00:00 0 
7fdffedee000-7fdffedf1000 ---p 00000000 00:00 0 
7fdffedf1000-7fdffeeef000 rw-p 00000000 00:00 0                          [stack:16823]
7fdffeeef000-7fdffeef2000 ---p 00000000 00:00 0 
7fdffeef2000-7fdffeff0000 rw-p 00000000 00:00 0                          [stack:20838]
7fdffeff0000-7fdffeff3000 ---p 00000000 00:00 0 
7fdffeff3000-7fdfff0f1000 rw-p 00000000 00:00 0 
7fdfff0f1000-7fdfff0f4000 ---p 00000000 00:00 0 
7fdfff0f4000-7fdfff1f2000 rw-p 00000000 00:00 0                          [stack:6132]
7fdfff1f2000-7fdfff1f5000 ---p 00000000 00:00 0 
7fdfff1f5000-7fdfff2f3000 rw-p 00000000 00:00 0                          [stack:20832]
7fdfff2f3000-7fdfff2f6000 ---p 00000000 00:00 0 
7fdfff2f6000-7fdfff3f4000 rw-p 00000000 00:00 0                          [stack:27543]
7fdfff3f4000-7fdfff3f7000 ---p 00000000 00:00 0 
7fdfff3f7000-7fdfff4f5000 rw-p 00000000 00:00 0                          [stack:17664]
7fdfff4f5000-7fdfff4f8000 ---p 00000000 00:00 0 
7fdfff4f8000-7fdfff5f6000 rw-p 00000000 00:00 0                          [stack:17661]
7fdfff5f6000-7fdfff5f9000 ---p 00000000 00:00 0 
7fdfff5f9000-7fdfff6f7000 rw-p 00000000 00:00 0                          [stack:17660]
7fdfff6f7000-7fdfff6fa000 ---p 00000000 00:00 0 
7fdfff6fa000-7fdfff7f8000 rw-p 00000000 00:00 0                          [stack:17659]
7fdfff7f8000-7fdfff7fb000 ---p 00000000 00:00 0 
7fdfff7fb000-7fdfff8f9000 rw-p 00000000 00:00 0                          [stack:17658]
7fdfff8f9000-7fdfff8fc000 ---p 00000000 00:00 0 
7fdfff8fc000-7fdfff9fa000 rw-p 00000000 00:00 0                          [stack:17657]
7fdfff9fa000-7fdfff9fd000 ---p 00000000 00:00 0 
7fdfff9fd000-7fdfffafb000 rw-p 00000000 00:00 0                          [stack:17653]
7fdfffafb000-7fdfffafe000 ---p 00000000 00:00 0 
7fdfffafe000-7fdfffbfc000 rw-p 00000000 00:00 0                          [stack:16256]
7fdfffbfc000-7fdfffbff000 ---p 00000000 00:00 0 
7fdfffbff000-7fdfffcfd000 rw-p 00000000 00:00 0                          [stack:27974]
7fdfffcfd000-7fdfffd00000 ---p 00000000 00:00 0 
7fdfffd00000-7fdfffdfe000 rw-p 00000000 00:00 0                          [stack:17642]
7fdfffdfe000-7fdfffe01000 ---p 00000000 00:00 0 
7fdfffe01000-7fdfffeff000 rw-p 00000000 00:00 0                          [stack:17641]
7fdfffeff000-7fdffff02000 ---p 00000000 00:00 0 
7fdffff02000-7fe000000000 rw-p 00000000 00:00 0                          [stack:17640]
7fe000000000-7fe000021000 rw-p 00000000 00:00 0 
7fe000021000-7fe004000000 ---p 00000000 00:00 0 
7fe004000000-7fe004021000 rw-p 00000000 00:00 0 
7fe004021000-7fe008000000 ---p 00000000 00:00 0 
7fe008000000-7fe008021000 rw-p 00000000 00:00 0 
7fe008021000-7fe00c000000 ---p 00000000 00:00 0 
7fe00c000000-7fe00c021000 rw-p 00000000 00:00 0 
7fe00c021000-7fe010000000 ---p 00000000 00:00 0 
7fe010000000-7fe010021000 rw-p 00000000 00:00 0 
7fe010021000-7fe014000000 ---p 00000000 00:00 0 
7fe014000000-7fe014021000 rw-p 00000000 00:00 0 
7fe014021000-7fe018000000 ---p 00000000 00:00 0 
7fe018000000-7fe018e15000 rw-p 00000000 00:00 0 
7fe018e15000-7fe01c000000 ---p 00000000 00:00 0 
7fe01c000000-7fe01d206000 rw-p 00000000 00:00 0 
7fe01d206000-7fe020000000 ---p 00000000 00:00 0 
7fe020000000-7fe020021000 rw-p 00000000 00:00 0 
7fe020021000-7fe024000000 ---p 00000000 00:00 0 
7fe024000000-7fe024021000 rw-p 00000000 00:00 0 
7fe024021000-7fe028000000 ---p 00000000 00:00 0 
7fe028000000-7fe028039000 rw-p 00000000 00:00 0 
7fe028039000-7fe02c000000 ---p 00000000 00:00 0 
7fe02c000000-7fe02c021000 rw-p 00000000 00:00 0 
7fe02c021000-7fe030000000 ---p 00000000 00:00 0 
7fe030000000-7fe030021000 rw-p 00000000 00:00 0 
7fe030021000-7fe034000000 ---p 00000000 00:00 0 
7fe0340a0000-7fe0340a3000 ---p 00000000 00:00 0 
7fe0340a3000-7fe0341a1000 rw-p 00000000 00:00 0                          [stack:17639]
7fe0341a1000-7fe0341a4000 ---p 00000000 00:00 0 
7fe0341a4000-7fe0342a2000 rw-p 00000000 00:00 0                          [stack:17638]
7fe0342a2000-7fe0342a5000 ---p 00000000 00:00 0 
7fe0342a5000-7fe0343a3000 rw-p 00000000 00:00 0                          [stack:17637]
7fe0343a3000-7fe0343a6000 ---p 00000000 00:00 0 
7fe0343a6000-7fe0344a4000 rw-p 00000000 00:00 0                          [stack:17635]
7fe0344a4000-7fe0344ac000 r-xp 00000000 08:06 133027                     /usr/lib/jvm/java-7-openjdk-amd64/jre/lib/amd64/libmanagement.so
7fe0344ac000-7fe0346ab000 ---p 00008000 08:06 133027                     /usr/lib/jvm/java-7-openjdk-amd64/jre/lib/amd64/libmanagement.so
7fe0346ab000-7fe0346ac000 r--p 00007000 08:06 133027                     /usr/lib/jvm/java-7-openjdk-amd64/jre/lib/amd64/libmanagement.so
7fe0346ac000-7fe0346ad000 rw-p 00008000 08:06 133027                     /usr/lib/jvm/java-7-openjdk-amd64/jre/lib/amd64/libmanagement.so
7fe0346ad000-7fe0346bd000 r-xp 00000000 08:06 133019                     /usr/lib/jvm/java-7-openjdk-amd64/jre/lib/amd64/libnio.so
7fe0346bd000-7fe0348bd000 ---p 00010000 08:06 133019                     /usr/lib/jvm/java-7-openjdk-amd64/jre/lib/amd64/libnio.so
7fe0348bd000-7fe0348be000 r--p 00010000 08:06 133019                     /usr/lib/jvm/java-7-openjdk-amd64/jre/lib/amd64/libnio.so
7fe0348be000-7fe0348bf000 rw-p 00011000 08:06 133019                     /usr/lib/jvm/java-7-openjdk-amd64/jre/lib/amd64/libnio.so
7fe0348bf000-7fe0348fc000 r-xp 00000000 08:06 2359864                    /lib/x86_64-linux-gnu/libpcre.so.3.13.1
7fe0348fc000-7fe034afb000 ---p 0003d000 08:06 2359864                    /lib/x86_64-linux-gnu/libpcre.so.3.13.1
7fe034afb000-7fe034afc000 r--p 0003c000 08:06 2359864                    /lib/x86_64-linux-gnu/libpcre.so.3.13.1
7fe034afc000-7fe034afd000 rw-p 0003d000 08:06 2359864                    /lib/x86_64-linux-gnu/libpcre.so.3.13.1
7fe034afd000-7fe034b04000 r-xp 00000000 08:06 2890503                    /usr/lib/x86_64-linux-gnu/libffi.so.6.0.1
7fe034b04000-7fe034d03000 ---p 00007000 08:06 2890503                    /usr/lib/x86_64-linux-gnu/libffi.so.6.0.1
7fe034d03000-7fe034d04000 r--p 00006000 08:06 2890503                    /usr/lib/x86_64-linux-gnu/libffi.so.6.0.1
7fe034d04000-7fe034d05000 rw-p 00007000 08:06 2890503                    /usr/lib/x86_64-linux-gnu/libffi.so.6.0.1
7fe034d05000-7fe034d1c000 r-xp 00000000 08:06 2360105                    /lib/x86_64-linux-gnu/libresolv-2.19.so
7fe034d1c000-7fe034f1c000 ---p 00017000 08:06 2360105                    /lib/x86_64-linux-gnu/libresolv-2.19.so
7fe034f1c000-7fe034f1d000 r--p 00017000 08:06 2360105                    /lib/x86_64-linux-gnu/libresolv-2.19.so
7fe034f1d000-7fe034f1e000 rw-p 00018000 08:06 2360105                    /lib/x86_64-linux-gnu/libresolv-2.19.so
7fe034f1e000-7fe034f20000 rw-p 00000000 00:00 0 
7fe034f20000-7fe034f40000 r-xp 00000000 08:06 2359872                    /lib/x86_64-linux-gnu/libselinux.so.1
7fe034f40000-7fe03513f000 ---p 00020000 08:06 2359872                    /lib/x86_64-linux-gnu/libselinux.so.1
7fe03513f000-7fe035140000 r--p 0001f000 08:06 2359872                    /lib/x86_64-linux-gnu/libselinux.so.1
7fe035140000-7fe035141000 rw-p 00020000 08:06 2359872                    /lib/x86_64-linux-gnu/libselinux.so.1
7fe035141000-7fe035143000 rw-p 00000000 00:00 0 
7fe035143000-7fe035146000 r-xp 00000000 08:06 2883852                    /usr/lib/x86_64-linux-gnu/libgmodule-2.0.so.0.4200.2
7fe035146000-7fe035345000 ---p 00003000 08:06 2883852                    /usr/lib/x86_64-linux-gnu/libgmodule-2.0.so.0.4200.2
7fe035345000-7fe035346000 r--p 00002000 08:06 2883852                    /usr/lib/x86_64-linux-gnu/libgmodule-2.0.so.0.4200.2
7fe035346000-7fe035347000 rw-p 00003000 08:06 2883852                    /usr/lib/x86_64-linux-gnu/libgmodule-2.0.so.0.4200.2
7fe035347000-7fe035451000 r-xp 00000000 08:06 2359678                    /lib/x86_64-linux-gnu/libglib-2.0.so.0.4200.2
7fe035451000-7fe035650000 ---p 0010a000 08:06 2359678                    /lib/x86_64-linux-gnu/libglib-2.0.so.0.4200.2
7fe035650000-7fe035651000 r--p 00109000 08:06 2359678                    /lib/x86_64-linux-gnu/libglib-2.0.so.0.4200.2
7fe035651000-7fe035652000 rw-p 0010a000 08:06 2359678                    /lib/x86_64-linux-gnu/libglib-2.0.so.0.4200.2
7fe035652000-7fe035653000 rw-p 00000000 00:00 0 
7fe035653000-7fe0356a2000 r-xp 00000000 08:06 2883851                    /usr/lib/x86_64-linux-gnu/libgobject-2.0.so.0.4200.2
7fe0356a2000-7fe0358a2000 ---p 0004f000 08:06 2883851                    /usr/lib/x86_64-linux-gnu/libgobject-2.0.so.0.4200.2
7fe0358a2000-7fe0358a3000 r--p 0004f000 08:06 2883851                    /usr/lib/x86_64-linux-gnu/libgobject-2.0.so.0.4200.2
7fe0358a3000-7fe0358a4000 rw-p 00050000 08:06 2883851                    /usr/lib/x86_64-linux-gnu/libgobject-2.0.so.0.4200.2
7fe0358a4000-7fe035a10000 r-xp 00000000 08:06 2883844                    /usr/lib/x86_64-linux-gnu/libgio-2.0.so.0.4200.2
7fe035a10000-7fe035c10000 ---p 0016c000 08:06 2883844                    /usr/lib/x86_64-linux-gnu/libgio-2.0.so.0.4200.2
7fe035c10000-7fe035c14000 r--p 0016c000 08:06 2883844                    /usr/lib/x86_64-linux-gnu/libgio-2.0.so.0.4200.2
7fe035c14000-7fe035c16000 rw-p 00170000 08:06 2883844                    /usr/lib/x86_64-linux-gnu/libgio-2.0.so.0.4200.2
7fe035c16000-7fe035c18000 rw-p 00000000 00:00 0 
7fe035c18000-7fe035c2f000 r-xp 00000000 08:06 133023                     /usr/lib/jvm/java-7-openjdk-amd64/jre/lib/amd64/libnet.so
7fe035c2f000-7fe035e2e000 ---p 00017000 08:06 133023                     /usr/lib/jvm/java-7-openjdk-amd64/jre/lib/amd64/libnet.so
7fe035e2e000-7fe035e2f000 r--p 00016000 08:06 133023                     /usr/lib/jvm/java-7-openjdk-amd64/jre/lib/amd64/libnet.so
7fe035e2f000-7fe035e30000 rw-p 00017000 08:06 133023                     /usr/lib/jvm/java-7-openjdk-amd64/jre/lib/amd64/libnet.so
7fe035e30000-7fe038000000 rw-p 00000000 00:00 0 
7fe038000000-7fe038021000 rw-p 00000000 00:00 0 
7fe038021000-7fe03c000000 ---p 00000000 00:00 0 
7fe03c000000-7fe03c021000 rw-p 00000000 00:00 0 
7fe03c021000-7fe040000000 ---p 00000000 00:00 0 
7fe040000000-7fe040021000 rw-p 00000000 00:00 0 
7fe040021000-7fe044000000 ---p 00000000 00:00 0 
7fe0440b5000-7fe0440b8000 ---p 00000000 00:00 0 
7fe0440b8000-7fe0441b6000 rw-p 00000000 00:00 0                          [stack:17598]
7fe0441b6000-7fe0442b9000 r--s 00c1e000 08:06 2251339                    /home/metskem/workspace/dropwizardtest/target/original-dropwizardtest-1.0-SNAPSHOT.jar
7fe0442b9000-7fe0442ba000 ---p 00000000 00:00 0 
7fe0442ba000-7fe0443ba000 rw-p 00000000 00:00 0                          [stack:17318]
7fe0443ba000-7fe0443bd000 ---p 00000000 00:00 0 
7fe0443bd000-7fe0444bb000 rw-p 00000000 00:00 0                          [stack:17317]
7fe0444bb000-7fe0444be000 ---p 00000000 00:00 0 
7fe0444be000-7fe0445bc000 rw-p 00000000 00:00 0                          [stack:17316]
7fe0445bc000-7fe0445bf000 ---p 00000000 00:00 0 
7fe0445bf000-7fe0446bd000 rw-p 00000000 00:00 0                          [stack:17315]
7fe0446bd000-7fe0446c0000 ---p 00000000 00:00 0 
7fe0446c0000-7fe0447be000 rw-p 00000000 00:00 0                          [stack:17314]
7fe0447be000-7fe044cfd000 r--p 00000000 08:06 2777167                    /usr/lib/locale/locale-archive
7fe044cfd000-7fe044d00000 ---p 00000000 00:00 0 
7fe044d00000-7fe044dfe000 rw-p 00000000 00:00 0                          [stack:17313]
7fe044dfe000-7fe044e01000 ---p 00000000 00:00 0 
7fe044e01000-7fe044eff000 rw-p 00000000 00:00 0                          [stack:17312]
7fe044eff000-7fe044f00000 ---p 00000000 00:00 0 
7fe044f00000-7fe045000000 rw-p 00000000 00:00 0                          [stack:17311]
7fe045000000-7fe045480000 rwxp 00000000 00:00 0 
7fe045480000-7fe04881e000 rw-p 00000000 00:00 0 
7fe04881e000-7fe04c000000 ---p 00000000 00:00 0 
7fe04c01b000-7fe04c024000 r--s 000b9000 08:06 3160838                    /usr/lib/jvm/java-7-openjdk-amd64/jre/lib/resources.jar
7fe04c024000-7fe04cf7c000 rw-p 00000000 00:00 0 
7fe04cf7c000-7fe04d12e000 r--s 01d23000 08:06 3160836                    /usr/lib/jvm/java-7-openjdk-amd64/jre/lib/rt.jar
7fe04d12e000-7fe04d41c000 rw-p 00000000 00:00 0 
7fe04d41c000-7fe04d41d000 ---p 00000000 00:00 0 
7fe04d41d000-7fe04d51d000 rw-p 00000000 00:00 0                          [stack:17298]
7fe04d51d000-7fe04d51e000 ---p 00000000 00:00 0 
7fe04d51e000-7fe04d61e000 rw-p 00000000 00:00 0                          [stack:17297]
7fe04d61e000-7fe04d61f000 ---p 00000000 00:00 0 
7fe04d61f000-7fe04d71f000 rw-p 00000000 00:00 0                          [stack:17296]
7fe04d71f000-7fe04d720000 ---p 00000000 00:00 0 
7fe04d720000-7fe04d82e000 rw-p 00000000 00:00 0                          [stack:17295]
7fe04d82e000-7fe04d873000 rw-p 00000000 00:00 0 
7fe04d873000-7fe04d886000 rw-p 00000000 00:00 0 
7fe04d886000-7fe04d9a5000 rw-p 00000000 00:00 0 
7fe04d9a5000-7fe04d9b3000 rw-p 00000000 00:00 0 
7fe04d9b3000-7fe04d9f8000 rw-p 00000000 00:00 0 
7fe04d9f8000-7fe04da0b000 rw-p 00000000 00:00 0 
7fe04da0b000-7fe04db29000 rw-p 00000000 00:00 0 
7fe04db29000-7fe04db3a000 rw-p 00000000 00:00 0 
7fe04db3a000-7fe04db71000 ---p 00000000 00:00 0 
7fe04db71000-7fe04dbc2000 rw-p 00000000 00:00 0 
7fe04dbc2000-7fe04dbc3000 rw-p 00000000 00:00 0 
7fe04dbc3000-7fe04dbcb000 r-xp 00000000 08:06 133044                     /usr/lib/jvm/java-7-openjdk-amd64/jre/lib/amd64/libzip.so
7fe04dbcb000-7fe04ddca000 ---p 00008000 08:06 133044                     /usr/lib/jvm/java-7-openjdk-amd64/jre/lib/amd64/libzip.so
7fe04ddca000-7fe04ddcb000 r--p 00007000 08:06 133044                     /usr/lib/jvm/java-7-openjdk-amd64/jre/lib/amd64/libzip.so
7fe04ddcb000-7fe04ddcc000 rw-p 00008000 08:06 133044                     /usr/lib/jvm/java-7-openjdk-amd64/jre/lib/amd64/libzip.so
7fe04ddcc000-7fe04ddd7000 r-xp 00000000 08:06 2360107                    /lib/x86_64-linux-gnu/libnss_files-2.19.so
7fe04ddd7000-7fe04dfd6000 ---p 0000b000 08:06 2360107                    /lib/x86_64-linux-gnu/libnss_files-2.19.so
7fe04dfd6000-7fe04dfd7000 r--p 0000a000 08:06 2360107                    /lib/x86_64-linux-gnu/libnss_files-2.19.so
7fe04dfd7000-7fe04dfd8000 rw-p 0000b000 08:06 2360107                    /lib/x86_64-linux-gnu/libnss_files-2.19.so
7fe04dfd8000-7fe04dfe3000 r-xp 00000000 08:06 2360135                    /lib/x86_64-linux-gnu/libnss_nis-2.19.so
7fe04dfe3000-7fe04e1e2000 ---p 0000b000 08:06 2360135                    /lib/x86_64-linux-gnu/libnss_nis-2.19.so
7fe04e1e2000-7fe04e1e3000 r--p 0000a000 08:06 2360135                    /lib/x86_64-linux-gnu/libnss_nis-2.19.so
7fe04e1e3000-7fe04e1e4000 rw-p 0000b000 08:06 2360135                    /lib/x86_64-linux-gnu/libnss_nis-2.19.so
7fe04e1e4000-7fe04e1fb000 r-xp 00000000 08:06 2360117                    /lib/x86_64-linux-gnu/libnsl-2.19.so
7fe04e1fb000-7fe04e3fa000 ---p 00017000 08:06 2360117                    /lib/x86_64-linux-gnu/libnsl-2.19.so
7fe04e3fa000-7fe04e3fb000 r--p 00016000 08:06 2360117                    /lib/x86_64-linux-gnu/libnsl-2.19.so
7fe04e3fb000-7fe04e3fc000 rw-p 00017000 08:06 2360117                    /lib/x86_64-linux-gnu/libnsl-2.19.so
7fe04e3fc000-7fe04e3fe000 rw-p 00000000 00:00 0 
7fe04e3fe000-7fe04e407000 r-xp 00000000 08:06 2360116                    /lib/x86_64-linux-gnu/libnss_compat-2.19.so
7fe04e407000-7fe04e606000 ---p 00009000 08:06 2360116                    /lib/x86_64-linux-gnu/libnss_compat-2.19.so
7fe04e606000-7fe04e607000 r--p 00008000 08:06 2360116                    /lib/x86_64-linux-gnu/libnss_compat-2.19.so
7fe04e607000-7fe04e608000 rw-p 00009000 08:06 2360116                    /lib/x86_64-linux-gnu/libnss_compat-2.19.so
7fe04e608000-7fe04e633000 r-xp 00000000 08:06 133031                     /usr/lib/jvm/java-7-openjdk-amd64/jre/lib/amd64/libjava.so
7fe04e633000-7fe04e833000 ---p 0002b000 08:06 133031                     /usr/lib/jvm/java-7-openjdk-amd64/jre/lib/amd64/libjava.so
7fe04e833000-7fe04e834000 r--p 0002b000 08:06 133031                     /usr/lib/jvm/java-7-openjdk-amd64/jre/lib/amd64/libjava.so
7fe04e834000-7fe04e836000 rw-p 0002c000 08:06 133031                     /usr/lib/jvm/java-7-openjdk-amd64/jre/lib/amd64/libjava.so
7fe04e836000-7fe04e846000 r-xp 00000000 08:06 133030                     /usr/lib/jvm/java-7-openjdk-amd64/jre/lib/amd64/libverify.so
7fe04e846000-7fe04ea45000 ---p 00010000 08:06 133030                     /usr/lib/jvm/java-7-openjdk-amd64/jre/lib/amd64/libverify.so
7fe04ea45000-7fe04ea47000 r--p 0000f000 08:06 133030                     /usr/lib/jvm/java-7-openjdk-amd64/jre/lib/amd64/libverify.so
7fe04ea47000-7fe04ea48000 rw-p 00011000 08:06 133030                     /usr/lib/jvm/java-7-openjdk-amd64/jre/lib/amd64/libverify.so
7fe04ea48000-7fe04ea4f000 r-xp 00000000 08:06 2360132                    /lib/x86_64-linux-gnu/librt-2.19.so
7fe04ea4f000-7fe04ec4e000 ---p 00007000 08:06 2360132                    /lib/x86_64-linux-gnu/librt-2.19.so
7fe04ec4e000-7fe04ec4f000 r--p 00006000 08:06 2360132                    /lib/x86_64-linux-gnu/librt-2.19.so
7fe04ec4f000-7fe04ec50000 rw-p 00007000 08:06 2360132                    /lib/x86_64-linux-gnu/librt-2.19.so
7fe04ec50000-7fe04ec66000 r-xp 00000000 08:06 2359687                    /lib/x86_64-linux-gnu/libgcc_s.so.1
7fe04ec66000-7fe04ee65000 ---p 00016000 08:06 2359687                    /lib/x86_64-linux-gnu/libgcc_s.so.1
7fe04ee65000-7fe04ee66000 rw-p 00015000 08:06 2359687                    /lib/x86_64-linux-gnu/libgcc_s.so.1
7fe04ee66000-7fe04ef6b000 r-xp 00000000 08:06 2360106                    /lib/x86_64-linux-gnu/libm-2.19.so
7fe04ef6b000-7fe04f16a000 ---p 00105000 08:06 2360106                    /lib/x86_64-linux-gnu/libm-2.19.so
7fe04f16a000-7fe04f16b000 r--p 00104000 08:06 2360106                    /lib/x86_64-linux-gnu/libm-2.19.so
7fe04f16b000-7fe04f16c000 rw-p 00105000 08:06 2360106                    /lib/x86_64-linux-gnu/libm-2.19.so
7fe04f16c000-7fe04f252000 r-xp 00000000 08:06 2891503                    /usr/lib/x86_64-linux-gnu/libstdc++.so.6.0.19
7fe04f252000-7fe04f451000 ---p 000e6000 08:06 2891503                    /usr/lib/x86_64-linux-gnu/libstdc++.so.6.0.19
7fe04f451000-7fe04f459000 r--p 000e5000 08:06 2891503                    /usr/lib/x86_64-linux-gnu/libstdc++.so.6.0.19
7fe04f459000-7fe04f45b000 rw-p 000ed000 08:06 2891503                    /usr/lib/x86_64-linux-gnu/libstdc++.so.6.0.19
7fe04f45b000-7fe04f470000 rw-p 00000000 00:00 0 
7fe04f470000-7fe04ff88000 r-xp 00000000 08:06 527010                     /usr/lib/jvm/java-7-openjdk-amd64/jre/lib/amd64/server/libjvm.so
7fe04ff88000-7fe050188000 ---p 00b18000 08:06 527010                     /usr/lib/jvm/java-7-openjdk-amd64/jre/lib/amd64/server/libjvm.so
7fe050188000-7fe050222000 r--p 00b18000 08:06 527010                     /usr/lib/jvm/java-7-openjdk-amd64/jre/lib/amd64/server/libjvm.so
7fe050222000-7fe050245000 rw-p 00bb2000 08:06 527010                     /usr/lib/jvm/java-7-openjdk-amd64/jre/lib/amd64/server/libjvm.so
7fe050245000-7fe050273000 rw-p 00000000 00:00 0 
7fe050273000-7fe05028b000 r-xp 00000000 08:06 2359685                    /lib/x86_64-linux-gnu/libz.so.1.2.8
7fe05028b000-7fe05048a000 ---p 00018000 08:06 2359685                    /lib/x86_64-linux-gnu/libz.so.1.2.8
7fe05048a000-7fe05048b000 r--p 00017000 08:06 2359685                    /lib/x86_64-linux-gnu/libz.so.1.2.8
7fe05048b000-7fe05048c000 rw-p 00018000 08:06 2359685                    /lib/x86_64-linux-gnu/libz.so.1.2.8
7fe05048c000-7fe0504a5000 r-xp 00000000 08:06 2360130                    /lib/x86_64-linux-gnu/libpthread-2.19.so
7fe0504a5000-7fe0506a4000 ---p 00019000 08:06 2360130                    /lib/x86_64-linux-gnu/libpthread-2.19.so
7fe0506a4000-7fe0506a5000 r--p 00018000 08:06 2360130                    /lib/x86_64-linux-gnu/libpthread-2.19.so
7fe0506a5000-7fe0506a6000 rw-p 00019000 08:06 2360130                    /lib/x86_64-linux-gnu/libpthread-2.19.so
7fe0506a6000-7fe0506aa000 rw-p 00000000 00:00 0 
7fe0506aa000-7fe0506ad000 r-xp 00000000 08:06 2360110                    /lib/x86_64-linux-gnu/libdl-2.19.so
7fe0506ad000-7fe0508ac000 ---p 00003000 08:06 2360110                    /lib/x86_64-linux-gnu/libdl-2.19.so
7fe0508ac000-7fe0508ad000 r--p 00002000 08:06 2360110                    /lib/x86_64-linux-gnu/libdl-2.19.so
7fe0508ad000-7fe0508ae000 rw-p 00003000 08:06 2360110                    /lib/x86_64-linux-gnu/libdl-2.19.so
7fe0508ae000-7fe050a69000 r-xp 00000000 08:06 2360126                    /lib/x86_64-linux-gnu/libc-2.19.so
7fe050a69000-7fe050c68000 ---p 001bb000 08:06 2360126                    /lib/x86_64-linux-gnu/libc-2.19.so
7fe050c68000-7fe050c6c000 r--p 001ba000 08:06 2360126                    /lib/x86_64-linux-gnu/libc-2.19.so
7fe050c6c000-7fe050c6e000 rw-p 001be000 08:06 2360126                    /lib/x86_64-linux-gnu/libc-2.19.so
7fe050c6e000-7fe050c73000 rw-p 00000000 00:00 0 
7fe050c73000-7fe050c80000 r-xp 00000000 08:06 527002                     /usr/lib/jvm/java-7-openjdk-amd64/jre/lib/amd64/jli/libjli.so
7fe050c80000-7fe050e7f000 ---p 0000d000 08:06 527002                     /usr/lib/jvm/java-7-openjdk-amd64/jre/lib/amd64/jli/libjli.so
7fe050e7f000-7fe050e80000 r--p 0000c000 08:06 527002                     /usr/lib/jvm/java-7-openjdk-amd64/jre/lib/amd64/jli/libjli.so
7fe050e80000-7fe050e81000 rw-p 0000d000 08:06 527002                     /usr/lib/jvm/java-7-openjdk-amd64/jre/lib/amd64/jli/libjli.so
7fe050e81000-7fe050ea4000 r-xp 00000000 08:06 2360122                    /lib/x86_64-linux-gnu/ld-2.19.so
7fe050ea7000-7fe050ea8000 rw-p 00000000 00:00 0 
7fe050ea8000-7fe050eac000 r--s 00034000 08:06 3292189                    /usr/lib/jvm/java-7-openjdk-amd64/jre/lib/ext/sunjce_provider.jar
7fe050eac000-7fe050ed4000 rw-p 00000000 00:00 0 
7fe050ed4000-7fe050f82000 rw-p 00000000 00:00 0 
7fe050f82000-7fe050f85000 ---p 00000000 00:00 0 
7fe050f85000-7fe051088000 rw-p 00000000 00:00 0                          [stack:17294]
7fe051088000-7fe051089000 r--s 00002000 08:06 3292191                    /usr/lib/jvm/java-7-openjdk-amd64/jre/lib/ext/dnsns.jar
7fe051089000-7fe05108b000 r--s 00006000 08:06 3285828                    /usr/share/java/java-atk-wrapper.jar
7fe05108b000-7fe05108d000 r--s 00012000 08:06 3292190                    /usr/lib/jvm/java-7-openjdk-amd64/jre/lib/ext/zipfs.jar
7fe05108d000-7fe051091000 r--s 0003c000 08:06 3292188                    /usr/lib/jvm/java-7-openjdk-amd64/jre/lib/ext/sunpkcs11.jar
7fe051091000-7fe051094000 r--s 00086000 08:06 3292192                    /usr/lib/jvm/java-7-openjdk-amd64/jre/lib/ext/localedata.jar
7fe051094000-7fe051097000 r--s 0000f000 08:06 3292186                    /usr/lib/jvm/java-7-openjdk-amd64/jre/lib/ext/icedtea-sound.jar
7fe051097000-7fe05109f000 rw-s 00000000 08:06 1835088                    /tmp/hsperfdata_metskem/17289
7fe05109f000-7fe0510a0000 rw-p 00000000 00:00 0 
7fe0510a0000-7fe0510a1000 r--p 00000000 00:00 0 
7fe0510a1000-7fe0510a3000 rw-p 00000000 00:00 0 
7fe0510a3000-7fe0510a4000 r--p 00022000 08:06 2360122                    /lib/x86_64-linux-gnu/ld-2.19.so
7fe0510a4000-7fe0510a5000 rw-p 00023000 08:06 2360122                    /lib/x86_64-linux-gnu/ld-2.19.so
7fe0510a5000-7fe0510a6000 rw-p 00000000 00:00 0 
7fff3371d000-7fff3373f000 rw-p 00000000 00:00 0                          [stack]
7fff337fe000-7fff33800000 r-xp 00000000 00:00 0                          [vdso]
ffffffffff600000-ffffffffff601000 r-xp 00000000 00:00 0                  [vsyscall]

VM Arguments:
java_command: dropwizardtest-1.0-SNAPSHOT.jar server ../src/main/resources/hello-world.yaml
Launcher Type: SUN_STANDARD

Environment Variables:
PATH=/home/metskem/bin:/home/metskem/bin:/bin:/usr/local/go/bin:/usr/local/etcd:/home/metskem/androidstuff/adt-bundle-linux-x86_64-20140702/sdk/tools:/home/metskem/androidstuff/adt-bundle-linux-x86_64-20140702/sdk/platform-tools:/usr/local/apache-maven-3.0.5/bin:/usr/local/node-v0.10.31-linux-x86/bin:/usr/local/sbin:/usr/local/bin:/usr/sbin:/usr/bin:/sbin:/bin:/usr/games:/usr/local/games
SHELL=/bin/bash
DISPLAY=:0

Signal Handlers:
SIGSEGV: [libjvm.so+0x94b4b0], sa_mask[0]=0x7ffbfeff, sa_flags=0x10000004
SIGBUS: [libjvm.so+0x94b4b0], sa_mask[0]=0x7ffbfeff, sa_flags=0x10000004
SIGFPE: [libjvm.so+0x7c3390], sa_mask[0]=0x7ffbfeff, sa_flags=0x10000004
SIGPIPE: [libjvm.so+0x7c3390], sa_mask[0]=0x7ffbfeff, sa_flags=0x10000004
SIGXFSZ: [libjvm.so+0x7c3390], sa_mask[0]=0x7ffbfeff, sa_flags=0x10000004
SIGILL: [libjvm.so+0x7c3390], sa_mask[0]=0x7ffbfeff, sa_flags=0x10000004
SIGUSR1: SIG_DFL, sa_mask[0]=0x00000000, sa_flags=0x00000000
SIGUSR2: [libjvm.so+0x7c3230], sa_mask[0]=0x00000000, sa_flags=0x10000004
SIGHUP: [libjvm.so+0x7c3410], sa_mask[0]=0x7ffbfeff, sa_flags=0x10000004
SIGINT: [libjvm.so+0x7c3410], sa_mask[0]=0x7ffbfeff, sa_flags=0x10000004
SIGTERM: [libjvm.so+0x7c3410], sa_mask[0]=0x7ffbfeff, sa_flags=0x10000004
SIGQUIT: [libjvm.so+0x7c3410], sa_mask[0]=0x7ffbfeff, sa_flags=0x10000004
SIGTRAP: SIG_DFL, sa_mask[0]=0x00000000, sa_flags=0x00000000


---------------  S Y S T E M  ---------------

OS:"elementary OS" 0.3 (freya)
uname:Linux 3.13.0-40-generic #69-Ubuntu SMP Thu Nov 13 17:53:56 UTC 2014 x86_64
libc:glibc 2.19 NPTL 2.19 
rlimit: STACK 8192k, CORE 0k, NPROC 29019, NOFILE 4096, AS infinity
load average:1,89 1,38 1,48

/proc/meminfo:
MemTotal:        3744408 kB
MemFree:          389956 kB
Buffers:           53664 kB
Cached:          1302064 kB
SwapCached:       188464 kB
Active:          1822808 kB
Inactive:        1306668 kB
Active(anon):    1299192 kB
Inactive(anon):   796252 kB
Active(file):     523616 kB
Inactive(file):   510416 kB
Unevictable:          32 kB
Mlocked:              32 kB
SwapTotal:       4095996 kB
SwapFree:        3186084 kB
Dirty:              2264 kB
Writeback:             0 kB
AnonPages:       1690152 kB
Mapped:           250100 kB
Shmem:            321696 kB
Slab:             104992 kB
SReclaimable:      61900 kB
SUnreclaim:        43092 kB
KernelStack:        6504 kB
PageTables:        43500 kB
NFS_Unstable:          0 kB
Bounce:                0 kB
WritebackTmp:          0 kB
CommitLimit:     5968200 kB
Committed_AS:    7269496 kB
VmallocTotal:   34359738367 kB
VmallocUsed:      350380 kB
VmallocChunk:   34359370620 kB
HardwareCorrupted:     0 kB
AnonHugePages:    493568 kB
HugePages_Total:       0
HugePages_Free:        0
HugePages_Rsvd:        0
HugePages_Surp:        0
Hugepagesize:       2048 kB
DirectMap4k:      137140 kB
DirectMap2M:     3751936 kB


CPU:total 4 (2 cores per cpu, 2 threads per core) family 6 model 58 stepping 9, cmov, cx8, fxsr, mmx, sse, sse2, sse3, ssse3, sse4.1, sse4.2, popcnt, avx, aes, erms, ht, tsc, tscinvbit, tscinv

/proc/cpuinfo:
processor	: 0
vendor_id	: GenuineIntel
cpu family	: 6
model		: 58
model name	: Intel(R) Core(TM) i5-3317U CPU @ 1.70GHz
stepping	: 9
microcode	: 0x12
cpu MHz		: 1700.000
cache size	: 3072 KB
physical id	: 0
siblings	: 4
core id		: 0
cpu cores	: 2
apicid		: 0
initial apicid	: 0
fpu		: yes
fpu_exception	: yes
cpuid level	: 13
wp		: yes
flags		: fpu vme de pse tsc msr pae mce cx8 apic sep mtrr pge mca cmov pat pse36 clflush dts acpi mmx fxsr sse sse2 ss ht tm pbe syscall nx rdtscp lm constant_tsc arch_perfmon pebs bts rep_good nopl xtopology nonstop_tsc aperfmperf eagerfpu pni pclmulqdq dtes64 monitor ds_cpl vmx est tm2 ssse3 cx16 xtpr pdcm pcid sse4_1 sse4_2 x2apic popcnt tsc_deadline_timer aes xsave avx f16c rdrand lahf_lm ida arat epb xsaveopt pln pts dtherm tpr_shadow vnmi flexpriority ept vpid fsgsbase smep erms
bogomips	: 3392.25
clflush size	: 64
cache_alignment	: 64
address sizes	: 36 bits physical, 48 bits virtual
power management:

processor	: 1
vendor_id	: GenuineIntel
cpu family	: 6
model		: 58
model name	: Intel(R) Core(TM) i5-3317U CPU @ 1.70GHz
stepping	: 9
microcode	: 0x12
cpu MHz		: 1701.000
cache size	: 3072 KB
physical id	: 0
siblings	: 4
core id		: 0
cpu cores	: 2
apicid		: 1
initial apicid	: 1
fpu		: yes
fpu_exception	: yes
cpuid level	: 13
wp		: yes
flags		: fpu vme de pse tsc msr pae mce cx8 apic sep mtrr pge mca cmov pat pse36 clflush dts acpi mmx fxsr sse sse2 ss ht tm pbe syscall nx rdtscp lm constant_tsc arch_perfmon pebs bts rep_good nopl xtopology nonstop_tsc aperfmperf eagerfpu pni pclmulqdq dtes64 monitor ds_cpl vmx est tm2 ssse3 cx16 xtpr pdcm pcid sse4_1 sse4_2 x2apic popcnt tsc_deadline_timer aes xsave avx f16c rdrand lahf_lm ida arat epb xsaveopt pln pts dtherm tpr_shadow vnmi flexpriority ept vpid fsgsbase smep erms
bogomips	: 3392.25
clflush size	: 64
cache_alignment	: 64
address sizes	: 36 bits physical, 48 bits virtual
power management:

processor	: 2
vendor_id	: GenuineIntel
cpu family	: 6
model		: 58
model name	: Intel(R) Core(TM) i5-3317U CPU @ 1.70GHz
stepping	: 9
microcode	: 0x12
cpu MHz		: 1300.000
cache size	: 3072 KB
physical id	: 0
siblings	: 4
core id		: 1
cpu cores	: 2
apicid		: 2
initial apicid	: 2
fpu		: yes
fpu_exception	: yes
cpuid level	: 13
wp		: yes
flags		: fpu vme de pse tsc msr pae mce cx8 apic sep mtrr pge mca cmov pat pse36 clflush dts acpi mmx fxsr sse sse2 ss ht tm pbe syscall nx rdtscp lm constant_tsc arch_perfmon pebs bts rep_good nopl xtopology nonstop_tsc aperfmperf eagerfpu pni pclmulqdq dtes64 monitor ds_cpl vmx est tm2 ssse3 cx16 xtpr pdcm pcid sse4_1 sse4_2 x2apic popcnt tsc_deadline_timer aes xsave avx f16c rdrand lahf_lm ida arat epb xsaveopt pln pts dtherm tpr_shadow vnmi flexpriority ept vpid fsgsbase smep erms
bogomips	: 3392.25
clflush size	: 64
cache_alignment	: 64
address sizes	: 36 bits physical, 48 bits virtual
power management:

processor	: 3
vendor_id	: GenuineIntel
cpu family	: 6
model		: 58
model name	: Intel(R) Core(TM) i5-3317U CPU @ 1.70GHz
stepping	: 9
microcode	: 0x12
cpu MHz		: 1701.000
cache size	: 3072 KB
physical id	: 0
siblings	: 4
core id		: 1
cpu cores	: 2
apicid		: 3
initial apicid	: 3
fpu		: yes
fpu_exception	: yes
cpuid level	: 13
wp		: yes
flags		: fpu vme de pse tsc msr pae mce cx8 apic sep mtrr pge mca cmov pat pse36 clflush dts acpi mmx fxsr sse sse2 ss ht tm pbe syscall nx rdtscp lm constant_tsc arch_perfmon pebs bts rep_good nopl xtopology nonstop_tsc aperfmperf eagerfpu pni pclmulqdq dtes64 monitor ds_cpl vmx est tm2 ssse3 cx16 xtpr pdcm pcid sse4_1 sse4_2 x2apic popcnt tsc_deadline_timer aes xsave avx f16c rdrand lahf_lm ida arat epb xsaveopt pln pts dtherm tpr_shadow vnmi flexpriority ept vpid fsgsbase smep erms
bogomips	: 3392.25
clflush size	: 64
cache_alignment	: 64
address sizes	: 36 bits physical, 48 bits virtual
power management:



Memory: 4k page, physical 3744408k(389956k free), swap 4095996k(3186084k free)

vm_info: OpenJDK 64-Bit Server VM (24.75-b04) for linux-amd64 JRE (1.7.0_75-b13), built on Jan 27 2015 00:38:59 by "buildd" with gcc 4.8.2

time: Sat Mar 21 18:25:21 2015
elapsed time: 775 seconds

